[ 2017-07-18T10:06:57+08:00 ] ::1 /php/thnkphp/
INFO: [ app_init ] --START--
INFO: Run Behavior\BuildLiteBehavior [ RunTime:0.000040s ]
INFO: [ app_init ] --END-- [ RunTime:0.000883s ]
INFO: [ app_begin ] --START--
INFO: Run Behavior\ReadHtmlCacheBehavior [ RunTime:0.001840s ]
INFO: [ app_begin ] --END-- [ RunTime:0.002029s ]
SQL: SHOW COLUMNS FROM `news_type` [ RunTime:0.0023s ]
SQL: SELECT * FROM `news_type` ORDER BY sno asc  [ RunTime:0.0004s ]
SQL: SHOW COLUMNS FROM `cp_type` [ RunTime:0.0021s ]
SQL: SELECT * FROM `cp_type`  [ RunTime:0.0003s ]
SQL: SHOW COLUMNS FROM `config` [ RunTime:0.0023s ]
SQL: SELECT * FROM `config` WHERE `id` = 1 LIMIT 1   [ RunTime:0.0004s ]
SQL: SELECT a.newsid,a.title,a.sj FROM `news_type` INNER JOIN news a on a.type=news_type.typeid  WHERE ( news_type.name="公司新闻" ) LIMIT 6   [ RunTime:0.0005s ]
SQL: SHOW COLUMNS FROM `news` [ RunTime:0.0022s ]
SQL: SELECT * FROM `news` WHERE (  tj=1 )  [ RunTime:0.0167s ]
SQL: SELECT `title`,`con`,`newspic` FROM `news` ORDER BY count desc LIMIT 1   [ RunTime:0.0003s ]
SQL: SELECT * FROM `cp_type`  [ RunTime:0.0002s ]
SQL: SHOW COLUMNS FROM `cp` [ RunTime:0.0025s ]
SQL: SELECT * FROM `cp` WHERE `cp_type` = 1 LIMIT 6   [ RunTime:0.0005s ]
SQL: SELECT * FROM `cp` WHERE `cp_type` = 2 LIMIT 6   [ RunTime:0.0004s ]
SQL: SELECT * FROM `cp` WHERE `cp_type` = 3 LIMIT 6   [ RunTime:0.0004s ]
INFO: [ view_parse ] --START--
INFO: [ template_filter ] --START--
INFO: Run Behavior\ContentReplaceBehavior [ RunTime:0.000192s ]
INFO: [ template_filter ] --END-- [ RunTime:0.000316s ]
NOTIC: [8] Undefined variable: s D:\wamp\www\php\thnkphp\App\Runtime\Cache\Home\00e52909bed743ea261af4b6823297ff.php 第 104 行.
NOTIC: [8] Undefined variable: s D:\wamp\www\php\thnkphp\App\Runtime\Cache\Home\00e52909bed743ea261af4b6823297ff.php 第 104 行.
NOTIC: [8] Undefined variable: s D:\wamp\www\php\thnkphp\App\Runtime\Cache\Home\00e52909bed743ea261af4b6823297ff.php 第 104 行.
NOTIC: [8] Undefined index: content D:\wamp\www\php\thnkphp\App\Runtime\Cache\Home\00e52909bed743ea261af4b6823297ff.php 第 157 行.
NOTIC: [8] Undefined index: newsid D:\wamp\www\php\thnkphp\App\Runtime\Cache\Home\00e52909bed743ea261af4b6823297ff.php 第 157 行.
NOTIC: [8] Undefined index: content D:\wamp\www\php\thnkphp\App\Runtime\Cache\Home\00e52909bed743ea261af4b6823297ff.php 第 194 行.
INFO: Run Behavior\ParseTemplateBehavior [ RunTime:0.066096s ]
INFO: [ view_parse ] --END-- [ RunTime:0.066238s ]
INFO: [ view_filter ] --START--
INFO: Run Behavior\WriteHtmlCacheBehavior [ RunTime:0.000731s ]
INFO: [ view_filter ] --END-- [ RunTime:0.000831s ]
INFO: [ app_end ] --START--
INFO: Run Behavior\ShowPageTraceBehavior [ RunTime:0.000871s ]
INFO: [ app_end ] --END-- [ RunTime:0.000969s ]

[ 2017-07-18T10:07:23+08:00 ] ::1 /php/thnkphp/
INFO: [ app_init ] --START--
INFO: Run Behavior\BuildLiteBehavior [ RunTime:0.000025s ]
INFO: [ app_init ] --END-- [ RunTime:0.000430s ]
INFO: [ app_begin ] --START--
INFO: Run Behavior\ReadHtmlCacheBehavior [ RunTime:0.000700s ]
INFO: [ app_begin ] --END-- [ RunTime:0.000812s ]
SQL: SHOW COLUMNS FROM `news_type` [ RunTime:0.0021s ]
SQL: SELECT * FROM `news_type` ORDER BY sno asc  [ RunTime:0.0010s ]
SQL: SHOW COLUMNS FROM `cp_type` [ RunTime:0.0020s ]
SQL: SELECT * FROM `cp_type`  [ RunTime:0.0002s ]
SQL: SHOW COLUMNS FROM `config` [ RunTime:0.0017s ]
SQL: SELECT * FROM `config` WHERE `id` = 1 LIMIT 1   [ RunTime:0.0005s ]
SQL: SELECT a.newsid,a.title,a.sj FROM `news_type` INNER JOIN news a on a.type=news_type.typeid  WHERE ( news_type.name="公司新闻" ) LIMIT 6   [ RunTime:0.0005s ]
SQL: SHOW COLUMNS FROM `news` [ RunTime:0.0018s ]
SQL: SELECT * FROM `news` WHERE (  tj=1 )  [ RunTime:0.0004s ]
SQL: SELECT `title`,`con`,`newspic` FROM `news` ORDER BY count desc LIMIT 1   [ RunTime:0.0002s ]
SQL: SELECT * FROM `cp_type`  [ RunTime:0.0001s ]
SQL: SHOW COLUMNS FROM `cp` [ RunTime:0.0016s ]
SQL: SELECT * FROM `cp` WHERE `cp_type` = 1 LIMIT 6   [ RunTime:0.0002s ]
SQL: SELECT * FROM `cp` WHERE `cp_type` = 2 LIMIT 6   [ RunTime:0.0002s ]
SQL: SELECT * FROM `cp` WHERE `cp_type` = 3 LIMIT 6   [ RunTime:0.0002s ]
INFO: [ view_parse ] --START--
INFO: [ template_filter ] --START--
INFO: Run Behavior\ContentReplaceBehavior [ RunTime:0.000182s ]
INFO: [ template_filter ] --END-- [ RunTime:0.000302s ]
NOTIC: [8] Undefined variable: cp_type D:\wamp\www\php\thnkphp\App\Runtime\Cache\Home\00e52909bed743ea261af4b6823297ff.php 第 61 行.
NOTIC: [8] Undefined variable: s D:\wamp\www\php\thnkphp\App\Runtime\Cache\Home\00e52909bed743ea261af4b6823297ff.php 第 104 行.
NOTIC: [8] Undefined variable: s D:\wamp\www\php\thnkphp\App\Runtime\Cache\Home\00e52909bed743ea261af4b6823297ff.php 第 104 行.
NOTIC: [8] Undefined variable: s D:\wamp\www\php\thnkphp\App\Runtime\Cache\Home\00e52909bed743ea261af4b6823297ff.php 第 104 行.
NOTIC: [8] Undefined index: content D:\wamp\www\php\thnkphp\App\Runtime\Cache\Home\00e52909bed743ea261af4b6823297ff.php 第 157 行.
NOTIC: [8] Undefined index: newsid D:\wamp\www\php\thnkphp\App\Runtime\Cache\Home\00e52909bed743ea261af4b6823297ff.php 第 157 行.
NOTIC: [8] Undefined index: content D:\wamp\www\php\thnkphp\App\Runtime\Cache\Home\00e52909bed743ea261af4b6823297ff.php 第 194 行.
INFO: Run Behavior\ParseTemplateBehavior [ RunTime:0.041112s ]
INFO: [ view_parse ] --END-- [ RunTime:0.041267s ]
INFO: [ view_filter ] --START--
INFO: Run Behavior\WriteHtmlCacheBehavior [ RunTime:0.000595s ]
INFO: [ view_filter ] --END-- [ RunTime:0.000692s ]
INFO: [ app_end ] --START--
INFO: Run Behavior\ShowPageTraceBehavior [ RunTime:0.000714s ]
INFO: [ app_end ] --END-- [ RunTime:0.000815s ]

[ 2017-07-18T10:21:14+08:00 ] ::1 /php/thnkphp/
INFO: [ app_init ] --START--
INFO: Run Behavior\BuildLiteBehavior [ RunTime:0.000023s ]
INFO: [ app_init ] --END-- [ RunTime:0.000440s ]
INFO: [ app_begin ] --START--
INFO: Run Behavior\ReadHtmlCacheBehavior [ RunTime:0.000738s ]
INFO: [ app_begin ] --END-- [ RunTime:0.000854s ]
SQL: SHOW COLUMNS FROM `news_type` [ RunTime:0.0019s ]
SQL: SELECT * FROM `news_type` ORDER BY sno asc  [ RunTime:0.0025s ]
SQL: SHOW COLUMNS FROM `cp_type` [ RunTime:0.0017s ]
SQL: SELECT * FROM `cp_type`  [ RunTime:0.0003s ]
SQL: SHOW COLUMNS FROM `config` [ RunTime:0.0023s ]
SQL: SELECT * FROM `config` WHERE `id` = 1 LIMIT 1   [ RunTime:0.0006s ]
SQL: SELECT a.newsid,a.title,a.sj FROM `news_type` INNER JOIN news a on a.type=news_type.typeid  WHERE ( news_type.name="公司新闻" ) LIMIT 6   [ RunTime:0.0004s ]
SQL: SHOW COLUMNS FROM `news` [ RunTime:0.0016s ]
SQL: SELECT * FROM `news` WHERE (  tj=1 )  [ RunTime:0.0003s ]
SQL: SELECT `title`,`con`,`newspic` FROM `news` ORDER BY count desc LIMIT 1   [ RunTime:0.0002s ]
SQL: SELECT * FROM `cp_type`  [ RunTime:0.0001s ]
SQL: SHOW COLUMNS FROM `cp` [ RunTime:0.0025s ]
SQL: SELECT * FROM `cp` WHERE `cp_type` = 1 LIMIT 6   [ RunTime:0.0009s ]
SQL: SELECT * FROM `cp` WHERE `cp_type` = 2 LIMIT 6   [ RunTime:0.0005s ]
SQL: SELECT * FROM `cp` WHERE `cp_type` = 3 LIMIT 6   [ RunTime:0.0003s ]
INFO: [ view_parse ] --START--
INFO: [ template_filter ] --START--
INFO: Run Behavior\ContentReplaceBehavior [ RunTime:0.000179s ]
INFO: [ template_filter ] --END-- [ RunTime:0.000309s ]
NOTIC: [8] Undefined variable: cp_type D:\wamp\www\php\thnkphp\App\Runtime\Cache\Home\00e52909bed743ea261af4b6823297ff.php 第 60 行.
NOTIC: [8] Undefined variable: s D:\wamp\www\php\thnkphp\App\Runtime\Cache\Home\00e52909bed743ea261af4b6823297ff.php 第 103 行.
NOTIC: [8] Undefined variable: s D:\wamp\www\php\thnkphp\App\Runtime\Cache\Home\00e52909bed743ea261af4b6823297ff.php 第 103 行.
NOTIC: [8] Undefined variable: s D:\wamp\www\php\thnkphp\App\Runtime\Cache\Home\00e52909bed743ea261af4b6823297ff.php 第 103 行.
NOTIC: [8] Undefined index: content D:\wamp\www\php\thnkphp\App\Runtime\Cache\Home\00e52909bed743ea261af4b6823297ff.php 第 156 行.
NOTIC: [8] Undefined index: newsid D:\wamp\www\php\thnkphp\App\Runtime\Cache\Home\00e52909bed743ea261af4b6823297ff.php 第 156 行.
NOTIC: [8] Undefined index: content D:\wamp\www\php\thnkphp\App\Runtime\Cache\Home\00e52909bed743ea261af4b6823297ff.php 第 193 行.
INFO: Run Behavior\ParseTemplateBehavior [ RunTime:0.040257s ]
INFO: [ view_parse ] --END-- [ RunTime:0.040379s ]
INFO: [ view_filter ] --START--
INFO: Run Behavior\WriteHtmlCacheBehavior [ RunTime:0.000591s ]
INFO: [ view_filter ] --END-- [ RunTime:0.000683s ]
INFO: [ app_end ] --START--
INFO: Run Behavior\ShowPageTraceBehavior [ RunTime:0.000670s ]
INFO: [ app_end ] --END-- [ RunTime:0.000760s ]

[ 2017-07-18T10:21:16+08:00 ] ::1 /php/thnkphp/index.php/Home/Cp/product.java
INFO: [ app_init ] --START--
INFO: Run Behavior\BuildLiteBehavior [ RunTime:0.000033s ]
INFO: [ app_init ] --END-- [ RunTime:0.000688s ]
INFO: [ app_begin ] --START--
INFO: Run Behavior\ReadHtmlCacheBehavior [ RunTime:0.000881s ]
INFO: [ app_begin ] --END-- [ RunTime:0.001031s ]
SQL: SHOW COLUMNS FROM `news_type` [ RunTime:0.0017s ]
SQL: SELECT * FROM `news_type` ORDER BY sno asc  [ RunTime:0.0003s ]
SQL: SHOW COLUMNS FROM `cp_type` [ RunTime:0.0014s ]
SQL: SELECT * FROM `cp_type`  [ RunTime:0.0002s ]
SQL: SHOW COLUMNS FROM `config` [ RunTime:0.0016s ]
SQL: SELECT * FROM `config` WHERE `id` = 1 LIMIT 1   [ RunTime:0.0003s ]
INFO: [ view_parse ] --START--
INFO: [ template_filter ] --START--
INFO: Run Behavior\ContentReplaceBehavior [ RunTime:0.000139s ]
INFO: [ template_filter ] --END-- [ RunTime:0.000259s ]
NOTIC: [8] Undefined variable: cp_type D:\wamp\www\php\thnkphp\App\Runtime\Cache\Home\7ac5c5b4d2d541d3d5a83eb29c8dda78.php 第 51 行.
NOTIC: [8] Undefined variable: cp_type D:\wamp\www\php\thnkphp\App\Runtime\Cache\Home\7ac5c5b4d2d541d3d5a83eb29c8dda78.php 第 81 行.
NOTIC: [8] Undefined variable: name D:\wamp\www\php\thnkphp\App\Runtime\Cache\Home\7ac5c5b4d2d541d3d5a83eb29c8dda78.php 第 88 行.
NOTIC: [8] Undefined variable: name D:\wamp\www\php\thnkphp\App\Runtime\Cache\Home\7ac5c5b4d2d541d3d5a83eb29c8dda78.php 第 95 行.
NOTIC: [8] Undefined variable: list D:\wamp\www\php\thnkphp\App\Runtime\Cache\Home\7ac5c5b4d2d541d3d5a83eb29c8dda78.php 第 100 行.
NOTIC: [8] Undefined variable: page D:\wamp\www\php\thnkphp\App\Runtime\Cache\Home\7ac5c5b4d2d541d3d5a83eb29c8dda78.php 第 110 行.
INFO: Run Behavior\ParseTemplateBehavior [ RunTime:0.018130s ]
INFO: [ view_parse ] --END-- [ RunTime:0.018235s ]
INFO: [ view_filter ] --START--
INFO: Run Behavior\WriteHtmlCacheBehavior [ RunTime:0.000427s ]
INFO: [ view_filter ] --END-- [ RunTime:0.000529s ]
INFO: [ app_end ] --START--
INFO: Run Behavior\ShowPageTraceBehavior [ RunTime:0.000602s ]
INFO: [ app_end ] --END-- [ RunTime:0.000693s ]

[ 2017-07-18T10:21:52+08:00 ] ::1 /php/thnkphp/index.php/Home/Cp/product.java
INFO: [ app_init ] --START--
INFO: Run Behavior\BuildLiteBehavior [ RunTime:0.000024s ]
INFO: [ app_init ] --END-- [ RunTime:0.000389s ]
INFO: [ app_begin ] --START--
INFO: Run Behavior\ReadHtmlCacheBehavior [ RunTime:0.000704s ]
INFO: [ app_begin ] --END-- [ RunTime:0.000823s ]
SQL: SHOW COLUMNS FROM `news_type` [ RunTime:0.0018s ]
SQL: SELECT * FROM `news_type` ORDER BY sno asc  [ RunTime:0.0003s ]
SQL: SHOW COLUMNS FROM `cp_type` [ RunTime:0.0015s ]
SQL: SELECT * FROM `cp_type`  [ RunTime:0.0002s ]
SQL: SHOW COLUMNS FROM `config` [ RunTime:0.0022s ]
SQL: SELECT * FROM `config` WHERE `id` = 1 LIMIT 1   [ RunTime:0.0003s ]
INFO: [ view_parse ] --START--
INFO: [ template_filter ] --START--
INFO: Run Behavior\ContentReplaceBehavior [ RunTime:0.000142s ]
INFO: [ template_filter ] --END-- [ RunTime:0.000265s ]
NOTIC: [8] Undefined variable: cp_type D:\wamp\www\php\thnkphp\App\Runtime\Cache\Home\7ac5c5b4d2d541d3d5a83eb29c8dda78.php 第 51 行.
NOTIC: [8] Undefined variable: cp_type D:\wamp\www\php\thnkphp\App\Runtime\Cache\Home\7ac5c5b4d2d541d3d5a83eb29c8dda78.php 第 81 行.
NOTIC: [8] Undefined variable: name D:\wamp\www\php\thnkphp\App\Runtime\Cache\Home\7ac5c5b4d2d541d3d5a83eb29c8dda78.php 第 88 行.
NOTIC: [8] Undefined variable: name D:\wamp\www\php\thnkphp\App\Runtime\Cache\Home\7ac5c5b4d2d541d3d5a83eb29c8dda78.php 第 95 行.
NOTIC: [8] Undefined variable: list D:\wamp\www\php\thnkphp\App\Runtime\Cache\Home\7ac5c5b4d2d541d3d5a83eb29c8dda78.php 第 100 行.
NOTIC: [8] Undefined variable: page D:\wamp\www\php\thnkphp\App\Runtime\Cache\Home\7ac5c5b4d2d541d3d5a83eb29c8dda78.php 第 110 行.
INFO: Run Behavior\ParseTemplateBehavior [ RunTime:0.019545s ]
INFO: [ view_parse ] --END-- [ RunTime:0.019673s ]
INFO: [ view_filter ] --START--
INFO: Run Behavior\WriteHtmlCacheBehavior [ RunTime:0.000477s ]
INFO: [ view_filter ] --END-- [ RunTime:0.000578s ]
INFO: [ app_end ] --START--
INFO: Run Behavior\ShowPageTraceBehavior [ RunTime:0.000639s ]
INFO: [ app_end ] --END-- [ RunTime:0.000738s ]

[ 2017-07-18T10:21:53+08:00 ] ::1 /php/thnkphp/index.php/Home/Cp/product.java
INFO: [ app_init ] --START--
INFO: Run Behavior\BuildLiteBehavior [ RunTime:0.000054s ]
INFO: [ app_init ] --END-- [ RunTime:0.000924s ]
INFO: [ app_begin ] --START--
INFO: Run Behavior\ReadHtmlCacheBehavior [ RunTime:0.001491s ]
INFO: [ app_begin ] --END-- [ RunTime:0.001743s ]
SQL: SHOW COLUMNS FROM `news_type` [ RunTime:0.0016s ]
SQL: SELECT * FROM `news_type` ORDER BY sno asc  [ RunTime:0.0003s ]
SQL: SHOW COLUMNS FROM `cp_type` [ RunTime:0.0013s ]
SQL: SELECT * FROM `cp_type`  [ RunTime:0.0002s ]
SQL: SHOW COLUMNS FROM `config` [ RunTime:0.0015s ]
SQL: SELECT * FROM `config` WHERE `id` = 1 LIMIT 1   [ RunTime:0.0003s ]
INFO: [ view_parse ] --START--
INFO: [ template_filter ] --START--
INFO: Run Behavior\ContentReplaceBehavior [ RunTime:0.000149s ]
INFO: [ template_filter ] --END-- [ RunTime:0.000258s ]
NOTIC: [8] Undefined variable: cp_type D:\wamp\www\php\thnkphp\App\Runtime\Cache\Home\7ac5c5b4d2d541d3d5a83eb29c8dda78.php 第 51 行.
NOTIC: [8] Undefined variable: cp_type D:\wamp\www\php\thnkphp\App\Runtime\Cache\Home\7ac5c5b4d2d541d3d5a83eb29c8dda78.php 第 81 行.
NOTIC: [8] Undefined variable: name D:\wamp\www\php\thnkphp\App\Runtime\Cache\Home\7ac5c5b4d2d541d3d5a83eb29c8dda78.php 第 88 行.
NOTIC: [8] Undefined variable: name D:\wamp\www\php\thnkphp\App\Runtime\Cache\Home\7ac5c5b4d2d541d3d5a83eb29c8dda78.php 第 95 行.
NOTIC: [8] Undefined variable: list D:\wamp\www\php\thnkphp\App\Runtime\Cache\Home\7ac5c5b4d2d541d3d5a83eb29c8dda78.php 第 100 行.
NOTIC: [8] Undefined variable: page D:\wamp\www\php\thnkphp\App\Runtime\Cache\Home\7ac5c5b4d2d541d3d5a83eb29c8dda78.php 第 110 行.
INFO: Run Behavior\ParseTemplateBehavior [ RunTime:0.017573s ]
INFO: [ view_parse ] --END-- [ RunTime:0.017679s ]
INFO: [ view_filter ] --START--
INFO: Run Behavior\WriteHtmlCacheBehavior [ RunTime:0.000425s ]
INFO: [ view_filter ] --END-- [ RunTime:0.000527s ]
INFO: [ app_end ] --START--
INFO: Run Behavior\ShowPageTraceBehavior [ RunTime:0.000581s ]
INFO: [ app_end ] --END-- [ RunTime:0.000683s ]

[ 2017-07-18T10:22:16+08:00 ] ::1 /php/thnkphp/index.php/Home/Cp/product.java
INFO: [ app_init ] --START--
INFO: Run Behavior\BuildLiteBehavior [ RunTime:0.000025s ]
INFO: [ app_init ] --END-- [ RunTime:0.000393s ]
INFO: [ app_begin ] --START--
INFO: Run Behavior\ReadHtmlCacheBehavior [ RunTime:0.000581s ]
INFO: [ app_begin ] --END-- [ RunTime:0.000684s ]
SQL: SHOW COLUMNS FROM `news_type` [ RunTime:0.0016s ]
SQL: SELECT * FROM `news_type` ORDER BY sno asc  [ RunTime:0.0003s ]
SQL: SHOW COLUMNS FROM `cp_type` [ RunTime:0.0013s ]
SQL: SELECT * FROM `cp_type`  [ RunTime:0.0002s ]
SQL: SHOW COLUMNS FROM `config` [ RunTime:0.0019s ]
SQL: SELECT * FROM `config` WHERE `id` = 1 LIMIT 1   [ RunTime:0.0003s ]
ERR: 1054:Unknown column 'sno' in 'order clause'
 [ SQL语句 ] : SELECT * FROM `cp_type` ORDER BY sno asc LIMIT 1  
ERR: 1054:Unknown column 'sno' in 'order clause'
 [ SQL语句 ] : SELECT * FROM `cp_type` ORDER BY sno asc LIMIT 1  

[ 2017-07-18T10:22:34+08:00 ] ::1 /php/thnkphp/index.php/Home/Cp/product.java
INFO: [ app_init ] --START--
INFO: Run Behavior\BuildLiteBehavior [ RunTime:0.000027s ]
INFO: [ app_init ] --END-- [ RunTime:0.000444s ]
INFO: [ app_begin ] --START--
INFO: Run Behavior\ReadHtmlCacheBehavior [ RunTime:0.000623s ]
INFO: [ app_begin ] --END-- [ RunTime:0.000749s ]
SQL: SHOW COLUMNS FROM `news_type` [ RunTime:0.0015s ]
SQL: SELECT * FROM `news_type` ORDER BY sno asc  [ RunTime:0.0002s ]
SQL: SHOW COLUMNS FROM `cp_type` [ RunTime:0.0013s ]
SQL: SELECT * FROM `cp_type`  [ RunTime:0.0002s ]
SQL: SHOW COLUMNS FROM `config` [ RunTime:0.0016s ]
SQL: SELECT * FROM `config` WHERE `id` = 1 LIMIT 1   [ RunTime:0.0003s ]
SQL: SELECT * FROM `cp_type` LIMIT 1   [ RunTime:0.0002s ]
SQL: SELECT * FROM `cp_type` WHERE `typeid` = 1 LIMIT 1   [ RunTime:0.0002s ]
SQL: SHOW COLUMNS FROM `cp` [ RunTime:0.0014s ]
SQL: SELECT COUNT(*) AS tp_count FROM `cp` WHERE ( cp_type=1 ) LIMIT 1   [ RunTime:0.0002s ]
SQL: SELECT * FROM `cp` WHERE ( cp_type=1 ) LIMIT 0,2   [ RunTime:0.0003s ]
INFO: [ view_parse ] --START--
INFO: [ template_filter ] --START--
INFO: Run Behavior\ContentReplaceBehavior [ RunTime:0.000132s ]
INFO: [ template_filter ] --END-- [ RunTime:0.000257s ]
NOTIC: [8] Undefined variable: cp_type D:\wamp\www\php\thnkphp\App\Runtime\Cache\Home\7ac5c5b4d2d541d3d5a83eb29c8dda78.php 第 51 行.
NOTIC: [8] Undefined variable: cp_type D:\wamp\www\php\thnkphp\App\Runtime\Cache\Home\7ac5c5b4d2d541d3d5a83eb29c8dda78.php 第 81 行.
INFO: Run Behavior\ParseTemplateBehavior [ RunTime:0.018568s ]
INFO: [ view_parse ] --END-- [ RunTime:0.018682s ]
INFO: [ view_filter ] --START--
INFO: Run Behavior\WriteHtmlCacheBehavior [ RunTime:0.000430s ]
INFO: [ view_filter ] --END-- [ RunTime:0.000525s ]
INFO: [ app_end ] --START--
INFO: Run Behavior\ShowPageTraceBehavior [ RunTime:0.000621s ]
INFO: [ app_end ] --END-- [ RunTime:0.000718s ]

[ 2017-07-18T10:38:32+08:00 ] ::1 /php/thnkphp/index.php/Home/Cp/product.java
INFO: [ app_init ] --START--
INFO: Run Behavior\BuildLiteBehavior [ RunTime:0.000024s ]
INFO: [ app_init ] --END-- [ RunTime:0.000409s ]
INFO: [ app_begin ] --START--
INFO: Run Behavior\ReadHtmlCacheBehavior [ RunTime:0.000582s ]
INFO: [ app_begin ] --END-- [ RunTime:0.000703s ]
SQL: SHOW COLUMNS FROM `news_type` [ RunTime:0.0016s ]
SQL: SELECT * FROM `news_type` ORDER BY sno asc  [ RunTime:0.0003s ]
SQL: SHOW COLUMNS FROM `cp_type` [ RunTime:0.0014s ]
SQL: SELECT * FROM `cp_type`  [ RunTime:0.0002s ]
SQL: SHOW COLUMNS FROM `config` [ RunTime:0.0016s ]
SQL: SELECT * FROM `config` WHERE `id` = 1 LIMIT 1   [ RunTime:0.0003s ]
SQL: SELECT * FROM `cp_type` LIMIT 1   [ RunTime:0.0002s ]
SQL: SELECT * FROM `cp_type` WHERE `typeid` = 1 LIMIT 1   [ RunTime:0.0001s ]
SQL: SHOW COLUMNS FROM `cp` [ RunTime:0.0015s ]
SQL: SELECT COUNT(*) AS tp_count FROM `cp` WHERE ( cp_type=1 ) LIMIT 1   [ RunTime:0.0002s ]
SQL: SELECT * FROM `cp` WHERE ( cp_type=1 ) LIMIT 0,2   [ RunTime:0.0002s ]
INFO: [ view_parse ] --START--
INFO: [ template_filter ] --START--
INFO: Run Behavior\ContentReplaceBehavior [ RunTime:0.000131s ]
INFO: [ template_filter ] --END-- [ RunTime:0.000242s ]
NOTIC: [8] Undefined variable: cp_type D:\wamp\www\php\thnkphp\App\Runtime\Cache\Home\7ac5c5b4d2d541d3d5a83eb29c8dda78.php 第 51 行.
NOTIC: [8] Undefined variable: cp_type D:\wamp\www\php\thnkphp\App\Runtime\Cache\Home\7ac5c5b4d2d541d3d5a83eb29c8dda78.php 第 81 行.
INFO: Run Behavior\ParseTemplateBehavior [ RunTime:0.019611s ]
INFO: [ view_parse ] --END-- [ RunTime:0.019726s ]
INFO: [ view_filter ] --START--
INFO: Run Behavior\WriteHtmlCacheBehavior [ RunTime:0.000464s ]
INFO: [ view_filter ] --END-- [ RunTime:0.000568s ]
INFO: [ app_end ] --START--
INFO: Run Behavior\ShowPageTraceBehavior [ RunTime:0.000623s ]
INFO: [ app_end ] --END-- [ RunTime:0.000719s ]

[ 2017-07-18T10:38:35+08:00 ] ::1 /php/thnkphp/index.php/Home/Cp/product/typeid/1/p/2.java
INFO: [ app_init ] --START--
INFO: Run Behavior\BuildLiteBehavior [ RunTime:0.000023s ]
INFO: [ app_init ] --END-- [ RunTime:0.000409s ]
INFO: [ app_begin ] --START--
INFO: Run Behavior\ReadHtmlCacheBehavior [ RunTime:0.000621s ]
INFO: [ app_begin ] --END-- [ RunTime:0.000722s ]
SQL: SHOW COLUMNS FROM `news_type` [ RunTime:0.0018s ]
SQL: SELECT * FROM `news_type` ORDER BY sno asc  [ RunTime:0.0003s ]
SQL: SHOW COLUMNS FROM `cp_type` [ RunTime:0.0014s ]
SQL: SELECT * FROM `cp_type`  [ RunTime:0.0003s ]
SQL: SHOW COLUMNS FROM `config` [ RunTime:0.0020s ]
SQL: SELECT * FROM `config` WHERE `id` = 1 LIMIT 1   [ RunTime:0.0003s ]
SQL: SELECT * FROM `cp_type` WHERE `typeid` = 1 LIMIT 1   [ RunTime:0.0002s ]
SQL: SHOW COLUMNS FROM `cp` [ RunTime:0.0017s ]
SQL: SELECT COUNT(*) AS tp_count FROM `cp` WHERE ( cp_type=1 ) LIMIT 1   [ RunTime:0.0002s ]
SQL: SELECT * FROM `cp` WHERE ( cp_type=1 ) LIMIT 2,2   [ RunTime:0.0002s ]
INFO: [ view_parse ] --START--
INFO: [ template_filter ] --START--
INFO: Run Behavior\ContentReplaceBehavior [ RunTime:0.000130s ]
INFO: [ template_filter ] --END-- [ RunTime:0.000243s ]
NOTIC: [8] Undefined variable: cp_type D:\wamp\www\php\thnkphp\App\Runtime\Cache\Home\7ac5c5b4d2d541d3d5a83eb29c8dda78.php 第 51 行.
NOTIC: [8] Undefined variable: cp_type D:\wamp\www\php\thnkphp\App\Runtime\Cache\Home\7ac5c5b4d2d541d3d5a83eb29c8dda78.php 第 81 行.
INFO: Run Behavior\ParseTemplateBehavior [ RunTime:0.018892s ]
INFO: [ view_parse ] --END-- [ RunTime:0.019001s ]
INFO: [ view_filter ] --START--
INFO: Run Behavior\WriteHtmlCacheBehavior [ RunTime:0.000430s ]
INFO: [ view_filter ] --END-- [ RunTime:0.000522s ]
INFO: [ app_end ] --START--
INFO: Run Behavior\ShowPageTraceBehavior [ RunTime:0.000581s ]
INFO: [ app_end ] --END-- [ RunTime:0.000684s ]

[ 2017-07-18T10:38:37+08:00 ] ::1 /php/thnkphp/index.php/Home/Cp/product/typeid/1/p/3.java
INFO: [ app_init ] --START--
INFO: Run Behavior\BuildLiteBehavior [ RunTime:0.000055s ]
INFO: [ app_init ] --END-- [ RunTime:0.000967s ]
INFO: [ app_begin ] --START--
INFO: Run Behavior\ReadHtmlCacheBehavior [ RunTime:0.000823s ]
INFO: [ app_begin ] --END-- [ RunTime:0.000947s ]
SQL: SHOW COLUMNS FROM `news_type` [ RunTime:0.0015s ]
SQL: SELECT * FROM `news_type` ORDER BY sno asc  [ RunTime:0.0003s ]
SQL: SHOW COLUMNS FROM `cp_type` [ RunTime:0.0015s ]
SQL: SELECT * FROM `cp_type`  [ RunTime:0.0002s ]
SQL: SHOW COLUMNS FROM `config` [ RunTime:0.0016s ]
SQL: SELECT * FROM `config` WHERE `id` = 1 LIMIT 1   [ RunTime:0.0003s ]
SQL: SELECT * FROM `cp_type` WHERE `typeid` = 1 LIMIT 1   [ RunTime:0.0002s ]
SQL: SHOW COLUMNS FROM `cp` [ RunTime:0.0016s ]
SQL: SELECT COUNT(*) AS tp_count FROM `cp` WHERE ( cp_type=1 ) LIMIT 1   [ RunTime:0.0002s ]
SQL: SELECT * FROM `cp` WHERE ( cp_type=1 ) LIMIT 4,2   [ RunTime:0.0002s ]
INFO: [ view_parse ] --START--
INFO: [ template_filter ] --START--
INFO: Run Behavior\ContentReplaceBehavior [ RunTime:0.000140s ]
INFO: [ template_filter ] --END-- [ RunTime:0.000264s ]
NOTIC: [8] Undefined variable: cp_type D:\wamp\www\php\thnkphp\App\Runtime\Cache\Home\7ac5c5b4d2d541d3d5a83eb29c8dda78.php 第 51 行.
NOTIC: [8] Undefined variable: cp_type D:\wamp\www\php\thnkphp\App\Runtime\Cache\Home\7ac5c5b4d2d541d3d5a83eb29c8dda78.php 第 81 行.
INFO: Run Behavior\ParseTemplateBehavior [ RunTime:0.019572s ]
INFO: [ view_parse ] --END-- [ RunTime:0.019689s ]
INFO: [ view_filter ] --START--
INFO: Run Behavior\WriteHtmlCacheBehavior [ RunTime:0.000490s ]
INFO: [ view_filter ] --END-- [ RunTime:0.000583s ]
INFO: [ app_end ] --START--
INFO: Run Behavior\ShowPageTraceBehavior [ RunTime:0.000619s ]
INFO: [ app_end ] --END-- [ RunTime:0.000721s ]

[ 2017-07-18T10:38:40+08:00 ] ::1 /php/thnkphp/index.php/Home/Cp/product/typeid/1/p/4.java
INFO: [ app_init ] --START--
INFO: Run Behavior\BuildLiteBehavior [ RunTime:0.000026s ]
INFO: [ app_init ] --END-- [ RunTime:0.000436s ]
INFO: [ app_begin ] --START--
INFO: Run Behavior\ReadHtmlCacheBehavior [ RunTime:0.000588s ]
INFO: [ app_begin ] --END-- [ RunTime:0.000706s ]
SQL: SHOW COLUMNS FROM `news_type` [ RunTime:0.0305s ]
SQL: SELECT * FROM `news_type` ORDER BY sno asc  [ RunTime:0.0003s ]
SQL: SHOW COLUMNS FROM `cp_type` [ RunTime:0.0015s ]
SQL: SELECT * FROM `cp_type`  [ RunTime:0.0002s ]
SQL: SHOW COLUMNS FROM `config` [ RunTime:0.0017s ]
SQL: SELECT * FROM `config` WHERE `id` = 1 LIMIT 1   [ RunTime:0.0003s ]
SQL: SELECT * FROM `cp_type` WHERE `typeid` = 1 LIMIT 1   [ RunTime:0.0002s ]
SQL: SHOW COLUMNS FROM `cp` [ RunTime:0.0016s ]
SQL: SELECT COUNT(*) AS tp_count FROM `cp` WHERE ( cp_type=1 ) LIMIT 1   [ RunTime:0.0002s ]
SQL: SELECT * FROM `cp` WHERE ( cp_type=1 ) LIMIT 6,2   [ RunTime:0.0003s ]
INFO: [ view_parse ] --START--
INFO: [ template_filter ] --START--
INFO: Run Behavior\ContentReplaceBehavior [ RunTime:0.000160s ]
INFO: [ template_filter ] --END-- [ RunTime:0.000293s ]
NOTIC: [8] Undefined variable: cp_type D:\wamp\www\php\thnkphp\App\Runtime\Cache\Home\7ac5c5b4d2d541d3d5a83eb29c8dda78.php 第 51 行.
NOTIC: [8] Undefined variable: cp_type D:\wamp\www\php\thnkphp\App\Runtime\Cache\Home\7ac5c5b4d2d541d3d5a83eb29c8dda78.php 第 81 行.
INFO: Run Behavior\ParseTemplateBehavior [ RunTime:0.020529s ]
INFO: [ view_parse ] --END-- [ RunTime:0.020652s ]
INFO: [ view_filter ] --START--
INFO: Run Behavior\WriteHtmlCacheBehavior [ RunTime:0.000338s ]
INFO: [ view_filter ] --END-- [ RunTime:0.000446s ]
INFO: [ app_end ] --START--
INFO: Run Behavior\ShowPageTraceBehavior [ RunTime:0.000572s ]
INFO: [ app_end ] --END-- [ RunTime:0.000682s ]

