[ 2017-07-21T15:35:52+08:00 ] ::1 /qyz/
INFO: [ app_init ] --START--
INFO: Run Behavior\BuildLiteBehavior [ RunTime:0.000000s ]
INFO: [ app_init ] --END-- [ RunTime:0.014000s ]
INFO: [ app_begin ] --START--
INFO: Run Behavior\ReadHtmlCacheBehavior [ RunTime:0.003000s ]
INFO: [ app_begin ] --END-- [ RunTime:0.003000s ]
ERR: SQLSTATE[HY000] [1049] Unknown database 'qyz'

[ 2017-07-21T15:43:38+08:00 ] ::1 /qyz/
INFO: [ app_init ] --START--
INFO: Run Behavior\BuildLiteBehavior [ RunTime:0.000000s ]
INFO: [ app_init ] --END-- [ RunTime:0.001000s ]
INFO: [ app_begin ] --START--
INFO: Run Behavior\ReadHtmlCacheBehavior [ RunTime:0.000000s ]
INFO: [ app_begin ] --END-- [ RunTime:0.001000s ]
ERR: SQLSTATE[HY000] [1049] Unknown database 'qyz'

[ 2017-07-21T15:55:38+08:00 ] 127.0.0.1 /qyz/
INFO: [ app_init ] --START--
INFO: Run Behavior\BuildLiteBehavior [ RunTime:0.000000s ]
INFO: [ app_init ] --END-- [ RunTime:0.001000s ]
INFO: [ app_begin ] --START--
INFO: Run Behavior\ReadHtmlCacheBehavior [ RunTime:0.000000s ]
INFO: [ app_begin ] --END-- [ RunTime:0.001000s ]
SQL: SHOW COLUMNS FROM `news_type` [ RunTime:0.0020s ]
SQL: SELECT * FROM `news_type` ORDER BY sno asc  [ RunTime:0.0000s ]
SQL: SHOW COLUMNS FROM `cp_type` [ RunTime:0.0010s ]
SQL: SELECT * FROM `cp_type`  [ RunTime:0.0000s ]
SQL: SHOW COLUMNS FROM `config` [ RunTime:0.0030s ]
SQL: SELECT * FROM `config` WHERE `id` = 1 LIMIT 1   [ RunTime:0.0000s ]
SQL: SELECT a.newsid,a.title,a.sj FROM `news_type` INNER JOIN news a on a.type=news_type.typeid  WHERE ( news_type.name="公司新闻" ) LIMIT 6   [ RunTime:0.0000s ]
SQL: SHOW COLUMNS FROM `news` [ RunTime:0.0010s ]
SQL: SELECT * FROM `news` WHERE (  tj=1 )  [ RunTime:0.0010s ]
SQL: SELECT `title`,`con`,`newspic` FROM `news` ORDER BY count desc LIMIT 1   [ RunTime:0.0010s ]
SQL: SELECT * FROM `cp_type`  [ RunTime:0.0000s ]
SQL: SHOW COLUMNS FROM `cp` [ RunTime:0.0010s ]
SQL: SELECT * FROM `cp` WHERE `cp_type` = 1 LIMIT 6   [ RunTime:0.0010s ]
SQL: SELECT * FROM `cp` WHERE `cp_type` = 2 LIMIT 6   [ RunTime:0.0010s ]
SQL: SELECT * FROM `cp` WHERE `cp_type` = 3 LIMIT 6   [ RunTime:0.0000s ]
INFO: [ view_parse ] --START--
INFO: [ template_filter ] --START--
INFO: Run Behavior\ContentReplaceBehavior [ RunTime:0.000000s ]
INFO: [ template_filter ] --END-- [ RunTime:0.001000s ]
NOTIC: [8] Undefined variable: cp_type D:\wamp\www\qyz\App\Runtime\Cache\Home\00e52909bed743ea261af4b6823297ff.php 第 60 行.
NOTIC: [8] Undefined variable: s D:\wamp\www\qyz\App\Runtime\Cache\Home\00e52909bed743ea261af4b6823297ff.php 第 103 行.
NOTIC: [8] Undefined variable: s D:\wamp\www\qyz\App\Runtime\Cache\Home\00e52909bed743ea261af4b6823297ff.php 第 103 行.
NOTIC: [8] Undefined variable: s D:\wamp\www\qyz\App\Runtime\Cache\Home\00e52909bed743ea261af4b6823297ff.php 第 103 行.
NOTIC: [8] Undefined index: content D:\wamp\www\qyz\App\Runtime\Cache\Home\00e52909bed743ea261af4b6823297ff.php 第 156 行.
NOTIC: [8] Undefined index: newsid D:\wamp\www\qyz\App\Runtime\Cache\Home\00e52909bed743ea261af4b6823297ff.php 第 156 行.
NOTIC: [8] Undefined index: content D:\wamp\www\qyz\App\Runtime\Cache\Home\00e52909bed743ea261af4b6823297ff.php 第 193 行.
INFO: Run Behavior\ParseTemplateBehavior [ RunTime:0.130007s ]
INFO: [ view_parse ] --END-- [ RunTime:0.130007s ]
INFO: [ view_filter ] --START--
INFO: Run Behavior\WriteHtmlCacheBehavior [ RunTime:0.033002s ]
INFO: [ view_filter ] --END-- [ RunTime:0.033002s ]
INFO: [ app_end ] --START--
INFO: Run Behavior\ShowPageTraceBehavior [ RunTime:0.010001s ]
INFO: [ app_end ] --END-- [ RunTime:0.011001s ]

[ 2017-07-21T15:56:03+08:00 ] 127.0.0.1 /qyz/
INFO: [ app_init ] --START--
INFO: Run Behavior\BuildLiteBehavior [ RunTime:0.000000s ]
INFO: [ app_init ] --END-- [ RunTime:0.001000s ]
INFO: [ app_begin ] --START--
INFO: Run Behavior\ReadHtmlCacheBehavior [ RunTime:0.000000s ]
INFO: [ app_begin ] --END-- [ RunTime:0.001000s ]
SQL: SHOW COLUMNS FROM `news_type` [ RunTime:0.0020s ]
SQL: SELECT * FROM `news_type` ORDER BY sno asc  [ RunTime:0.0010s ]
SQL: SHOW COLUMNS FROM `cp_type` [ RunTime:0.0020s ]
SQL: SELECT * FROM `cp_type`  [ RunTime:0.0000s ]
SQL: SHOW COLUMNS FROM `config` [ RunTime:0.0010s ]
SQL: SELECT * FROM `config` WHERE `id` = 1 LIMIT 1   [ RunTime:0.0000s ]
SQL: SELECT a.newsid,a.title,a.sj FROM `news_type` INNER JOIN news a on a.type=news_type.typeid  WHERE ( news_type.name="公司新闻" ) LIMIT 6   [ RunTime:0.0010s ]
SQL: SHOW COLUMNS FROM `news` [ RunTime:0.0020s ]
SQL: SELECT * FROM `news` WHERE (  tj=1 )  [ RunTime:0.0010s ]
SQL: SELECT `title`,`con`,`newspic` FROM `news` ORDER BY count desc LIMIT 1   [ RunTime:0.0010s ]
SQL: SELECT * FROM `cp_type`  [ RunTime:0.0000s ]
SQL: SHOW COLUMNS FROM `cp` [ RunTime:0.0010s ]
SQL: SELECT * FROM `cp` WHERE `cp_type` = 1 LIMIT 6   [ RunTime:0.0010s ]
SQL: SELECT * FROM `cp` WHERE `cp_type` = 2 LIMIT 6   [ RunTime:0.0010s ]
SQL: SELECT * FROM `cp` WHERE `cp_type` = 3 LIMIT 6   [ RunTime:0.0000s ]
INFO: [ view_parse ] --START--
INFO: [ template_filter ] --START--
INFO: Run Behavior\ContentReplaceBehavior [ RunTime:0.000000s ]
INFO: [ template_filter ] --END-- [ RunTime:0.000000s ]
NOTIC: [8] Undefined variable: cp_type D:\wamp\www\qyz\App\Runtime\Cache\Home\00e52909bed743ea261af4b6823297ff.php 第 60 行.
NOTIC: [8] Undefined variable: s D:\wamp\www\qyz\App\Runtime\Cache\Home\00e52909bed743ea261af4b6823297ff.php 第 103 行.
NOTIC: [8] Undefined variable: s D:\wamp\www\qyz\App\Runtime\Cache\Home\00e52909bed743ea261af4b6823297ff.php 第 103 行.
NOTIC: [8] Undefined variable: s D:\wamp\www\qyz\App\Runtime\Cache\Home\00e52909bed743ea261af4b6823297ff.php 第 103 行.
NOTIC: [8] Undefined index: content D:\wamp\www\qyz\App\Runtime\Cache\Home\00e52909bed743ea261af4b6823297ff.php 第 156 行.
NOTIC: [8] Undefined index: newsid D:\wamp\www\qyz\App\Runtime\Cache\Home\00e52909bed743ea261af4b6823297ff.php 第 156 行.
NOTIC: [8] Undefined index: content D:\wamp\www\qyz\App\Runtime\Cache\Home\00e52909bed743ea261af4b6823297ff.php 第 193 行.
INFO: Run Behavior\ParseTemplateBehavior [ RunTime:0.056003s ]
INFO: [ view_parse ] --END-- [ RunTime:0.056003s ]
INFO: [ view_filter ] --START--
INFO: Run Behavior\WriteHtmlCacheBehavior [ RunTime:0.001000s ]
INFO: [ view_filter ] --END-- [ RunTime:0.001000s ]
INFO: [ app_end ] --START--
INFO: Run Behavior\ShowPageTraceBehavior [ RunTime:0.001000s ]
INFO: [ app_end ] --END-- [ RunTime:0.001000s ]

[ 2017-07-21T16:00:15+08:00 ] ::1 /qyz/
INFO: [ app_init ] --START--
INFO: Run Behavior\BuildLiteBehavior [ RunTime:0.000000s ]
INFO: [ app_init ] --END-- [ RunTime:0.001000s ]
INFO: [ app_begin ] --START--
INFO: Run Behavior\ReadHtmlCacheBehavior [ RunTime:0.001000s ]
INFO: [ app_begin ] --END-- [ RunTime:0.001000s ]
SQL: SHOW COLUMNS FROM `news_type` [ RunTime:0.0010s ]
SQL: SELECT * FROM `news_type` ORDER BY sno asc  [ RunTime:0.0000s ]
SQL: SHOW COLUMNS FROM `cp_type` [ RunTime:0.0020s ]
SQL: SELECT * FROM `cp_type`  [ RunTime:0.0000s ]
SQL: SHOW COLUMNS FROM `config` [ RunTime:0.0010s ]
SQL: SELECT * FROM `config` WHERE `id` = 1 LIMIT 1   [ RunTime:0.0000s ]
SQL: SELECT a.newsid,a.title,a.sj FROM `news_type` INNER JOIN news a on a.type=news_type.typeid  WHERE ( news_type.name="公司新闻" ) LIMIT 6   [ RunTime:0.0000s ]
SQL: SHOW COLUMNS FROM `news` [ RunTime:0.0010s ]
SQL: SELECT * FROM `news` WHERE (  tj=1 )  [ RunTime:0.0010s ]
SQL: SELECT `title`,`con`,`newspic` FROM `news` ORDER BY count desc LIMIT 1   [ RunTime:0.0000s ]
SQL: SELECT * FROM `cp_type`  [ RunTime:0.0000s ]
SQL: SHOW COLUMNS FROM `cp` [ RunTime:0.0020s ]
SQL: SELECT * FROM `cp` WHERE `cp_type` = 1 LIMIT 6   [ RunTime:0.0000s ]
SQL: SELECT * FROM `cp` WHERE `cp_type` = 2 LIMIT 6   [ RunTime:0.0010s ]
SQL: SELECT * FROM `cp` WHERE `cp_type` = 3 LIMIT 6   [ RunTime:0.0010s ]
INFO: [ view_parse ] --START--
INFO: [ template_filter ] --START--
INFO: Run Behavior\ContentReplaceBehavior [ RunTime:0.000000s ]
INFO: [ template_filter ] --END-- [ RunTime:0.000000s ]
NOTIC: [8] Undefined variable: cp_type D:\wamp\www\qyz\App\Runtime\Cache\Home\00e52909bed743ea261af4b6823297ff.php 第 60 行.
NOTIC: [8] Undefined variable: s D:\wamp\www\qyz\App\Runtime\Cache\Home\00e52909bed743ea261af4b6823297ff.php 第 103 行.
NOTIC: [8] Undefined variable: s D:\wamp\www\qyz\App\Runtime\Cache\Home\00e52909bed743ea261af4b6823297ff.php 第 103 行.
NOTIC: [8] Undefined variable: s D:\wamp\www\qyz\App\Runtime\Cache\Home\00e52909bed743ea261af4b6823297ff.php 第 103 行.
NOTIC: [8] Undefined index: content D:\wamp\www\qyz\App\Runtime\Cache\Home\00e52909bed743ea261af4b6823297ff.php 第 156 行.
NOTIC: [8] Undefined index: newsid D:\wamp\www\qyz\App\Runtime\Cache\Home\00e52909bed743ea261af4b6823297ff.php 第 156 行.
NOTIC: [8] Undefined index: content D:\wamp\www\qyz\App\Runtime\Cache\Home\00e52909bed743ea261af4b6823297ff.php 第 193 行.
INFO: Run Behavior\ParseTemplateBehavior [ RunTime:0.057003s ]
INFO: [ view_parse ] --END-- [ RunTime:0.057003s ]
INFO: [ view_filter ] --START--
INFO: Run Behavior\WriteHtmlCacheBehavior [ RunTime:0.001000s ]
INFO: [ view_filter ] --END-- [ RunTime:0.001000s ]
INFO: [ app_end ] --START--
INFO: Run Behavior\ShowPageTraceBehavior [ RunTime:0.001000s ]
INFO: [ app_end ] --END-- [ RunTime:0.001000s ]

[ 2017-07-21T16:01:56+08:00 ] ::1 /qyz/
INFO: [ app_init ] --START--
INFO: Run Behavior\BuildLiteBehavior [ RunTime:0.001000s ]
INFO: [ app_init ] --END-- [ RunTime:0.001000s ]
INFO: [ app_begin ] --START--
INFO: Run Behavior\ReadHtmlCacheBehavior [ RunTime:0.000000s ]
INFO: [ app_begin ] --END-- [ RunTime:0.000000s ]
SQL: SHOW COLUMNS FROM `news_type` [ RunTime:0.0020s ]
SQL: SELECT * FROM `news_type` ORDER BY sno asc  [ RunTime:0.0000s ]
SQL: SHOW COLUMNS FROM `cp_type` [ RunTime:0.0020s ]
SQL: SELECT * FROM `cp_type`  [ RunTime:0.0000s ]
SQL: SHOW COLUMNS FROM `config` [ RunTime:0.0010s ]
SQL: SELECT * FROM `config` WHERE `id` = 1 LIMIT 1   [ RunTime:0.0000s ]
SQL: SELECT a.newsid,a.title,a.sj FROM `news_type` INNER JOIN news a on a.type=news_type.typeid  WHERE ( news_type.name="公司新闻" ) LIMIT 6   [ RunTime:0.0010s ]
SQL: SHOW COLUMNS FROM `news` [ RunTime:0.0020s ]
SQL: SELECT * FROM `news` WHERE (  tj=1 )  [ RunTime:0.0000s ]
SQL: SELECT `title`,`con`,`newspic` FROM `news` ORDER BY count desc LIMIT 1   [ RunTime:0.0000s ]
SQL: SELECT * FROM `cp_type`  [ RunTime:0.0010s ]
SQL: SHOW COLUMNS FROM `cp` [ RunTime:0.0020s ]
SQL: SELECT * FROM `cp` WHERE `cp_type` = 1 LIMIT 6   [ RunTime:0.0010s ]
SQL: SELECT * FROM `cp` WHERE `cp_type` = 2 LIMIT 6   [ RunTime:0.0000s ]
SQL: SELECT * FROM `cp` WHERE `cp_type` = 3 LIMIT 6   [ RunTime:0.0000s ]
INFO: [ view_parse ] --START--
INFO: [ template_filter ] --START--
INFO: Run Behavior\ContentReplaceBehavior [ RunTime:0.000000s ]
INFO: [ template_filter ] --END-- [ RunTime:0.000000s ]
NOTIC: [8] Undefined variable: cp_type D:\wamp\www\qyz\App\Runtime\Cache\Home\00e52909bed743ea261af4b6823297ff.php 第 60 行.
NOTIC: [8] Undefined variable: s D:\wamp\www\qyz\App\Runtime\Cache\Home\00e52909bed743ea261af4b6823297ff.php 第 103 行.
NOTIC: [8] Undefined variable: s D:\wamp\www\qyz\App\Runtime\Cache\Home\00e52909bed743ea261af4b6823297ff.php 第 103 行.
NOTIC: [8] Undefined variable: s D:\wamp\www\qyz\App\Runtime\Cache\Home\00e52909bed743ea261af4b6823297ff.php 第 103 行.
NOTIC: [8] Undefined index: content D:\wamp\www\qyz\App\Runtime\Cache\Home\00e52909bed743ea261af4b6823297ff.php 第 156 行.
NOTIC: [8] Undefined index: newsid D:\wamp\www\qyz\App\Runtime\Cache\Home\00e52909bed743ea261af4b6823297ff.php 第 156 行.
NOTIC: [8] Undefined index: content D:\wamp\www\qyz\App\Runtime\Cache\Home\00e52909bed743ea261af4b6823297ff.php 第 193 行.
INFO: Run Behavior\ParseTemplateBehavior [ RunTime:0.058003s ]
INFO: [ view_parse ] --END-- [ RunTime:0.059003s ]
INFO: [ view_filter ] --START--
INFO: Run Behavior\WriteHtmlCacheBehavior [ RunTime:0.000000s ]
INFO: [ view_filter ] --END-- [ RunTime:0.000000s ]
INFO: [ app_end ] --START--
INFO: Run Behavior\ShowPageTraceBehavior [ RunTime:0.001000s ]
INFO: [ app_end ] --END-- [ RunTime:0.001000s ]

[ 2017-07-21T17:13:40+08:00 ] 127.0.0.1 /qyz/
INFO: [ app_init ] --START--
INFO: Run Behavior\BuildLiteBehavior [ RunTime:0.000000s ]
INFO: [ app_init ] --END-- [ RunTime:0.001000s ]
INFO: [ app_begin ] --START--
INFO: Run Behavior\ReadHtmlCacheBehavior [ RunTime:0.001000s ]
INFO: [ app_begin ] --END-- [ RunTime:0.001000s ]
SQL: SHOW COLUMNS FROM `news_type` [ RunTime:0.0250s ]
SQL: SELECT * FROM `news_type` ORDER BY sno asc  [ RunTime:0.0010s ]
SQL: SHOW COLUMNS FROM `cp_type` [ RunTime:0.0170s ]
SQL: SELECT * FROM `cp_type`  [ RunTime:0.0000s ]
SQL: SHOW COLUMNS FROM `config` [ RunTime:0.0080s ]
SQL: SELECT * FROM `config` WHERE `id` = 1 LIMIT 1   [ RunTime:0.0010s ]
SQL: SELECT a.newsid,a.title,a.sj FROM `news_type` INNER JOIN news a on a.type=news_type.typeid  WHERE ( news_type.name="公司新闻" ) LIMIT 6   [ RunTime:0.0140s ]
SQL: SHOW COLUMNS FROM `news` [ RunTime:0.0010s ]
SQL: SELECT * FROM `news` WHERE (  tj=1 )  [ RunTime:0.0000s ]
SQL: SELECT `title`,`con`,`newspic` FROM `news` ORDER BY count desc LIMIT 1   [ RunTime:0.0000s ]
SQL: SELECT * FROM `cp_type`  [ RunTime:0.0000s ]
SQL: SHOW COLUMNS FROM `cp` [ RunTime:0.0120s ]
SQL: SELECT * FROM `cp` WHERE `cp_type` = 1 LIMIT 6   [ RunTime:0.0000s ]
SQL: SELECT * FROM `cp` WHERE `cp_type` = 2 LIMIT 6   [ RunTime:0.0000s ]
SQL: SELECT * FROM `cp` WHERE `cp_type` = 3 LIMIT 6   [ RunTime:0.0010s ]
INFO: [ view_parse ] --START--
INFO: [ template_filter ] --START--
INFO: Run Behavior\ContentReplaceBehavior [ RunTime:0.000000s ]
INFO: [ template_filter ] --END-- [ RunTime:0.000000s ]
NOTIC: [8] Undefined variable: cp_type D:\wamp\www\qyz\App\Runtime\Cache\Home\00e52909bed743ea261af4b6823297ff.php 第 60 行.
NOTIC: [8] Undefined variable: s D:\wamp\www\qyz\App\Runtime\Cache\Home\00e52909bed743ea261af4b6823297ff.php 第 103 行.
NOTIC: [8] Undefined variable: s D:\wamp\www\qyz\App\Runtime\Cache\Home\00e52909bed743ea261af4b6823297ff.php 第 103 行.
NOTIC: [8] Undefined variable: s D:\wamp\www\qyz\App\Runtime\Cache\Home\00e52909bed743ea261af4b6823297ff.php 第 103 行.
NOTIC: [8] Undefined index: content D:\wamp\www\qyz\App\Runtime\Cache\Home\00e52909bed743ea261af4b6823297ff.php 第 156 行.
NOTIC: [8] Undefined index: newsid D:\wamp\www\qyz\App\Runtime\Cache\Home\00e52909bed743ea261af4b6823297ff.php 第 156 行.
NOTIC: [8] Undefined index: content D:\wamp\www\qyz\App\Runtime\Cache\Home\00e52909bed743ea261af4b6823297ff.php 第 193 行.
INFO: Run Behavior\ParseTemplateBehavior [ RunTime:0.056003s ]
INFO: [ view_parse ] --END-- [ RunTime:0.056003s ]
INFO: [ view_filter ] --START--
INFO: Run Behavior\WriteHtmlCacheBehavior [ RunTime:0.001000s ]
INFO: [ view_filter ] --END-- [ RunTime:0.001000s ]
INFO: [ app_end ] --START--
INFO: Run Behavior\ShowPageTraceBehavior [ RunTime:0.001000s ]
INFO: [ app_end ] --END-- [ RunTime:0.001000s ]

