[ 2017-07-22T14:41:05+08:00 ] 127.0.0.1 /qyz/
INFO: [ app_init ] --START--
INFO: Run Behavior\BuildLiteBehavior [ RunTime:0.000000s ]
INFO: [ app_init ] --END-- [ RunTime:0.001000s ]
INFO: [ app_begin ] --START--
INFO: Run Behavior\ReadHtmlCacheBehavior [ RunTime:0.000000s ]
INFO: [ app_begin ] --END-- [ RunTime:0.001000s ]
ERR: SQLSTATE[HY000] [1049] Unknown database 'qyz'

[ 2017-07-22T14:44:17+08:00 ] 127.0.0.1 /qyz/
INFO: [ app_init ] --START--
INFO: Run Behavior\BuildLiteBehavior [ RunTime:0.000000s ]
INFO: [ app_init ] --END-- [ RunTime:0.001000s ]
INFO: [ app_begin ] --START--
INFO: Run Behavior\ReadHtmlCacheBehavior [ RunTime:0.000000s ]
INFO: [ app_begin ] --END-- [ RunTime:0.001000s ]
SQL: SHOW COLUMNS FROM `news_type` [ RunTime:0.0010s ]
SQL: SELECT * FROM `news_type` ORDER BY sno asc  [ RunTime:0.0000s ]
SQL: SHOW COLUMNS FROM `cp_type` [ RunTime:0.0010s ]
SQL: SELECT * FROM `cp_type`  [ RunTime:0.0000s ]
SQL: SHOW COLUMNS FROM `config` [ RunTime:0.0030s ]
SQL: SELECT * FROM `config` WHERE `id` = 1 LIMIT 1   [ RunTime:0.0000s ]
SQL: SELECT a.newsid,a.title,a.sj FROM `news_type` INNER JOIN news a on a.type=news_type.typeid  WHERE ( news_type.name="公司新闻" ) LIMIT 6   [ RunTime:0.0000s ]
SQL: SHOW COLUMNS FROM `news` [ RunTime:0.0020s ]
SQL: SELECT * FROM `news` WHERE (  tj=1 )  [ RunTime:0.0010s ]
SQL: SELECT `title`,`con`,`newspic` FROM `news` ORDER BY count desc LIMIT 1   [ RunTime:0.0010s ]
SQL: SELECT * FROM `cp_type`  [ RunTime:0.0000s ]
SQL: SHOW COLUMNS FROM `cp` [ RunTime:0.0010s ]
SQL: SELECT * FROM `cp` WHERE `cp_type` = 1 LIMIT 6   [ RunTime:0.0000s ]
SQL: SELECT * FROM `cp` WHERE `cp_type` = 2 LIMIT 6   [ RunTime:0.0000s ]
SQL: SELECT * FROM `cp` WHERE `cp_type` = 3 LIMIT 6   [ RunTime:0.0000s ]
INFO: [ view_parse ] --START--
INFO: [ template_filter ] --START--
INFO: Run Behavior\ContentReplaceBehavior [ RunTime:0.001000s ]
INFO: [ template_filter ] --END-- [ RunTime:0.001000s ]
NOTIC: [8] Undefined variable: cp_type D:\wamp\www\qyz\App\Runtime\Cache\Home\00e52909bed743ea261af4b6823297ff.php 第 60 行.
NOTIC: [8] Undefined variable: s D:\wamp\www\qyz\App\Runtime\Cache\Home\00e52909bed743ea261af4b6823297ff.php 第 103 行.
NOTIC: [8] Undefined variable: s D:\wamp\www\qyz\App\Runtime\Cache\Home\00e52909bed743ea261af4b6823297ff.php 第 103 行.
NOTIC: [8] Undefined variable: s D:\wamp\www\qyz\App\Runtime\Cache\Home\00e52909bed743ea261af4b6823297ff.php 第 103 行.
NOTIC: [8] Undefined index: content D:\wamp\www\qyz\App\Runtime\Cache\Home\00e52909bed743ea261af4b6823297ff.php 第 156 行.
NOTIC: [8] Undefined index: newsid D:\wamp\www\qyz\App\Runtime\Cache\Home\00e52909bed743ea261af4b6823297ff.php 第 156 行.
NOTIC: [8] Undefined index: content D:\wamp\www\qyz\App\Runtime\Cache\Home\00e52909bed743ea261af4b6823297ff.php 第 193 行.
INFO: Run Behavior\ParseTemplateBehavior [ RunTime:0.183011s ]
INFO: [ view_parse ] --END-- [ RunTime:0.184011s ]
INFO: [ view_filter ] --START--
INFO: Run Behavior\WriteHtmlCacheBehavior [ RunTime:0.096005s ]
INFO: [ view_filter ] --END-- [ RunTime:0.096005s ]
INFO: [ app_end ] --START--
INFO: Run Behavior\ShowPageTraceBehavior [ RunTime:0.021001s ]
INFO: [ app_end ] --END-- [ RunTime:0.021001s ]

