[ 2017-07-12T22:49:05+08:00 ] ::1 /php/thnkphp/index.php/index/pl
INFO: [ app_init ] --START--
INFO: Run Behavior\BuildLiteBehavior [ RunTime:0.000190s ]
INFO: [ app_init ] --END-- [ RunTime:0.004323s ]
ERR: 无法加载模块:Index

[ 2017-07-12T23:20:56+08:00 ] ::1 /php/thnkphp/index.php/index/pl
INFO: [ app_init ] --START--
INFO: Run Behavior\BuildLiteBehavior [ RunTime:0.000023s ]
INFO: [ app_init ] --END-- [ RunTime:0.000387s ]
ERR: 无法加载模块:Index

[ 2017-07-12T23:20:56+08:00 ] ::1 /php/thnkphp/index.php/index/pl
INFO: [ app_init ] --START--
INFO: Run Behavior\BuildLiteBehavior [ RunTime:0.000023s ]
INFO: [ app_init ] --END-- [ RunTime:0.000342s ]
ERR: 无法加载模块:Index

[ 2017-07-12T23:20:56+08:00 ] ::1 /php/thnkphp/index.php/index/pl
INFO: [ app_init ] --START--
INFO: Run Behavior\BuildLiteBehavior [ RunTime:0.000026s ]
INFO: [ app_init ] --END-- [ RunTime:0.000387s ]
ERR: 无法加载模块:Index

[ 2017-07-12T23:20:57+08:00 ] ::1 /php/thnkphp/index.php/index/pl
INFO: [ app_init ] --START--
INFO: Run Behavior\BuildLiteBehavior [ RunTime:0.000096s ]
INFO: [ app_init ] --END-- [ RunTime:0.001703s ]
ERR: 无法加载模块:Index

[ 2017-07-12T23:20:57+08:00 ] ::1 /php/thnkphp/index.php/index/pl
INFO: [ app_init ] --START--
INFO: Run Behavior\BuildLiteBehavior [ RunTime:0.000085s ]
INFO: [ app_init ] --END-- [ RunTime:0.000807s ]
ERR: 无法加载模块:Index

[ 2017-07-12T23:20:57+08:00 ] ::1 /php/thnkphp/index.php/index/pl
INFO: [ app_init ] --START--
INFO: Run Behavior\BuildLiteBehavior [ RunTime:0.000022s ]
INFO: [ app_init ] --END-- [ RunTime:0.000379s ]
ERR: 无法加载模块:Index

[ 2017-07-12T23:20:58+08:00 ] ::1 /php/thnkphp/index.php/index/pl
INFO: [ app_init ] --START--
INFO: Run Behavior\BuildLiteBehavior [ RunTime:0.000022s ]
INFO: [ app_init ] --END-- [ RunTime:0.000335s ]
ERR: 无法加载模块:Index

