[ 2017-08-03T11:01:29+08:00 ] 127.0.0.1 /
INFO: [ app_init ] --START--
INFO: Run Behavior\BuildLiteBehavior [ RunTime:0.000000s ]
INFO: [ app_init ] --END-- [ RunTime:0.015000s ]
INFO: [ app_begin ] --START--
INFO: Run Behavior\ReadHtmlCacheBehavior [ RunTime:0.003000s ]
INFO: [ app_begin ] --END-- [ RunTime:0.004000s ]
SQL: SHOW COLUMNS FROM `config` [ RunTime:0.4070s ]
SQL: SELECT * FROM `config` WHERE `id` = 1 LIMIT 1   [ RunTime:0.0920s ]
SQL: SHOW COLUMNS FROM `cp` [ RunTime:0.0160s ]
SQL: SELECT * FROM `cp`  [ RunTime:0.0010s ]
INFO: [ view_parse ] --START--
INFO: [ template_filter ] --START--
INFO: Run Behavior\ContentReplaceBehavior [ RunTime:0.028000s ]
INFO: [ template_filter ] --END-- [ RunTime:0.028000s ]
NOTIC: [8] Undefined index: id C:\wwwroot\dshop\App\Runtime\Cache\Home\00e52909bed743ea261af4b6823297ff.php 第 441 行.
NOTIC: [8] Undefined index: id C:\wwwroot\dshop\App\Runtime\Cache\Home\00e52909bed743ea261af4b6823297ff.php 第 441 行.
NOTIC: [8] Undefined index: id C:\wwwroot\dshop\App\Runtime\Cache\Home\00e52909bed743ea261af4b6823297ff.php 第 441 行.
NOTIC: [8] Undefined index: id C:\wwwroot\dshop\App\Runtime\Cache\Home\00e52909bed743ea261af4b6823297ff.php 第 441 行.
INFO: Run Behavior\ParseTemplateBehavior [ RunTime:0.169000s ]
INFO: [ view_parse ] --END-- [ RunTime:0.169000s ]
INFO: [ view_filter ] --START--
INFO: Run Behavior\WriteHtmlCacheBehavior [ RunTime:0.002000s ]
INFO: [ view_filter ] --END-- [ RunTime:0.002000s ]
INFO: [ app_end ] --START--
INFO: Run Behavior\ShowPageTraceBehavior [ RunTime:0.003000s ]
INFO: [ app_end ] --END-- [ RunTime:0.004000s ]

[ 2017-08-03T11:01:29+08:00 ] 127.0.0.1 /index.php/Home/Car/addcar.html
INFO: [ app_init ] --START--
INFO: Run Behavior\BuildLiteBehavior [ RunTime:0.000000s ]
INFO: [ app_init ] --END-- [ RunTime:0.001000s ]
INFO: [ app_begin ] --START--
INFO: Run Behavior\ReadHtmlCacheBehavior [ RunTime:0.001000s ]
INFO: [ app_begin ] --END-- [ RunTime:0.001000s ]
SQL: SHOW COLUMNS FROM `config` [ RunTime:0.0040s ]
SQL: SELECT * FROM `config` WHERE `id` = 1 LIMIT 1   [ RunTime:0.0000s ]
ERR: 非法操作:addcar

