[ 2017-07-14T09:08:33+08:00 ] ::1 /php/6-30/index.php/Home/Index/index.html
INFO: [ app_init ] --START--
INFO: Run Behavior\BuildLiteBehavior [ RunTime:0.000000s ]
INFO: [ app_init ] --END-- [ RunTime:0.000000s ]
INFO: [ app_begin ] --START--
INFO: Run Behavior\ReadHtmlCacheBehavior [ RunTime:0.001000s ]
INFO: [ app_begin ] --END-- [ RunTime:0.001000s ]
SQL: SHOW COLUMNS FROM `news_type` [ RunTime:0.0040s ]
SQL: SELECT * FROM `news_type` ORDER BY sno asc  [ RunTime:0.0000s ]
SQL: SELECT a.newsid,a.title,a.sj FROM `news_type` INNER JOIN news a on a.type=news_type.typeid  WHERE ( news_type.name="公司新闻" ) LIMIT 6   [ RunTime:0.0010s ]
SQL: SHOW COLUMNS FROM `news` [ RunTime:0.0030s ]
SQL: SELECT * FROM `news` WHERE (  tj=1 )  [ RunTime:0.0000s ]
SQL: SHOW COLUMNS FROM `cp_type` [ RunTime:0.0030s ]
SQL: SELECT * FROM `cp_type`  [ RunTime:0.0010s ]
SQL: SHOW COLUMNS FROM `cp` [ RunTime:0.0030s ]
SQL: SELECT * FROM `cp` WHERE `cp_type` = 1  [ RunTime:0.0000s ]
SQL: SELECT * FROM `cp` WHERE `cp_type` = 2  [ RunTime:0.0010s ]
SQL: SELECT * FROM `cp` WHERE `cp_type` = 3  [ RunTime:0.0000s ]
INFO: [ view_parse ] --START--
INFO: [ template_filter ] --START--
INFO: Run Behavior\ContentReplaceBehavior [ RunTime:0.000000s ]
INFO: [ template_filter ] --END-- [ RunTime:0.000000s ]
INFO: Run Behavior\ParseTemplateBehavior [ RunTime:0.031000s ]
INFO: [ view_parse ] --END-- [ RunTime:0.031000s ]
INFO: [ view_filter ] --START--
INFO: Run Behavior\WriteHtmlCacheBehavior [ RunTime:0.000000s ]
INFO: [ view_filter ] --END-- [ RunTime:0.001000s ]
INFO: [ app_end ] --START--
INFO: Run Behavior\ShowPageTraceBehavior [ RunTime:0.001000s ]
INFO: [ app_end ] --END-- [ RunTime:0.001000s ]

[ 2017-07-14T09:13:27+08:00 ] ::1 /php/6-30/index.php/Home/Index/index.html
INFO: [ app_init ] --START--
INFO: Run Behavior\BuildLiteBehavior [ RunTime:0.000000s ]
INFO: [ app_init ] --END-- [ RunTime:0.000000s ]
INFO: [ app_begin ] --START--
INFO: Run Behavior\ReadHtmlCacheBehavior [ RunTime:0.001000s ]
INFO: [ app_begin ] --END-- [ RunTime:0.001000s ]
SQL: SHOW COLUMNS FROM `news_type` [ RunTime:0.0040s ]
SQL: SELECT * FROM `news_type` ORDER BY sno asc  [ RunTime:0.0010s ]
SQL: SELECT a.newsid,a.title,a.sj FROM `news_type` INNER JOIN news a on a.type=news_type.typeid  WHERE ( news_type.name="公司新闻" ) LIMIT 6   [ RunTime:0.0010s ]
SQL: SHOW COLUMNS FROM `news` [ RunTime:0.0030s ]
SQL: SELECT * FROM `news` WHERE (  tj=1 )  [ RunTime:0.0000s ]
SQL: SHOW COLUMNS FROM `cp_type` [ RunTime:0.0030s ]
SQL: SELECT * FROM `cp_type`  [ RunTime:0.0000s ]
SQL: SHOW COLUMNS FROM `cp` [ RunTime:0.0020s ]
SQL: SELECT * FROM `cp` WHERE `cp_type` = 1  [ RunTime:0.0010s ]
SQL: SELECT * FROM `cp` WHERE `cp_type` = 2  [ RunTime:0.0000s ]
SQL: SELECT * FROM `cp` WHERE `cp_type` = 3  [ RunTime:0.0000s ]

[ 2017-07-14T09:19:43+08:00 ] ::1 /php/6-30/index.php/Home/Index/index.html
INFO: [ app_init ] --START--
INFO: Run Behavior\BuildLiteBehavior [ RunTime:0.000000s ]
INFO: [ app_init ] --END-- [ RunTime:0.001000s ]
INFO: [ app_begin ] --START--
INFO: Run Behavior\ReadHtmlCacheBehavior [ RunTime:0.004000s ]
INFO: [ app_begin ] --END-- [ RunTime:0.004000s ]
SQL: SHOW COLUMNS FROM `news_type` [ RunTime:0.0030s ]
SQL: SELECT * FROM `news_type` ORDER BY sno asc  [ RunTime:0.0000s ]
SQL: SELECT a.newsid,a.title,a.sj FROM `news_type` INNER JOIN news a on a.type=news_type.typeid  WHERE ( news_type.name="公司新闻" ) LIMIT 6   [ RunTime:0.0000s ]
SQL: SHOW COLUMNS FROM `news` [ RunTime:0.0040s ]
SQL: SELECT * FROM `news` WHERE (  tj=1 )  [ RunTime:0.0000s ]
SQL: SHOW COLUMNS FROM `cp_type` [ RunTime:0.0020s ]
SQL: SELECT * FROM `cp_type`  [ RunTime:0.0000s ]
SQL: SHOW COLUMNS FROM `cp` [ RunTime:0.0030s ]
SQL: SELECT * FROM `cp` WHERE `cp_type` = 1  [ RunTime:0.0000s ]
SQL: SELECT * FROM `cp` WHERE `cp_type` = 2  [ RunTime:0.0010s ]
SQL: SELECT * FROM `cp` WHERE `cp_type` = 3  [ RunTime:0.0010s ]
INFO: [ view_parse ] --START--
INFO: [ template_filter ] --START--
INFO: Run Behavior\ContentReplaceBehavior [ RunTime:0.000000s ]
INFO: [ template_filter ] --END-- [ RunTime:0.000000s ]
INFO: Run Behavior\ParseTemplateBehavior [ RunTime:0.034000s ]
INFO: [ view_parse ] --END-- [ RunTime:0.034000s ]
INFO: [ view_filter ] --START--
INFO: Run Behavior\WriteHtmlCacheBehavior [ RunTime:0.001000s ]
INFO: [ view_filter ] --END-- [ RunTime:0.001000s ]
INFO: [ app_end ] --START--
INFO: Run Behavior\ShowPageTraceBehavior [ RunTime:0.001000s ]
INFO: [ app_end ] --END-- [ RunTime:0.001000s ]

[ 2017-07-14T09:19:47+08:00 ] ::1 /php/6-30/index.php/Home/Index/index.html
INFO: [ app_init ] --START--
INFO: Run Behavior\BuildLiteBehavior [ RunTime:0.000000s ]
INFO: [ app_init ] --END-- [ RunTime:0.001000s ]
INFO: [ app_begin ] --START--
INFO: Run Behavior\ReadHtmlCacheBehavior [ RunTime:0.001000s ]
INFO: [ app_begin ] --END-- [ RunTime:0.001000s ]
SQL: SHOW COLUMNS FROM `news_type` [ RunTime:0.0030s ]
SQL: SELECT * FROM `news_type` ORDER BY sno asc  [ RunTime:0.0000s ]
SQL: SELECT a.newsid,a.title,a.sj FROM `news_type` INNER JOIN news a on a.type=news_type.typeid  WHERE ( news_type.name="公司新闻" ) LIMIT 6   [ RunTime:0.0000s ]
SQL: SHOW COLUMNS FROM `news` [ RunTime:0.0040s ]
SQL: SELECT * FROM `news` WHERE (  tj=1 )  [ RunTime:0.0010s ]
SQL: SHOW COLUMNS FROM `cp_type` [ RunTime:0.0020s ]
SQL: SELECT * FROM `cp_type`  [ RunTime:0.0000s ]
SQL: SHOW COLUMNS FROM `cp` [ RunTime:0.0030s ]
SQL: SELECT * FROM `cp` WHERE `cp_type` = 1  [ RunTime:0.0000s ]
SQL: SELECT * FROM `cp` WHERE `cp_type` = 2  [ RunTime:0.0000s ]
SQL: SELECT * FROM `cp` WHERE `cp_type` = 3  [ RunTime:0.0010s ]
INFO: [ view_parse ] --START--
INFO: [ template_filter ] --START--
INFO: Run Behavior\ContentReplaceBehavior [ RunTime:0.000000s ]
INFO: [ template_filter ] --END-- [ RunTime:0.002000s ]
INFO: Run Behavior\ParseTemplateBehavior [ RunTime:0.034000s ]
INFO: [ view_parse ] --END-- [ RunTime:0.034000s ]
INFO: [ view_filter ] --START--
INFO: Run Behavior\WriteHtmlCacheBehavior [ RunTime:0.001000s ]
INFO: [ view_filter ] --END-- [ RunTime:0.001000s ]
INFO: [ app_end ] --START--
INFO: Run Behavior\ShowPageTraceBehavior [ RunTime:0.001000s ]
INFO: [ app_end ] --END-- [ RunTime:0.001000s ]

[ 2017-07-14T09:20:54+08:00 ] ::1 /php/6-30/index.php/Home/Index/index.html
INFO: [ app_init ] --START--
INFO: Run Behavior\BuildLiteBehavior [ RunTime:0.000000s ]
INFO: [ app_init ] --END-- [ RunTime:0.001000s ]
INFO: [ app_begin ] --START--
INFO: Run Behavior\ReadHtmlCacheBehavior [ RunTime:0.001000s ]
INFO: [ app_begin ] --END-- [ RunTime:0.001000s ]
SQL: SHOW COLUMNS FROM `news_type` [ RunTime:0.0040s ]
SQL: SELECT * FROM `news_type` ORDER BY sno asc  [ RunTime:0.0000s ]
SQL: SELECT a.newsid,a.title,a.sj FROM `news_type` INNER JOIN news a on a.type=news_type.typeid  WHERE ( news_type.name="公司新闻" ) LIMIT 6   [ RunTime:0.0010s ]
SQL: SHOW COLUMNS FROM `news` [ RunTime:0.0080s ]
SQL: SELECT * FROM `news` WHERE (  tj=1 )  [ RunTime:0.0010s ]
SQL: SHOW COLUMNS FROM `cp_type` [ RunTime:0.0030s ]
SQL: SELECT * FROM `cp_type`  [ RunTime:0.0010s ]
SQL: SHOW COLUMNS FROM `cp` [ RunTime:0.0030s ]
SQL: SELECT * FROM `cp` WHERE `cp_type` = 1  [ RunTime:0.0000s ]
SQL: SELECT * FROM `cp` WHERE `cp_type` = 2  [ RunTime:0.0000s ]
SQL: SELECT * FROM `cp` WHERE `cp_type` = 3  [ RunTime:0.0000s ]
INFO: [ view_parse ] --START--
NOTIC: [8] Undefined index: condition C:\wamp\www\php\6-30\ThinkPHP3.23\Library\Think\Template\TagLib\Cx.class.php 第 140 行.
INFO: [ template_filter ] --START--
INFO: Run Behavior\ContentReplaceBehavior [ RunTime:0.000000s ]
INFO: [ template_filter ] --END-- [ RunTime:0.001000s ]

[ 2017-07-14T09:21:10+08:00 ] ::1 /php/6-30/index.php/Home/Index/index.html
INFO: [ app_init ] --START--
INFO: Run Behavior\BuildLiteBehavior [ RunTime:0.000000s ]
INFO: [ app_init ] --END-- [ RunTime:0.001000s ]
INFO: [ app_begin ] --START--
INFO: Run Behavior\ReadHtmlCacheBehavior [ RunTime:0.001000s ]
INFO: [ app_begin ] --END-- [ RunTime:0.001000s ]
SQL: SHOW COLUMNS FROM `news_type` [ RunTime:0.0040s ]
SQL: SELECT * FROM `news_type` ORDER BY sno asc  [ RunTime:0.0010s ]
SQL: SELECT a.newsid,a.title,a.sj FROM `news_type` INNER JOIN news a on a.type=news_type.typeid  WHERE ( news_type.name="公司新闻" ) LIMIT 6   [ RunTime:0.0010s ]
SQL: SHOW COLUMNS FROM `news` [ RunTime:0.0030s ]
SQL: SELECT * FROM `news` WHERE (  tj=1 )  [ RunTime:0.0000s ]
SQL: SHOW COLUMNS FROM `cp_type` [ RunTime:0.0020s ]
SQL: SELECT * FROM `cp_type`  [ RunTime:0.0000s ]
SQL: SHOW COLUMNS FROM `cp` [ RunTime:0.0040s ]
SQL: SELECT * FROM `cp` WHERE `cp_type` = 1  [ RunTime:0.0010s ]
SQL: SELECT * FROM `cp` WHERE `cp_type` = 2  [ RunTime:0.0010s ]
SQL: SELECT * FROM `cp` WHERE `cp_type` = 3  [ RunTime:0.0000s ]
INFO: [ view_parse ] --START--
INFO: [ template_filter ] --START--
INFO: Run Behavior\ContentReplaceBehavior [ RunTime:0.000000s ]
INFO: [ template_filter ] --END-- [ RunTime:0.000000s ]
INFO: Run Behavior\ParseTemplateBehavior [ RunTime:0.034000s ]
INFO: [ view_parse ] --END-- [ RunTime:0.034000s ]
INFO: [ view_filter ] --START--
INFO: Run Behavior\WriteHtmlCacheBehavior [ RunTime:0.001000s ]
INFO: [ view_filter ] --END-- [ RunTime:0.001000s ]
INFO: [ app_end ] --START--
INFO: Run Behavior\ShowPageTraceBehavior [ RunTime:0.001000s ]
INFO: [ app_end ] --END-- [ RunTime:0.001000s ]

[ 2017-07-14T09:27:22+08:00 ] ::1 /php/6-30/index.php/Home/Index/index.html
INFO: [ app_init ] --START--
INFO: Run Behavior\BuildLiteBehavior [ RunTime:0.001000s ]
INFO: [ app_init ] --END-- [ RunTime:0.001000s ]
INFO: [ app_begin ] --START--
INFO: Run Behavior\ReadHtmlCacheBehavior [ RunTime:0.001000s ]
INFO: [ app_begin ] --END-- [ RunTime:0.001000s ]
SQL: SHOW COLUMNS FROM `news_type` [ RunTime:0.0030s ]
SQL: SELECT * FROM `news_type` ORDER BY sno asc  [ RunTime:0.0000s ]
SQL: SELECT a.newsid,a.title,a.sj FROM `news_type` INNER JOIN news a on a.type=news_type.typeid  WHERE ( news_type.name="公司新闻" ) LIMIT 6   [ RunTime:0.0010s ]
SQL: SHOW COLUMNS FROM `news` [ RunTime:0.0030s ]
SQL: SELECT * FROM `news` WHERE (  tj=1 )  [ RunTime:0.0000s ]
SQL: SHOW COLUMNS FROM `cp_type` [ RunTime:0.0020s ]
SQL: SELECT * FROM `cp_type`  [ RunTime:0.0000s ]
SQL: SHOW COLUMNS FROM `cp` [ RunTime:0.0050s ]
SQL: SELECT * FROM `cp` WHERE `cp_type` = 1  [ RunTime:0.0000s ]
SQL: SELECT * FROM `cp` WHERE `cp_type` = 2  [ RunTime:0.0010s ]
SQL: SELECT * FROM `cp` WHERE `cp_type` = 3  [ RunTime:0.0000s ]
INFO: [ view_parse ] --START--
INFO: [ template_filter ] --START--
INFO: Run Behavior\ContentReplaceBehavior [ RunTime:0.000000s ]
INFO: [ template_filter ] --END-- [ RunTime:0.001000s ]
NOTIC: [8] Undefined variable: cp1 C:\wamp\www\php\6-30\App\Runtime\Cache\Home\00e52909bed743ea261af4b6823297ff.php 第 106 行.
NOTIC: [8] Undefined variable: cp1 C:\wamp\www\php\6-30\App\Runtime\Cache\Home\00e52909bed743ea261af4b6823297ff.php 第 107 行.
NOTIC: [8] Undefined variable: cp1 C:\wamp\www\php\6-30\App\Runtime\Cache\Home\00e52909bed743ea261af4b6823297ff.php 第 111 行.
NOTIC: [8] Undefined variable: cp1 C:\wamp\www\php\6-30\App\Runtime\Cache\Home\00e52909bed743ea261af4b6823297ff.php 第 112 行.
NOTIC: [8] Undefined variable: cp1 C:\wamp\www\php\6-30\App\Runtime\Cache\Home\00e52909bed743ea261af4b6823297ff.php 第 106 行.
NOTIC: [8] Undefined variable: cp1 C:\wamp\www\php\6-30\App\Runtime\Cache\Home\00e52909bed743ea261af4b6823297ff.php 第 107 行.
NOTIC: [8] Undefined variable: cp1 C:\wamp\www\php\6-30\App\Runtime\Cache\Home\00e52909bed743ea261af4b6823297ff.php 第 111 行.
NOTIC: [8] Undefined variable: cp1 C:\wamp\www\php\6-30\App\Runtime\Cache\Home\00e52909bed743ea261af4b6823297ff.php 第 112 行.
NOTIC: [8] Undefined variable: cp1 C:\wamp\www\php\6-30\App\Runtime\Cache\Home\00e52909bed743ea261af4b6823297ff.php 第 106 行.
NOTIC: [8] Undefined variable: cp1 C:\wamp\www\php\6-30\App\Runtime\Cache\Home\00e52909bed743ea261af4b6823297ff.php 第 107 行.
NOTIC: [8] Undefined variable: cp1 C:\wamp\www\php\6-30\App\Runtime\Cache\Home\00e52909bed743ea261af4b6823297ff.php 第 111 行.
NOTIC: [8] Undefined variable: cp1 C:\wamp\www\php\6-30\App\Runtime\Cache\Home\00e52909bed743ea261af4b6823297ff.php 第 112 行.
NOTIC: [8] Undefined variable: cp1 C:\wamp\www\php\6-30\App\Runtime\Cache\Home\00e52909bed743ea261af4b6823297ff.php 第 106 行.
NOTIC: [8] Undefined variable: cp1 C:\wamp\www\php\6-30\App\Runtime\Cache\Home\00e52909bed743ea261af4b6823297ff.php 第 107 行.
NOTIC: [8] Undefined variable: cp1 C:\wamp\www\php\6-30\App\Runtime\Cache\Home\00e52909bed743ea261af4b6823297ff.php 第 111 行.
NOTIC: [8] Undefined variable: cp1 C:\wamp\www\php\6-30\App\Runtime\Cache\Home\00e52909bed743ea261af4b6823297ff.php 第 112 行.
NOTIC: [8] Undefined variable: cp1 C:\wamp\www\php\6-30\App\Runtime\Cache\Home\00e52909bed743ea261af4b6823297ff.php 第 106 行.
NOTIC: [8] Undefined variable: cp1 C:\wamp\www\php\6-30\App\Runtime\Cache\Home\00e52909bed743ea261af4b6823297ff.php 第 107 行.
NOTIC: [8] Undefined variable: cp1 C:\wamp\www\php\6-30\App\Runtime\Cache\Home\00e52909bed743ea261af4b6823297ff.php 第 111 行.
NOTIC: [8] Undefined variable: cp1 C:\wamp\www\php\6-30\App\Runtime\Cache\Home\00e52909bed743ea261af4b6823297ff.php 第 112 行.
NOTIC: [8] Undefined variable: cp1 C:\wamp\www\php\6-30\App\Runtime\Cache\Home\00e52909bed743ea261af4b6823297ff.php 第 106 行.
NOTIC: [8] Undefined variable: cp1 C:\wamp\www\php\6-30\App\Runtime\Cache\Home\00e52909bed743ea261af4b6823297ff.php 第 107 行.
NOTIC: [8] Undefined variable: cp1 C:\wamp\www\php\6-30\App\Runtime\Cache\Home\00e52909bed743ea261af4b6823297ff.php 第 111 行.
NOTIC: [8] Undefined variable: cp1 C:\wamp\www\php\6-30\App\Runtime\Cache\Home\00e52909bed743ea261af4b6823297ff.php 第 112 行.
NOTIC: [8] Undefined variable: cp1 C:\wamp\www\php\6-30\App\Runtime\Cache\Home\00e52909bed743ea261af4b6823297ff.php 第 106 行.
NOTIC: [8] Undefined variable: cp1 C:\wamp\www\php\6-30\App\Runtime\Cache\Home\00e52909bed743ea261af4b6823297ff.php 第 107 行.
NOTIC: [8] Undefined variable: cp1 C:\wamp\www\php\6-30\App\Runtime\Cache\Home\00e52909bed743ea261af4b6823297ff.php 第 111 行.
NOTIC: [8] Undefined variable: cp1 C:\wamp\www\php\6-30\App\Runtime\Cache\Home\00e52909bed743ea261af4b6823297ff.php 第 112 行.
NOTIC: [8] Undefined variable: cp1 C:\wamp\www\php\6-30\App\Runtime\Cache\Home\00e52909bed743ea261af4b6823297ff.php 第 106 行.
NOTIC: [8] Undefined variable: cp1 C:\wamp\www\php\6-30\App\Runtime\Cache\Home\00e52909bed743ea261af4b6823297ff.php 第 107 行.
NOTIC: [8] Undefined variable: cp1 C:\wamp\www\php\6-30\App\Runtime\Cache\Home\00e52909bed743ea261af4b6823297ff.php 第 111 行.
NOTIC: [8] Undefined variable: cp1 C:\wamp\www\php\6-30\App\Runtime\Cache\Home\00e52909bed743ea261af4b6823297ff.php 第 112 行.
NOTIC: [8] Undefined variable: cp1 C:\wamp\www\php\6-30\App\Runtime\Cache\Home\00e52909bed743ea261af4b6823297ff.php 第 106 行.
NOTIC: [8] Undefined variable: cp1 C:\wamp\www\php\6-30\App\Runtime\Cache\Home\00e52909bed743ea261af4b6823297ff.php 第 107 行.
NOTIC: [8] Undefined variable: cp1 C:\wamp\www\php\6-30\App\Runtime\Cache\Home\00e52909bed743ea261af4b6823297ff.php 第 111 行.
NOTIC: [8] Undefined variable: cp1 C:\wamp\www\php\6-30\App\Runtime\Cache\Home\00e52909bed743ea261af4b6823297ff.php 第 112 行.
INFO: Run Behavior\ParseTemplateBehavior [ RunTime:0.048000s ]
INFO: [ view_parse ] --END-- [ RunTime:0.048000s ]
INFO: [ view_filter ] --START--
INFO: Run Behavior\WriteHtmlCacheBehavior [ RunTime:0.001000s ]
INFO: [ view_filter ] --END-- [ RunTime:0.001000s ]
INFO: [ app_end ] --START--
INFO: Run Behavior\ShowPageTraceBehavior [ RunTime:0.001000s ]
INFO: [ app_end ] --END-- [ RunTime:0.001000s ]

[ 2017-07-14T09:27:31+08:00 ] ::1 /php/6-30/index.php/Home/Index/index.html
INFO: [ app_init ] --START--
INFO: Run Behavior\BuildLiteBehavior [ RunTime:0.000000s ]
INFO: [ app_init ] --END-- [ RunTime:0.000000s ]
INFO: [ app_begin ] --START--
INFO: Run Behavior\ReadHtmlCacheBehavior [ RunTime:0.001000s ]
INFO: [ app_begin ] --END-- [ RunTime:0.001000s ]
SQL: SHOW COLUMNS FROM `news_type` [ RunTime:0.0030s ]
SQL: SELECT * FROM `news_type` ORDER BY sno asc  [ RunTime:0.0000s ]
SQL: SELECT a.newsid,a.title,a.sj FROM `news_type` INNER JOIN news a on a.type=news_type.typeid  WHERE ( news_type.name="公司新闻" ) LIMIT 6   [ RunTime:0.0010s ]
SQL: SHOW COLUMNS FROM `news` [ RunTime:0.0080s ]
SQL: SELECT * FROM `news` WHERE (  tj=1 )  [ RunTime:0.0000s ]
SQL: SHOW COLUMNS FROM `cp_type` [ RunTime:0.0030s ]
SQL: SELECT * FROM `cp_type`  [ RunTime:0.0000s ]
SQL: SHOW COLUMNS FROM `cp` [ RunTime:0.0020s ]
SQL: SELECT * FROM `cp` WHERE `cp_type` = 1  [ RunTime:0.0000s ]
SQL: SELECT * FROM `cp` WHERE `cp_type` = 2  [ RunTime:0.0000s ]
SQL: SELECT * FROM `cp` WHERE `cp_type` = 3  [ RunTime:0.0000s ]
INFO: [ view_parse ] --START--
INFO: [ template_filter ] --START--
INFO: Run Behavior\ContentReplaceBehavior [ RunTime:0.000000s ]
INFO: [ template_filter ] --END-- [ RunTime:0.000000s ]
NOTIC: [8] Undefined variable: cp1 C:\wamp\www\php\6-30\App\Runtime\Cache\Home\00e52909bed743ea261af4b6823297ff.php 第 106 行.
NOTIC: [8] Undefined variable: cp1 C:\wamp\www\php\6-30\App\Runtime\Cache\Home\00e52909bed743ea261af4b6823297ff.php 第 107 行.
NOTIC: [8] Undefined variable: cp1 C:\wamp\www\php\6-30\App\Runtime\Cache\Home\00e52909bed743ea261af4b6823297ff.php 第 111 行.
NOTIC: [8] Undefined variable: cp1 C:\wamp\www\php\6-30\App\Runtime\Cache\Home\00e52909bed743ea261af4b6823297ff.php 第 112 行.
NOTIC: [8] Undefined variable: cp1 C:\wamp\www\php\6-30\App\Runtime\Cache\Home\00e52909bed743ea261af4b6823297ff.php 第 106 行.
NOTIC: [8] Undefined variable: cp1 C:\wamp\www\php\6-30\App\Runtime\Cache\Home\00e52909bed743ea261af4b6823297ff.php 第 107 行.
NOTIC: [8] Undefined variable: cp1 C:\wamp\www\php\6-30\App\Runtime\Cache\Home\00e52909bed743ea261af4b6823297ff.php 第 111 行.
NOTIC: [8] Undefined variable: cp1 C:\wamp\www\php\6-30\App\Runtime\Cache\Home\00e52909bed743ea261af4b6823297ff.php 第 112 行.
NOTIC: [8] Undefined variable: cp1 C:\wamp\www\php\6-30\App\Runtime\Cache\Home\00e52909bed743ea261af4b6823297ff.php 第 106 行.
NOTIC: [8] Undefined variable: cp1 C:\wamp\www\php\6-30\App\Runtime\Cache\Home\00e52909bed743ea261af4b6823297ff.php 第 107 行.
NOTIC: [8] Undefined variable: cp1 C:\wamp\www\php\6-30\App\Runtime\Cache\Home\00e52909bed743ea261af4b6823297ff.php 第 111 行.
NOTIC: [8] Undefined variable: cp1 C:\wamp\www\php\6-30\App\Runtime\Cache\Home\00e52909bed743ea261af4b6823297ff.php 第 112 行.
NOTIC: [8] Undefined variable: cp1 C:\wamp\www\php\6-30\App\Runtime\Cache\Home\00e52909bed743ea261af4b6823297ff.php 第 106 行.
NOTIC: [8] Undefined variable: cp1 C:\wamp\www\php\6-30\App\Runtime\Cache\Home\00e52909bed743ea261af4b6823297ff.php 第 107 行.
NOTIC: [8] Undefined variable: cp1 C:\wamp\www\php\6-30\App\Runtime\Cache\Home\00e52909bed743ea261af4b6823297ff.php 第 111 行.
NOTIC: [8] Undefined variable: cp1 C:\wamp\www\php\6-30\App\Runtime\Cache\Home\00e52909bed743ea261af4b6823297ff.php 第 112 行.
NOTIC: [8] Undefined variable: cp1 C:\wamp\www\php\6-30\App\Runtime\Cache\Home\00e52909bed743ea261af4b6823297ff.php 第 106 行.
NOTIC: [8] Undefined variable: cp1 C:\wamp\www\php\6-30\App\Runtime\Cache\Home\00e52909bed743ea261af4b6823297ff.php 第 107 行.
NOTIC: [8] Undefined variable: cp1 C:\wamp\www\php\6-30\App\Runtime\Cache\Home\00e52909bed743ea261af4b6823297ff.php 第 111 行.
NOTIC: [8] Undefined variable: cp1 C:\wamp\www\php\6-30\App\Runtime\Cache\Home\00e52909bed743ea261af4b6823297ff.php 第 112 行.
NOTIC: [8] Undefined variable: cp1 C:\wamp\www\php\6-30\App\Runtime\Cache\Home\00e52909bed743ea261af4b6823297ff.php 第 106 行.
NOTIC: [8] Undefined variable: cp1 C:\wamp\www\php\6-30\App\Runtime\Cache\Home\00e52909bed743ea261af4b6823297ff.php 第 107 行.
NOTIC: [8] Undefined variable: cp1 C:\wamp\www\php\6-30\App\Runtime\Cache\Home\00e52909bed743ea261af4b6823297ff.php 第 111 行.
NOTIC: [8] Undefined variable: cp1 C:\wamp\www\php\6-30\App\Runtime\Cache\Home\00e52909bed743ea261af4b6823297ff.php 第 112 行.
NOTIC: [8] Undefined variable: cp1 C:\wamp\www\php\6-30\App\Runtime\Cache\Home\00e52909bed743ea261af4b6823297ff.php 第 106 行.
NOTIC: [8] Undefined variable: cp1 C:\wamp\www\php\6-30\App\Runtime\Cache\Home\00e52909bed743ea261af4b6823297ff.php 第 107 行.
NOTIC: [8] Undefined variable: cp1 C:\wamp\www\php\6-30\App\Runtime\Cache\Home\00e52909bed743ea261af4b6823297ff.php 第 111 行.
NOTIC: [8] Undefined variable: cp1 C:\wamp\www\php\6-30\App\Runtime\Cache\Home\00e52909bed743ea261af4b6823297ff.php 第 112 行.
NOTIC: [8] Undefined variable: cp1 C:\wamp\www\php\6-30\App\Runtime\Cache\Home\00e52909bed743ea261af4b6823297ff.php 第 106 行.
NOTIC: [8] Undefined variable: cp1 C:\wamp\www\php\6-30\App\Runtime\Cache\Home\00e52909bed743ea261af4b6823297ff.php 第 107 行.
NOTIC: [8] Undefined variable: cp1 C:\wamp\www\php\6-30\App\Runtime\Cache\Home\00e52909bed743ea261af4b6823297ff.php 第 111 行.
NOTIC: [8] Undefined variable: cp1 C:\wamp\www\php\6-30\App\Runtime\Cache\Home\00e52909bed743ea261af4b6823297ff.php 第 112 行.
NOTIC: [8] Undefined variable: cp1 C:\wamp\www\php\6-30\App\Runtime\Cache\Home\00e52909bed743ea261af4b6823297ff.php 第 106 行.
NOTIC: [8] Undefined variable: cp1 C:\wamp\www\php\6-30\App\Runtime\Cache\Home\00e52909bed743ea261af4b6823297ff.php 第 107 行.
NOTIC: [8] Undefined variable: cp1 C:\wamp\www\php\6-30\App\Runtime\Cache\Home\00e52909bed743ea261af4b6823297ff.php 第 111 行.
NOTIC: [8] Undefined variable: cp1 C:\wamp\www\php\6-30\App\Runtime\Cache\Home\00e52909bed743ea261af4b6823297ff.php 第 112 行.
INFO: Run Behavior\ParseTemplateBehavior [ RunTime:0.036000s ]
INFO: [ view_parse ] --END-- [ RunTime:0.037000s ]
INFO: [ view_filter ] --START--
INFO: Run Behavior\WriteHtmlCacheBehavior [ RunTime:0.001000s ]
INFO: [ view_filter ] --END-- [ RunTime:0.001000s ]
INFO: [ app_end ] --START--
INFO: Run Behavior\ShowPageTraceBehavior [ RunTime:0.001000s ]
INFO: [ app_end ] --END-- [ RunTime:0.001000s ]

[ 2017-07-14T09:27:46+08:00 ] ::1 /php/6-30/index.php/Home/Index/index.html
INFO: [ app_init ] --START--
INFO: Run Behavior\BuildLiteBehavior [ RunTime:0.000000s ]
INFO: [ app_init ] --END-- [ RunTime:0.001000s ]
INFO: [ app_begin ] --START--
INFO: Run Behavior\ReadHtmlCacheBehavior [ RunTime:0.001000s ]
INFO: [ app_begin ] --END-- [ RunTime:0.001000s ]
SQL: SHOW COLUMNS FROM `news_type` [ RunTime:0.0090s ]
SQL: SELECT * FROM `news_type` ORDER BY sno asc  [ RunTime:0.0010s ]
SQL: SELECT a.newsid,a.title,a.sj FROM `news_type` INNER JOIN news a on a.type=news_type.typeid  WHERE ( news_type.name="公司新闻" ) LIMIT 6   [ RunTime:0.0010s ]
SQL: SHOW COLUMNS FROM `news` [ RunTime:0.0020s ]
SQL: SELECT * FROM `news` WHERE (  tj=1 )  [ RunTime:0.0000s ]
SQL: SHOW COLUMNS FROM `cp_type` [ RunTime:0.0020s ]
SQL: SELECT * FROM `cp_type`  [ RunTime:0.0000s ]
SQL: SHOW COLUMNS FROM `cp` [ RunTime:0.0040s ]
SQL: SELECT * FROM `cp` WHERE `cp_type` = 1  [ RunTime:0.0010s ]
SQL: SELECT * FROM `cp` WHERE `cp_type` = 2  [ RunTime:0.0000s ]
SQL: SELECT * FROM `cp` WHERE `cp_type` = 3  [ RunTime:0.0000s ]
INFO: [ view_parse ] --START--
INFO: [ template_filter ] --START--
INFO: Run Behavior\ContentReplaceBehavior [ RunTime:0.000000s ]
INFO: [ template_filter ] --END-- [ RunTime:0.000000s ]
NOTIC: [8] Undefined variable: cp1 C:\wamp\www\php\6-30\App\Runtime\Cache\Home\00e52909bed743ea261af4b6823297ff.php 第 107 行.
NOTIC: [8] Undefined variable: cp1 C:\wamp\www\php\6-30\App\Runtime\Cache\Home\00e52909bed743ea261af4b6823297ff.php 第 111 行.
NOTIC: [8] Undefined variable: cp1 C:\wamp\www\php\6-30\App\Runtime\Cache\Home\00e52909bed743ea261af4b6823297ff.php 第 112 行.
NOTIC: [8] Undefined variable: cp1 C:\wamp\www\php\6-30\App\Runtime\Cache\Home\00e52909bed743ea261af4b6823297ff.php 第 107 行.
NOTIC: [8] Undefined variable: cp1 C:\wamp\www\php\6-30\App\Runtime\Cache\Home\00e52909bed743ea261af4b6823297ff.php 第 111 行.
NOTIC: [8] Undefined variable: cp1 C:\wamp\www\php\6-30\App\Runtime\Cache\Home\00e52909bed743ea261af4b6823297ff.php 第 112 行.
NOTIC: [8] Undefined variable: cp1 C:\wamp\www\php\6-30\App\Runtime\Cache\Home\00e52909bed743ea261af4b6823297ff.php 第 107 行.
NOTIC: [8] Undefined variable: cp1 C:\wamp\www\php\6-30\App\Runtime\Cache\Home\00e52909bed743ea261af4b6823297ff.php 第 111 行.
NOTIC: [8] Undefined variable: cp1 C:\wamp\www\php\6-30\App\Runtime\Cache\Home\00e52909bed743ea261af4b6823297ff.php 第 112 行.
NOTIC: [8] Undefined variable: cp1 C:\wamp\www\php\6-30\App\Runtime\Cache\Home\00e52909bed743ea261af4b6823297ff.php 第 107 行.
NOTIC: [8] Undefined variable: cp1 C:\wamp\www\php\6-30\App\Runtime\Cache\Home\00e52909bed743ea261af4b6823297ff.php 第 111 行.
NOTIC: [8] Undefined variable: cp1 C:\wamp\www\php\6-30\App\Runtime\Cache\Home\00e52909bed743ea261af4b6823297ff.php 第 112 行.
NOTIC: [8] Undefined variable: cp1 C:\wamp\www\php\6-30\App\Runtime\Cache\Home\00e52909bed743ea261af4b6823297ff.php 第 107 行.
NOTIC: [8] Undefined variable: cp1 C:\wamp\www\php\6-30\App\Runtime\Cache\Home\00e52909bed743ea261af4b6823297ff.php 第 111 行.
NOTIC: [8] Undefined variable: cp1 C:\wamp\www\php\6-30\App\Runtime\Cache\Home\00e52909bed743ea261af4b6823297ff.php 第 112 行.
NOTIC: [8] Undefined variable: cp1 C:\wamp\www\php\6-30\App\Runtime\Cache\Home\00e52909bed743ea261af4b6823297ff.php 第 107 行.
NOTIC: [8] Undefined variable: cp1 C:\wamp\www\php\6-30\App\Runtime\Cache\Home\00e52909bed743ea261af4b6823297ff.php 第 111 行.
NOTIC: [8] Undefined variable: cp1 C:\wamp\www\php\6-30\App\Runtime\Cache\Home\00e52909bed743ea261af4b6823297ff.php 第 112 行.
NOTIC: [8] Undefined variable: cp1 C:\wamp\www\php\6-30\App\Runtime\Cache\Home\00e52909bed743ea261af4b6823297ff.php 第 107 行.
NOTIC: [8] Undefined variable: cp1 C:\wamp\www\php\6-30\App\Runtime\Cache\Home\00e52909bed743ea261af4b6823297ff.php 第 111 行.
NOTIC: [8] Undefined variable: cp1 C:\wamp\www\php\6-30\App\Runtime\Cache\Home\00e52909bed743ea261af4b6823297ff.php 第 112 行.
NOTIC: [8] Undefined variable: cp1 C:\wamp\www\php\6-30\App\Runtime\Cache\Home\00e52909bed743ea261af4b6823297ff.php 第 107 行.
NOTIC: [8] Undefined variable: cp1 C:\wamp\www\php\6-30\App\Runtime\Cache\Home\00e52909bed743ea261af4b6823297ff.php 第 111 行.
NOTIC: [8] Undefined variable: cp1 C:\wamp\www\php\6-30\App\Runtime\Cache\Home\00e52909bed743ea261af4b6823297ff.php 第 112 行.
NOTIC: [8] Undefined variable: cp1 C:\wamp\www\php\6-30\App\Runtime\Cache\Home\00e52909bed743ea261af4b6823297ff.php 第 107 行.
NOTIC: [8] Undefined variable: cp1 C:\wamp\www\php\6-30\App\Runtime\Cache\Home\00e52909bed743ea261af4b6823297ff.php 第 111 行.
NOTIC: [8] Undefined variable: cp1 C:\wamp\www\php\6-30\App\Runtime\Cache\Home\00e52909bed743ea261af4b6823297ff.php 第 112 行.
INFO: Run Behavior\ParseTemplateBehavior [ RunTime:0.034000s ]
INFO: [ view_parse ] --END-- [ RunTime:0.034000s ]
INFO: [ view_filter ] --START--
INFO: Run Behavior\WriteHtmlCacheBehavior [ RunTime:0.001000s ]
INFO: [ view_filter ] --END-- [ RunTime:0.001000s ]
INFO: [ app_end ] --START--
INFO: Run Behavior\ShowPageTraceBehavior [ RunTime:0.000000s ]
INFO: [ app_end ] --END-- [ RunTime:0.000000s ]

[ 2017-07-14T09:28:10+08:00 ] ::1 /php/6-30/index.php/Home/Index/index.html
INFO: [ app_init ] --START--
INFO: Run Behavior\BuildLiteBehavior [ RunTime:0.000000s ]
INFO: [ app_init ] --END-- [ RunTime:0.003000s ]
INFO: [ app_begin ] --START--
INFO: Run Behavior\ReadHtmlCacheBehavior [ RunTime:0.001000s ]
INFO: [ app_begin ] --END-- [ RunTime:0.001000s ]
SQL: SHOW COLUMNS FROM `news_type` [ RunTime:0.0040s ]
SQL: SELECT * FROM `news_type` ORDER BY sno asc  [ RunTime:0.0000s ]
SQL: SELECT a.newsid,a.title,a.sj FROM `news_type` INNER JOIN news a on a.type=news_type.typeid  WHERE ( news_type.name="公司新闻" ) LIMIT 6   [ RunTime:0.0000s ]
SQL: SHOW COLUMNS FROM `news` [ RunTime:0.0040s ]
SQL: SELECT * FROM `news` WHERE (  tj=1 )  [ RunTime:0.0000s ]
SQL: SHOW COLUMNS FROM `cp_type` [ RunTime:0.0080s ]
SQL: SELECT * FROM `cp_type`  [ RunTime:0.0000s ]
SQL: SHOW COLUMNS FROM `cp` [ RunTime:0.0040s ]
SQL: SELECT * FROM `cp` WHERE `cp_type` = 1  [ RunTime:0.0010s ]
SQL: SELECT * FROM `cp` WHERE `cp_type` = 2  [ RunTime:0.0000s ]
SQL: SELECT * FROM `cp` WHERE `cp_type` = 3  [ RunTime:0.0000s ]
INFO: [ view_parse ] --START--
INFO: [ template_filter ] --START--
INFO: Run Behavior\ContentReplaceBehavior [ RunTime:0.000000s ]
INFO: [ template_filter ] --END-- [ RunTime:0.000000s ]
NOTIC: [8] Undefined variable: cp1 C:\wamp\www\php\6-30\App\Runtime\Cache\Home\00e52909bed743ea261af4b6823297ff.php 第 107 行.
NOTIC: [8] Undefined variable: cp1 C:\wamp\www\php\6-30\App\Runtime\Cache\Home\00e52909bed743ea261af4b6823297ff.php 第 111 行.
NOTIC: [8] Undefined variable: cp1 C:\wamp\www\php\6-30\App\Runtime\Cache\Home\00e52909bed743ea261af4b6823297ff.php 第 112 行.
NOTIC: [8] Undefined variable: cp1 C:\wamp\www\php\6-30\App\Runtime\Cache\Home\00e52909bed743ea261af4b6823297ff.php 第 107 行.
NOTIC: [8] Undefined variable: cp1 C:\wamp\www\php\6-30\App\Runtime\Cache\Home\00e52909bed743ea261af4b6823297ff.php 第 111 行.
NOTIC: [8] Undefined variable: cp1 C:\wamp\www\php\6-30\App\Runtime\Cache\Home\00e52909bed743ea261af4b6823297ff.php 第 112 行.
NOTIC: [8] Undefined variable: cp1 C:\wamp\www\php\6-30\App\Runtime\Cache\Home\00e52909bed743ea261af4b6823297ff.php 第 107 行.
NOTIC: [8] Undefined variable: cp1 C:\wamp\www\php\6-30\App\Runtime\Cache\Home\00e52909bed743ea261af4b6823297ff.php 第 111 行.
NOTIC: [8] Undefined variable: cp1 C:\wamp\www\php\6-30\App\Runtime\Cache\Home\00e52909bed743ea261af4b6823297ff.php 第 112 行.
NOTIC: [8] Undefined variable: cp1 C:\wamp\www\php\6-30\App\Runtime\Cache\Home\00e52909bed743ea261af4b6823297ff.php 第 107 行.
NOTIC: [8] Undefined variable: cp1 C:\wamp\www\php\6-30\App\Runtime\Cache\Home\00e52909bed743ea261af4b6823297ff.php 第 111 行.
NOTIC: [8] Undefined variable: cp1 C:\wamp\www\php\6-30\App\Runtime\Cache\Home\00e52909bed743ea261af4b6823297ff.php 第 112 行.
NOTIC: [8] Undefined variable: cp1 C:\wamp\www\php\6-30\App\Runtime\Cache\Home\00e52909bed743ea261af4b6823297ff.php 第 107 行.
NOTIC: [8] Undefined variable: cp1 C:\wamp\www\php\6-30\App\Runtime\Cache\Home\00e52909bed743ea261af4b6823297ff.php 第 111 行.
NOTIC: [8] Undefined variable: cp1 C:\wamp\www\php\6-30\App\Runtime\Cache\Home\00e52909bed743ea261af4b6823297ff.php 第 112 行.
NOTIC: [8] Undefined variable: cp1 C:\wamp\www\php\6-30\App\Runtime\Cache\Home\00e52909bed743ea261af4b6823297ff.php 第 107 行.
NOTIC: [8] Undefined variable: cp1 C:\wamp\www\php\6-30\App\Runtime\Cache\Home\00e52909bed743ea261af4b6823297ff.php 第 111 行.
NOTIC: [8] Undefined variable: cp1 C:\wamp\www\php\6-30\App\Runtime\Cache\Home\00e52909bed743ea261af4b6823297ff.php 第 112 行.
NOTIC: [8] Undefined variable: cp1 C:\wamp\www\php\6-30\App\Runtime\Cache\Home\00e52909bed743ea261af4b6823297ff.php 第 107 行.
NOTIC: [8] Undefined variable: cp1 C:\wamp\www\php\6-30\App\Runtime\Cache\Home\00e52909bed743ea261af4b6823297ff.php 第 111 行.
NOTIC: [8] Undefined variable: cp1 C:\wamp\www\php\6-30\App\Runtime\Cache\Home\00e52909bed743ea261af4b6823297ff.php 第 112 行.
NOTIC: [8] Undefined variable: cp1 C:\wamp\www\php\6-30\App\Runtime\Cache\Home\00e52909bed743ea261af4b6823297ff.php 第 107 行.
NOTIC: [8] Undefined variable: cp1 C:\wamp\www\php\6-30\App\Runtime\Cache\Home\00e52909bed743ea261af4b6823297ff.php 第 111 行.
NOTIC: [8] Undefined variable: cp1 C:\wamp\www\php\6-30\App\Runtime\Cache\Home\00e52909bed743ea261af4b6823297ff.php 第 112 行.
NOTIC: [8] Undefined variable: cp1 C:\wamp\www\php\6-30\App\Runtime\Cache\Home\00e52909bed743ea261af4b6823297ff.php 第 107 行.
NOTIC: [8] Undefined variable: cp1 C:\wamp\www\php\6-30\App\Runtime\Cache\Home\00e52909bed743ea261af4b6823297ff.php 第 111 行.
NOTIC: [8] Undefined variable: cp1 C:\wamp\www\php\6-30\App\Runtime\Cache\Home\00e52909bed743ea261af4b6823297ff.php 第 112 行.
INFO: Run Behavior\ParseTemplateBehavior [ RunTime:0.036000s ]
INFO: [ view_parse ] --END-- [ RunTime:0.036000s ]
INFO: [ view_filter ] --START--
INFO: Run Behavior\WriteHtmlCacheBehavior [ RunTime:0.001000s ]
INFO: [ view_filter ] --END-- [ RunTime:0.001000s ]
INFO: [ app_end ] --START--
INFO: Run Behavior\ShowPageTraceBehavior [ RunTime:0.000000s ]
INFO: [ app_end ] --END-- [ RunTime:0.000000s ]

[ 2017-07-14T09:29:32+08:00 ] ::1 /php/6-30/index.php/Home/Index/index.html
INFO: [ app_init ] --START--
INFO: Run Behavior\BuildLiteBehavior [ RunTime:0.000000s ]
INFO: [ app_init ] --END-- [ RunTime:0.001000s ]
INFO: [ app_begin ] --START--
INFO: Run Behavior\ReadHtmlCacheBehavior [ RunTime:0.000000s ]
INFO: [ app_begin ] --END-- [ RunTime:0.001000s ]
SQL: SHOW COLUMNS FROM `news_type` [ RunTime:0.0080s ]
SQL: SELECT * FROM `news_type` ORDER BY sno asc  [ RunTime:0.0010s ]
SQL: SELECT a.newsid,a.title,a.sj FROM `news_type` INNER JOIN news a on a.type=news_type.typeid  WHERE ( news_type.name="公司新闻" ) LIMIT 6   [ RunTime:0.0010s ]
SQL: SHOW COLUMNS FROM `news` [ RunTime:0.0040s ]
SQL: SELECT * FROM `news` WHERE (  tj=1 )  [ RunTime:0.0000s ]
SQL: SHOW COLUMNS FROM `cp_type` [ RunTime:0.0030s ]
SQL: SELECT * FROM `cp_type`  [ RunTime:0.0010s ]
SQL: SHOW COLUMNS FROM `cp` [ RunTime:0.0030s ]
SQL: SELECT * FROM `cp` WHERE `cp_type` = 1  [ RunTime:0.0010s ]
SQL: SELECT * FROM `cp` WHERE `cp_type` = 2  [ RunTime:0.0000s ]
SQL: SELECT * FROM `cp` WHERE `cp_type` = 3  [ RunTime:0.0000s ]
INFO: [ view_parse ] --START--
INFO: [ template_filter ] --START--
INFO: Run Behavior\ContentReplaceBehavior [ RunTime:0.000000s ]
INFO: [ template_filter ] --END-- [ RunTime:0.000000s ]
NOTIC: [8] Undefined variable: s C:\wamp\www\php\6-30\App\Runtime\Cache\Home\00e52909bed743ea261af4b6823297ff.php 第 100 行.
NOTIC: [8] Undefined variable: cp1 C:\wamp\www\php\6-30\App\Runtime\Cache\Home\00e52909bed743ea261af4b6823297ff.php 第 107 行.
NOTIC: [8] Undefined variable: cp1 C:\wamp\www\php\6-30\App\Runtime\Cache\Home\00e52909bed743ea261af4b6823297ff.php 第 111 行.
NOTIC: [8] Undefined variable: cp1 C:\wamp\www\php\6-30\App\Runtime\Cache\Home\00e52909bed743ea261af4b6823297ff.php 第 112 行.
NOTIC: [8] Undefined variable: cp1 C:\wamp\www\php\6-30\App\Runtime\Cache\Home\00e52909bed743ea261af4b6823297ff.php 第 107 行.
NOTIC: [8] Undefined variable: cp1 C:\wamp\www\php\6-30\App\Runtime\Cache\Home\00e52909bed743ea261af4b6823297ff.php 第 111 行.
NOTIC: [8] Undefined variable: cp1 C:\wamp\www\php\6-30\App\Runtime\Cache\Home\00e52909bed743ea261af4b6823297ff.php 第 112 行.
NOTIC: [8] Undefined variable: cp1 C:\wamp\www\php\6-30\App\Runtime\Cache\Home\00e52909bed743ea261af4b6823297ff.php 第 107 行.
NOTIC: [8] Undefined variable: cp1 C:\wamp\www\php\6-30\App\Runtime\Cache\Home\00e52909bed743ea261af4b6823297ff.php 第 111 行.
NOTIC: [8] Undefined variable: cp1 C:\wamp\www\php\6-30\App\Runtime\Cache\Home\00e52909bed743ea261af4b6823297ff.php 第 112 行.
NOTIC: [8] Undefined variable: s C:\wamp\www\php\6-30\App\Runtime\Cache\Home\00e52909bed743ea261af4b6823297ff.php 第 100 行.
NOTIC: [8] Undefined variable: cp1 C:\wamp\www\php\6-30\App\Runtime\Cache\Home\00e52909bed743ea261af4b6823297ff.php 第 107 行.
NOTIC: [8] Undefined variable: cp1 C:\wamp\www\php\6-30\App\Runtime\Cache\Home\00e52909bed743ea261af4b6823297ff.php 第 111 行.
NOTIC: [8] Undefined variable: cp1 C:\wamp\www\php\6-30\App\Runtime\Cache\Home\00e52909bed743ea261af4b6823297ff.php 第 112 行.
NOTIC: [8] Undefined variable: cp1 C:\wamp\www\php\6-30\App\Runtime\Cache\Home\00e52909bed743ea261af4b6823297ff.php 第 107 行.
NOTIC: [8] Undefined variable: cp1 C:\wamp\www\php\6-30\App\Runtime\Cache\Home\00e52909bed743ea261af4b6823297ff.php 第 111 行.
NOTIC: [8] Undefined variable: cp1 C:\wamp\www\php\6-30\App\Runtime\Cache\Home\00e52909bed743ea261af4b6823297ff.php 第 112 行.
NOTIC: [8] Undefined variable: cp1 C:\wamp\www\php\6-30\App\Runtime\Cache\Home\00e52909bed743ea261af4b6823297ff.php 第 107 行.
NOTIC: [8] Undefined variable: cp1 C:\wamp\www\php\6-30\App\Runtime\Cache\Home\00e52909bed743ea261af4b6823297ff.php 第 111 行.
NOTIC: [8] Undefined variable: cp1 C:\wamp\www\php\6-30\App\Runtime\Cache\Home\00e52909bed743ea261af4b6823297ff.php 第 112 行.
NOTIC: [8] Undefined variable: s C:\wamp\www\php\6-30\App\Runtime\Cache\Home\00e52909bed743ea261af4b6823297ff.php 第 100 行.
NOTIC: [8] Undefined variable: cp1 C:\wamp\www\php\6-30\App\Runtime\Cache\Home\00e52909bed743ea261af4b6823297ff.php 第 107 行.
NOTIC: [8] Undefined variable: cp1 C:\wamp\www\php\6-30\App\Runtime\Cache\Home\00e52909bed743ea261af4b6823297ff.php 第 111 行.
NOTIC: [8] Undefined variable: cp1 C:\wamp\www\php\6-30\App\Runtime\Cache\Home\00e52909bed743ea261af4b6823297ff.php 第 112 行.
NOTIC: [8] Undefined variable: cp1 C:\wamp\www\php\6-30\App\Runtime\Cache\Home\00e52909bed743ea261af4b6823297ff.php 第 107 行.
NOTIC: [8] Undefined variable: cp1 C:\wamp\www\php\6-30\App\Runtime\Cache\Home\00e52909bed743ea261af4b6823297ff.php 第 111 行.
NOTIC: [8] Undefined variable: cp1 C:\wamp\www\php\6-30\App\Runtime\Cache\Home\00e52909bed743ea261af4b6823297ff.php 第 112 行.
NOTIC: [8] Undefined variable: cp1 C:\wamp\www\php\6-30\App\Runtime\Cache\Home\00e52909bed743ea261af4b6823297ff.php 第 107 行.
NOTIC: [8] Undefined variable: cp1 C:\wamp\www\php\6-30\App\Runtime\Cache\Home\00e52909bed743ea261af4b6823297ff.php 第 111 行.
NOTIC: [8] Undefined variable: cp1 C:\wamp\www\php\6-30\App\Runtime\Cache\Home\00e52909bed743ea261af4b6823297ff.php 第 112 行.
INFO: Run Behavior\ParseTemplateBehavior [ RunTime:0.034000s ]
INFO: [ view_parse ] --END-- [ RunTime:0.034000s ]
INFO: [ view_filter ] --START--
INFO: Run Behavior\WriteHtmlCacheBehavior [ RunTime:0.002000s ]
INFO: [ view_filter ] --END-- [ RunTime:0.002000s ]
INFO: [ app_end ] --START--
INFO: Run Behavior\ShowPageTraceBehavior [ RunTime:0.001000s ]
INFO: [ app_end ] --END-- [ RunTime:0.001000s ]

[ 2017-07-14T09:30:54+08:00 ] ::1 /php/6-30/index.php/Home/Index/index.html
INFO: [ app_init ] --START--
INFO: Run Behavior\BuildLiteBehavior [ RunTime:0.000000s ]
INFO: [ app_init ] --END-- [ RunTime:0.002000s ]
INFO: [ app_begin ] --START--
INFO: Run Behavior\ReadHtmlCacheBehavior [ RunTime:0.000000s ]
INFO: [ app_begin ] --END-- [ RunTime:0.001000s ]
SQL: SHOW COLUMNS FROM `news_type` [ RunTime:0.0070s ]
SQL: SELECT * FROM `news_type` ORDER BY sno asc  [ RunTime:0.0010s ]
SQL: SELECT a.newsid,a.title,a.sj FROM `news_type` INNER JOIN news a on a.type=news_type.typeid  WHERE ( news_type.name="公司新闻" ) LIMIT 6   [ RunTime:0.0000s ]
SQL: SHOW COLUMNS FROM `news` [ RunTime:0.0030s ]
SQL: SELECT * FROM `news` WHERE (  tj=1 )  [ RunTime:0.0030s ]
SQL: SHOW COLUMNS FROM `cp_type` [ RunTime:0.0040s ]
SQL: SELECT * FROM `cp_type`  [ RunTime:0.0000s ]
SQL: SHOW COLUMNS FROM `cp` [ RunTime:0.0040s ]
SQL: SELECT * FROM `cp` WHERE `cp_type` = 1  [ RunTime:0.0010s ]
SQL: SELECT * FROM `cp` WHERE `cp_type` = 2  [ RunTime:0.0000s ]
SQL: SELECT * FROM `cp` WHERE `cp_type` = 3  [ RunTime:0.0000s ]
INFO: [ view_parse ] --START--
INFO: [ template_filter ] --START--
INFO: Run Behavior\ContentReplaceBehavior [ RunTime:0.000000s ]
INFO: [ template_filter ] --END-- [ RunTime:0.000000s ]
NOTIC: [8] Undefined variable: s C:\wamp\www\php\6-30\App\Runtime\Cache\Home\00e52909bed743ea261af4b6823297ff.php 第 100 行.
NOTIC: [8] Undefined variable: cp1 C:\wamp\www\php\6-30\App\Runtime\Cache\Home\00e52909bed743ea261af4b6823297ff.php 第 107 行.
NOTIC: [8] Undefined variable: cp1 C:\wamp\www\php\6-30\App\Runtime\Cache\Home\00e52909bed743ea261af4b6823297ff.php 第 111 行.
NOTIC: [8] Undefined variable: cp1 C:\wamp\www\php\6-30\App\Runtime\Cache\Home\00e52909bed743ea261af4b6823297ff.php 第 112 行.
NOTIC: [8] Undefined variable: cp1 C:\wamp\www\php\6-30\App\Runtime\Cache\Home\00e52909bed743ea261af4b6823297ff.php 第 107 行.
NOTIC: [8] Undefined variable: cp1 C:\wamp\www\php\6-30\App\Runtime\Cache\Home\00e52909bed743ea261af4b6823297ff.php 第 111 行.
NOTIC: [8] Undefined variable: cp1 C:\wamp\www\php\6-30\App\Runtime\Cache\Home\00e52909bed743ea261af4b6823297ff.php 第 112 行.
NOTIC: [8] Undefined variable: cp1 C:\wamp\www\php\6-30\App\Runtime\Cache\Home\00e52909bed743ea261af4b6823297ff.php 第 107 行.
NOTIC: [8] Undefined variable: cp1 C:\wamp\www\php\6-30\App\Runtime\Cache\Home\00e52909bed743ea261af4b6823297ff.php 第 111 行.
NOTIC: [8] Undefined variable: cp1 C:\wamp\www\php\6-30\App\Runtime\Cache\Home\00e52909bed743ea261af4b6823297ff.php 第 112 行.
NOTIC: [8] Undefined variable: s C:\wamp\www\php\6-30\App\Runtime\Cache\Home\00e52909bed743ea261af4b6823297ff.php 第 100 行.
NOTIC: [8] Undefined variable: cp1 C:\wamp\www\php\6-30\App\Runtime\Cache\Home\00e52909bed743ea261af4b6823297ff.php 第 107 行.
NOTIC: [8] Undefined variable: cp1 C:\wamp\www\php\6-30\App\Runtime\Cache\Home\00e52909bed743ea261af4b6823297ff.php 第 111 行.
NOTIC: [8] Undefined variable: cp1 C:\wamp\www\php\6-30\App\Runtime\Cache\Home\00e52909bed743ea261af4b6823297ff.php 第 112 行.
NOTIC: [8] Undefined variable: cp1 C:\wamp\www\php\6-30\App\Runtime\Cache\Home\00e52909bed743ea261af4b6823297ff.php 第 107 行.
NOTIC: [8] Undefined variable: cp1 C:\wamp\www\php\6-30\App\Runtime\Cache\Home\00e52909bed743ea261af4b6823297ff.php 第 111 行.
NOTIC: [8] Undefined variable: cp1 C:\wamp\www\php\6-30\App\Runtime\Cache\Home\00e52909bed743ea261af4b6823297ff.php 第 112 行.
NOTIC: [8] Undefined variable: cp1 C:\wamp\www\php\6-30\App\Runtime\Cache\Home\00e52909bed743ea261af4b6823297ff.php 第 107 行.
NOTIC: [8] Undefined variable: cp1 C:\wamp\www\php\6-30\App\Runtime\Cache\Home\00e52909bed743ea261af4b6823297ff.php 第 111 行.
NOTIC: [8] Undefined variable: cp1 C:\wamp\www\php\6-30\App\Runtime\Cache\Home\00e52909bed743ea261af4b6823297ff.php 第 112 行.
NOTIC: [8] Undefined variable: s C:\wamp\www\php\6-30\App\Runtime\Cache\Home\00e52909bed743ea261af4b6823297ff.php 第 100 行.
NOTIC: [8] Undefined variable: cp1 C:\wamp\www\php\6-30\App\Runtime\Cache\Home\00e52909bed743ea261af4b6823297ff.php 第 107 行.
NOTIC: [8] Undefined variable: cp1 C:\wamp\www\php\6-30\App\Runtime\Cache\Home\00e52909bed743ea261af4b6823297ff.php 第 111 行.
NOTIC: [8] Undefined variable: cp1 C:\wamp\www\php\6-30\App\Runtime\Cache\Home\00e52909bed743ea261af4b6823297ff.php 第 112 行.
NOTIC: [8] Undefined variable: cp1 C:\wamp\www\php\6-30\App\Runtime\Cache\Home\00e52909bed743ea261af4b6823297ff.php 第 107 行.
NOTIC: [8] Undefined variable: cp1 C:\wamp\www\php\6-30\App\Runtime\Cache\Home\00e52909bed743ea261af4b6823297ff.php 第 111 行.
NOTIC: [8] Undefined variable: cp1 C:\wamp\www\php\6-30\App\Runtime\Cache\Home\00e52909bed743ea261af4b6823297ff.php 第 112 行.
NOTIC: [8] Undefined variable: cp1 C:\wamp\www\php\6-30\App\Runtime\Cache\Home\00e52909bed743ea261af4b6823297ff.php 第 107 行.
NOTIC: [8] Undefined variable: cp1 C:\wamp\www\php\6-30\App\Runtime\Cache\Home\00e52909bed743ea261af4b6823297ff.php 第 111 行.
NOTIC: [8] Undefined variable: cp1 C:\wamp\www\php\6-30\App\Runtime\Cache\Home\00e52909bed743ea261af4b6823297ff.php 第 112 行.
INFO: Run Behavior\ParseTemplateBehavior [ RunTime:0.034000s ]
INFO: [ view_parse ] --END-- [ RunTime:0.034000s ]
INFO: [ view_filter ] --START--
INFO: Run Behavior\WriteHtmlCacheBehavior [ RunTime:0.001000s ]
INFO: [ view_filter ] --END-- [ RunTime:0.001000s ]
INFO: [ app_end ] --START--
INFO: Run Behavior\ShowPageTraceBehavior [ RunTime:0.001000s ]
INFO: [ app_end ] --END-- [ RunTime:0.001000s ]

[ 2017-07-14T09:31:32+08:00 ] ::1 /php/6-30/index.php/Home/Index/index.html
INFO: [ app_init ] --START--
INFO: Run Behavior\BuildLiteBehavior [ RunTime:0.000000s ]
INFO: [ app_init ] --END-- [ RunTime:0.000000s ]
INFO: [ app_begin ] --START--
INFO: Run Behavior\ReadHtmlCacheBehavior [ RunTime:0.001000s ]
INFO: [ app_begin ] --END-- [ RunTime:0.002000s ]
SQL: SHOW COLUMNS FROM `news_type` [ RunTime:0.0040s ]
SQL: SELECT * FROM `news_type` ORDER BY sno asc  [ RunTime:0.0000s ]
SQL: SELECT a.newsid,a.title,a.sj FROM `news_type` INNER JOIN news a on a.type=news_type.typeid  WHERE ( news_type.name="公司新闻" ) LIMIT 6   [ RunTime:0.0010s ]
SQL: SHOW COLUMNS FROM `news` [ RunTime:0.0030s ]
SQL: SELECT * FROM `news` WHERE (  tj=1 )  [ RunTime:0.0000s ]
SQL: SHOW COLUMNS FROM `cp_type` [ RunTime:0.0020s ]
SQL: SELECT * FROM `cp_type`  [ RunTime:0.0000s ]
SQL: SHOW COLUMNS FROM `cp` [ RunTime:0.0030s ]
SQL: SELECT * FROM `cp` WHERE `cp_type` = 1  [ RunTime:0.0000s ]
SQL: SELECT * FROM `cp` WHERE `cp_type` = 2  [ RunTime:0.0000s ]
SQL: SELECT * FROM `cp` WHERE `cp_type` = 3  [ RunTime:0.0010s ]
INFO: [ view_parse ] --START--
INFO: [ template_filter ] --START--
INFO: Run Behavior\ContentReplaceBehavior [ RunTime:0.001000s ]
INFO: [ template_filter ] --END-- [ RunTime:0.001000s ]
NOTIC: [8] Undefined variable: s C:\wamp\www\php\6-30\App\Runtime\Cache\Home\00e52909bed743ea261af4b6823297ff.php 第 100 行.
NOTIC: [8] Undefined variable: cp1 C:\wamp\www\php\6-30\App\Runtime\Cache\Home\00e52909bed743ea261af4b6823297ff.php 第 107 行.
NOTIC: [8] Undefined variable: cp1 C:\wamp\www\php\6-30\App\Runtime\Cache\Home\00e52909bed743ea261af4b6823297ff.php 第 111 行.
NOTIC: [8] Undefined variable: cp1 C:\wamp\www\php\6-30\App\Runtime\Cache\Home\00e52909bed743ea261af4b6823297ff.php 第 112 行.
NOTIC: [8] Undefined variable: cp1 C:\wamp\www\php\6-30\App\Runtime\Cache\Home\00e52909bed743ea261af4b6823297ff.php 第 107 行.
NOTIC: [8] Undefined variable: cp1 C:\wamp\www\php\6-30\App\Runtime\Cache\Home\00e52909bed743ea261af4b6823297ff.php 第 111 行.
NOTIC: [8] Undefined variable: cp1 C:\wamp\www\php\6-30\App\Runtime\Cache\Home\00e52909bed743ea261af4b6823297ff.php 第 112 行.
NOTIC: [8] Undefined variable: cp1 C:\wamp\www\php\6-30\App\Runtime\Cache\Home\00e52909bed743ea261af4b6823297ff.php 第 107 行.
NOTIC: [8] Undefined variable: cp1 C:\wamp\www\php\6-30\App\Runtime\Cache\Home\00e52909bed743ea261af4b6823297ff.php 第 111 行.
NOTIC: [8] Undefined variable: cp1 C:\wamp\www\php\6-30\App\Runtime\Cache\Home\00e52909bed743ea261af4b6823297ff.php 第 112 行.
NOTIC: [8] Undefined variable: s C:\wamp\www\php\6-30\App\Runtime\Cache\Home\00e52909bed743ea261af4b6823297ff.php 第 100 行.
NOTIC: [8] Undefined variable: cp1 C:\wamp\www\php\6-30\App\Runtime\Cache\Home\00e52909bed743ea261af4b6823297ff.php 第 107 行.
NOTIC: [8] Undefined variable: cp1 C:\wamp\www\php\6-30\App\Runtime\Cache\Home\00e52909bed743ea261af4b6823297ff.php 第 111 行.
NOTIC: [8] Undefined variable: cp1 C:\wamp\www\php\6-30\App\Runtime\Cache\Home\00e52909bed743ea261af4b6823297ff.php 第 112 行.
NOTIC: [8] Undefined variable: cp1 C:\wamp\www\php\6-30\App\Runtime\Cache\Home\00e52909bed743ea261af4b6823297ff.php 第 107 行.
NOTIC: [8] Undefined variable: cp1 C:\wamp\www\php\6-30\App\Runtime\Cache\Home\00e52909bed743ea261af4b6823297ff.php 第 111 行.
NOTIC: [8] Undefined variable: cp1 C:\wamp\www\php\6-30\App\Runtime\Cache\Home\00e52909bed743ea261af4b6823297ff.php 第 112 行.
NOTIC: [8] Undefined variable: cp1 C:\wamp\www\php\6-30\App\Runtime\Cache\Home\00e52909bed743ea261af4b6823297ff.php 第 107 行.
NOTIC: [8] Undefined variable: cp1 C:\wamp\www\php\6-30\App\Runtime\Cache\Home\00e52909bed743ea261af4b6823297ff.php 第 111 行.
NOTIC: [8] Undefined variable: cp1 C:\wamp\www\php\6-30\App\Runtime\Cache\Home\00e52909bed743ea261af4b6823297ff.php 第 112 行.
NOTIC: [8] Undefined variable: s C:\wamp\www\php\6-30\App\Runtime\Cache\Home\00e52909bed743ea261af4b6823297ff.php 第 100 行.
NOTIC: [8] Undefined variable: cp1 C:\wamp\www\php\6-30\App\Runtime\Cache\Home\00e52909bed743ea261af4b6823297ff.php 第 107 行.
NOTIC: [8] Undefined variable: cp1 C:\wamp\www\php\6-30\App\Runtime\Cache\Home\00e52909bed743ea261af4b6823297ff.php 第 111 行.
NOTIC: [8] Undefined variable: cp1 C:\wamp\www\php\6-30\App\Runtime\Cache\Home\00e52909bed743ea261af4b6823297ff.php 第 112 行.
NOTIC: [8] Undefined variable: cp1 C:\wamp\www\php\6-30\App\Runtime\Cache\Home\00e52909bed743ea261af4b6823297ff.php 第 107 行.
NOTIC: [8] Undefined variable: cp1 C:\wamp\www\php\6-30\App\Runtime\Cache\Home\00e52909bed743ea261af4b6823297ff.php 第 111 行.
NOTIC: [8] Undefined variable: cp1 C:\wamp\www\php\6-30\App\Runtime\Cache\Home\00e52909bed743ea261af4b6823297ff.php 第 112 行.
NOTIC: [8] Undefined variable: cp1 C:\wamp\www\php\6-30\App\Runtime\Cache\Home\00e52909bed743ea261af4b6823297ff.php 第 107 行.
NOTIC: [8] Undefined variable: cp1 C:\wamp\www\php\6-30\App\Runtime\Cache\Home\00e52909bed743ea261af4b6823297ff.php 第 111 行.
NOTIC: [8] Undefined variable: cp1 C:\wamp\www\php\6-30\App\Runtime\Cache\Home\00e52909bed743ea261af4b6823297ff.php 第 112 行.
INFO: Run Behavior\ParseTemplateBehavior [ RunTime:0.037000s ]
INFO: [ view_parse ] --END-- [ RunTime:0.037000s ]
INFO: [ view_filter ] --START--
INFO: Run Behavior\WriteHtmlCacheBehavior [ RunTime:0.000000s ]
INFO: [ view_filter ] --END-- [ RunTime:0.000000s ]
INFO: [ app_end ] --START--
INFO: Run Behavior\ShowPageTraceBehavior [ RunTime:0.001000s ]
INFO: [ app_end ] --END-- [ RunTime:0.001000s ]

[ 2017-07-14T09:31:57+08:00 ] ::1 /php/6-30/index.php/Home/Index/index.html
INFO: [ app_init ] --START--
INFO: Run Behavior\BuildLiteBehavior [ RunTime:0.000000s ]
INFO: [ app_init ] --END-- [ RunTime:0.001000s ]
INFO: [ app_begin ] --START--
INFO: Run Behavior\ReadHtmlCacheBehavior [ RunTime:0.001000s ]
INFO: [ app_begin ] --END-- [ RunTime:0.001000s ]
SQL: SHOW COLUMNS FROM `news_type` [ RunTime:0.0040s ]
SQL: SELECT * FROM `news_type` ORDER BY sno asc  [ RunTime:0.0010s ]
SQL: SELECT a.newsid,a.title,a.sj FROM `news_type` INNER JOIN news a on a.type=news_type.typeid  WHERE ( news_type.name="公司新闻" ) LIMIT 6   [ RunTime:0.0010s ]
SQL: SHOW COLUMNS FROM `news` [ RunTime:0.0070s ]
SQL: SELECT * FROM `news` WHERE (  tj=1 )  [ RunTime:0.0010s ]
SQL: SHOW COLUMNS FROM `cp_type` [ RunTime:0.0030s ]
SQL: SELECT * FROM `cp_type`  [ RunTime:0.0000s ]
SQL: SHOW COLUMNS FROM `cp` [ RunTime:0.0030s ]
SQL: SELECT * FROM `cp` WHERE `cp_type` = 1  [ RunTime:0.0000s ]
SQL: SELECT * FROM `cp` WHERE `cp_type` = 2  [ RunTime:0.0000s ]
SQL: SELECT * FROM `cp` WHERE `cp_type` = 3  [ RunTime:0.0000s ]
INFO: [ view_parse ] --START--
INFO: [ template_filter ] --START--
INFO: Run Behavior\ContentReplaceBehavior [ RunTime:0.000000s ]
INFO: [ template_filter ] --END-- [ RunTime:0.000000s ]
NOTIC: [8] Undefined variable: s C:\wamp\www\php\6-30\App\Runtime\Cache\Home\00e52909bed743ea261af4b6823297ff.php 第 100 行.
NOTIC: [8] Undefined variable: cp1 C:\wamp\www\php\6-30\App\Runtime\Cache\Home\00e52909bed743ea261af4b6823297ff.php 第 107 行.
NOTIC: [8] Undefined variable: cp1 C:\wamp\www\php\6-30\App\Runtime\Cache\Home\00e52909bed743ea261af4b6823297ff.php 第 111 行.
NOTIC: [8] Undefined variable: cp1 C:\wamp\www\php\6-30\App\Runtime\Cache\Home\00e52909bed743ea261af4b6823297ff.php 第 112 行.
NOTIC: [8] Undefined variable: cp1 C:\wamp\www\php\6-30\App\Runtime\Cache\Home\00e52909bed743ea261af4b6823297ff.php 第 107 行.
NOTIC: [8] Undefined variable: cp1 C:\wamp\www\php\6-30\App\Runtime\Cache\Home\00e52909bed743ea261af4b6823297ff.php 第 111 行.
NOTIC: [8] Undefined variable: cp1 C:\wamp\www\php\6-30\App\Runtime\Cache\Home\00e52909bed743ea261af4b6823297ff.php 第 112 行.
NOTIC: [8] Undefined variable: cp1 C:\wamp\www\php\6-30\App\Runtime\Cache\Home\00e52909bed743ea261af4b6823297ff.php 第 107 行.
NOTIC: [8] Undefined variable: cp1 C:\wamp\www\php\6-30\App\Runtime\Cache\Home\00e52909bed743ea261af4b6823297ff.php 第 111 行.
NOTIC: [8] Undefined variable: cp1 C:\wamp\www\php\6-30\App\Runtime\Cache\Home\00e52909bed743ea261af4b6823297ff.php 第 112 行.
NOTIC: [8] Undefined variable: s C:\wamp\www\php\6-30\App\Runtime\Cache\Home\00e52909bed743ea261af4b6823297ff.php 第 100 行.
NOTIC: [8] Undefined variable: cp1 C:\wamp\www\php\6-30\App\Runtime\Cache\Home\00e52909bed743ea261af4b6823297ff.php 第 107 行.
NOTIC: [8] Undefined variable: cp1 C:\wamp\www\php\6-30\App\Runtime\Cache\Home\00e52909bed743ea261af4b6823297ff.php 第 111 行.
NOTIC: [8] Undefined variable: cp1 C:\wamp\www\php\6-30\App\Runtime\Cache\Home\00e52909bed743ea261af4b6823297ff.php 第 112 行.
NOTIC: [8] Undefined variable: cp1 C:\wamp\www\php\6-30\App\Runtime\Cache\Home\00e52909bed743ea261af4b6823297ff.php 第 107 行.
NOTIC: [8] Undefined variable: cp1 C:\wamp\www\php\6-30\App\Runtime\Cache\Home\00e52909bed743ea261af4b6823297ff.php 第 111 行.
NOTIC: [8] Undefined variable: cp1 C:\wamp\www\php\6-30\App\Runtime\Cache\Home\00e52909bed743ea261af4b6823297ff.php 第 112 行.
NOTIC: [8] Undefined variable: cp1 C:\wamp\www\php\6-30\App\Runtime\Cache\Home\00e52909bed743ea261af4b6823297ff.php 第 107 行.
NOTIC: [8] Undefined variable: cp1 C:\wamp\www\php\6-30\App\Runtime\Cache\Home\00e52909bed743ea261af4b6823297ff.php 第 111 行.
NOTIC: [8] Undefined variable: cp1 C:\wamp\www\php\6-30\App\Runtime\Cache\Home\00e52909bed743ea261af4b6823297ff.php 第 112 行.
NOTIC: [8] Undefined variable: s C:\wamp\www\php\6-30\App\Runtime\Cache\Home\00e52909bed743ea261af4b6823297ff.php 第 100 行.
NOTIC: [8] Undefined variable: cp1 C:\wamp\www\php\6-30\App\Runtime\Cache\Home\00e52909bed743ea261af4b6823297ff.php 第 107 行.
NOTIC: [8] Undefined variable: cp1 C:\wamp\www\php\6-30\App\Runtime\Cache\Home\00e52909bed743ea261af4b6823297ff.php 第 111 行.
NOTIC: [8] Undefined variable: cp1 C:\wamp\www\php\6-30\App\Runtime\Cache\Home\00e52909bed743ea261af4b6823297ff.php 第 112 行.
NOTIC: [8] Undefined variable: cp1 C:\wamp\www\php\6-30\App\Runtime\Cache\Home\00e52909bed743ea261af4b6823297ff.php 第 107 行.
NOTIC: [8] Undefined variable: cp1 C:\wamp\www\php\6-30\App\Runtime\Cache\Home\00e52909bed743ea261af4b6823297ff.php 第 111 行.
NOTIC: [8] Undefined variable: cp1 C:\wamp\www\php\6-30\App\Runtime\Cache\Home\00e52909bed743ea261af4b6823297ff.php 第 112 行.
NOTIC: [8] Undefined variable: cp1 C:\wamp\www\php\6-30\App\Runtime\Cache\Home\00e52909bed743ea261af4b6823297ff.php 第 107 行.
NOTIC: [8] Undefined variable: cp1 C:\wamp\www\php\6-30\App\Runtime\Cache\Home\00e52909bed743ea261af4b6823297ff.php 第 111 行.
NOTIC: [8] Undefined variable: cp1 C:\wamp\www\php\6-30\App\Runtime\Cache\Home\00e52909bed743ea261af4b6823297ff.php 第 112 行.
INFO: Run Behavior\ParseTemplateBehavior [ RunTime:0.034000s ]
INFO: [ view_parse ] --END-- [ RunTime:0.034000s ]
INFO: [ view_filter ] --START--
INFO: Run Behavior\WriteHtmlCacheBehavior [ RunTime:0.001000s ]
INFO: [ view_filter ] --END-- [ RunTime:0.001000s ]
INFO: [ app_end ] --START--
INFO: Run Behavior\ShowPageTraceBehavior [ RunTime:0.001000s ]
INFO: [ app_end ] --END-- [ RunTime:0.001000s ]

[ 2017-07-14T11:51:50+08:00 ] ::1 /php/6-30/index.php/Home/Cp/product.html
INFO: [ app_init ] --START--
INFO: Run Behavior\BuildLiteBehavior [ RunTime:0.000000s ]
INFO: [ app_init ] --END-- [ RunTime:0.001000s ]
INFO: [ app_begin ] --START--
INFO: Run Behavior\ReadHtmlCacheBehavior [ RunTime:0.001000s ]
INFO: [ app_begin ] --END-- [ RunTime:0.001000s ]
ERR: 非法操作:product

