[ 2017-07-11T09:21:56+08:00 ] ::1 /php/6-30/index.php/Home/News/news_info/newsid/64.html
INFO: [ app_init ] --START--
INFO: Run Behavior\BuildLiteBehavior [ RunTime:0.000000s ]
INFO: [ app_init ] --END-- [ RunTime:0.001000s ]
INFO: [ app_begin ] --START--
INFO: Run Behavior\ReadHtmlCacheBehavior [ RunTime:0.002000s ]
INFO: [ app_begin ] --END-- [ RunTime:0.002000s ]
SQL: SHOW COLUMNS FROM `news_type` [ RunTime:0.0030s ]
SQL: SELECT * FROM `news_type` ORDER BY sno asc  [ RunTime:0.0010s ]
SQL: SHOW COLUMNS FROM `news` [ RunTime:0.0040s ]
SQL: SELECT MAX(newsid) AS tp_max FROM `news` LIMIT 1   [ RunTime:0.0010s ]
SQL: SELECT MIN(newsid) AS tp_min FROM `news` LIMIT 1   [ RunTime:0.0000s ]
SQL: SELECT * FROM `news` WHERE ( newsid<64 ) ORDER BY newsid desc LIMIT 1   [ RunTime:0.0010s ]
SQL: SELECT * FROM `news` WHERE ( newsid>64 ) ORDER BY newsid asc LIMIT 1   [ RunTime:0.0000s ]
SQL: UPDATE `news` SET `count`=count+1 WHERE ( newsid=64 ) [ RunTime:0.0180s ]
SQL: SELECT news.title,news.newsid,news.content,news.sj,news.count,a.name FROM `news` INNER JOIN news_type a on news.type=a.typeid  WHERE `newsid` = '64' LIMIT 1   [ RunTime:0.0010s ]
SQL: SHOW COLUMNS FROM `message` [ RunTime:0.0030s ]
SQL: SELECT message.id,message.content,message.shijian,a.username,a.pic FROM `message` INNER JOIN register a on a.id=message.userid  WHERE ( newsid=64 ) ORDER BY message.id desc  [ RunTime:0.0030s ]
INFO: [ view_parse ] --START--
INFO: [ template_filter ] --START--
INFO: Run Behavior\ContentReplaceBehavior [ RunTime:0.000000s ]
INFO: [ template_filter ] --END-- [ RunTime:0.000000s ]
INFO: Run Behavior\ParseTemplateBehavior [ RunTime:0.029000s ]
INFO: [ view_parse ] --END-- [ RunTime:0.029000s ]
INFO: [ view_filter ] --START--
INFO: Run Behavior\WriteHtmlCacheBehavior [ RunTime:0.002000s ]
INFO: [ view_filter ] --END-- [ RunTime:0.002000s ]
INFO: [ app_end ] --START--
INFO: Run Behavior\ShowPageTraceBehavior [ RunTime:0.001000s ]
INFO: [ app_end ] --END-- [ RunTime:0.001000s ]

[ 2017-07-11T09:21:58+08:00 ] ::1 /php/6-30/index.php/Home/News/news_info/newsid/65.html
INFO: [ app_init ] --START--
INFO: Run Behavior\BuildLiteBehavior [ RunTime:0.000000s ]
INFO: [ app_init ] --END-- [ RunTime:0.001000s ]
INFO: [ app_begin ] --START--
INFO: Run Behavior\ReadHtmlCacheBehavior [ RunTime:0.003000s ]
INFO: [ app_begin ] --END-- [ RunTime:0.004000s ]
SQL: SHOW COLUMNS FROM `news_type` [ RunTime:0.0040s ]
SQL: SELECT * FROM `news_type` ORDER BY sno asc  [ RunTime:0.0000s ]
SQL: SHOW COLUMNS FROM `news` [ RunTime:0.0040s ]
SQL: SELECT MAX(newsid) AS tp_max FROM `news` LIMIT 1   [ RunTime:0.0000s ]
SQL: SELECT MIN(newsid) AS tp_min FROM `news` LIMIT 1   [ RunTime:0.0010s ]
SQL: SELECT * FROM `news` WHERE ( newsid<65 ) ORDER BY newsid desc LIMIT 1   [ RunTime:0.0000s ]
SQL: SELECT * FROM `news` WHERE ( newsid>65 ) ORDER BY newsid asc LIMIT 1   [ RunTime:0.0000s ]
SQL: UPDATE `news` SET `count`=count+1 WHERE ( newsid=65 ) [ RunTime:0.0200s ]
SQL: SELECT news.title,news.newsid,news.content,news.sj,news.count,a.name FROM `news` INNER JOIN news_type a on news.type=a.typeid  WHERE `newsid` = '65' LIMIT 1   [ RunTime:0.0000s ]
SQL: SHOW COLUMNS FROM `message` [ RunTime:0.0040s ]
SQL: SELECT message.id,message.content,message.shijian,a.username,a.pic FROM `message` INNER JOIN register a on a.id=message.userid  WHERE ( newsid=65 ) ORDER BY message.id desc  [ RunTime:0.0030s ]
INFO: [ view_parse ] --START--
INFO: [ template_filter ] --START--
INFO: Run Behavior\ContentReplaceBehavior [ RunTime:0.001000s ]
INFO: [ template_filter ] --END-- [ RunTime:0.003000s ]
INFO: Run Behavior\ParseTemplateBehavior [ RunTime:0.027000s ]
INFO: [ view_parse ] --END-- [ RunTime:0.027000s ]
INFO: [ view_filter ] --START--
INFO: Run Behavior\WriteHtmlCacheBehavior [ RunTime:0.001000s ]
INFO: [ view_filter ] --END-- [ RunTime:0.001000s ]
INFO: [ app_end ] --START--
INFO: Run Behavior\ShowPageTraceBehavior [ RunTime:0.000000s ]
INFO: [ app_end ] --END-- [ RunTime:0.000000s ]

[ 2017-07-11T09:22:01+08:00 ] ::1 /php/6-30/index.php/Home/News/pl_ajax.html
INFO: [ app_init ] --START--
INFO: Run Behavior\BuildLiteBehavior [ RunTime:0.000000s ]
INFO: [ app_init ] --END-- [ RunTime:0.001000s ]
INFO: [ app_begin ] --START--
INFO: Run Behavior\ReadHtmlCacheBehavior [ RunTime:0.001000s ]
INFO: [ app_begin ] --END-- [ RunTime:0.001000s ]
SQL: SHOW COLUMNS FROM `news_type` [ RunTime:0.0070s ]
SQL: SELECT * FROM `news_type` ORDER BY sno asc  [ RunTime:0.0000s ]
SQL: SHOW COLUMNS FROM `message` [ RunTime:0.0020s ]
SQL: INSERT INTO `message` (`newsid`,`content`,`userid`,`shijian`) VALUES ('65','888888','1','2017-07-11 09:22:01') [ RunTime:0.0070s ]

[ 2017-07-11T09:22:05+08:00 ] ::1 /php/6-30/index.php/Home/News/pl_ajax.html
INFO: [ app_init ] --START--
INFO: Run Behavior\BuildLiteBehavior [ RunTime:0.000000s ]
INFO: [ app_init ] --END-- [ RunTime:0.000000s ]
INFO: [ app_begin ] --START--
INFO: Run Behavior\ReadHtmlCacheBehavior [ RunTime:0.000000s ]
INFO: [ app_begin ] --END-- [ RunTime:0.001000s ]
SQL: SHOW COLUMNS FROM `news_type` [ RunTime:0.0030s ]
SQL: SELECT * FROM `news_type` ORDER BY sno asc  [ RunTime:0.0010s ]
SQL: SHOW COLUMNS FROM `message` [ RunTime:0.0040s ]
SQL: INSERT INTO `message` (`newsid`,`content`,`userid`,`shijian`) VALUES ('65','999999','1','2017-07-11 09:22:05') [ RunTime:0.0190s ]

[ 2017-07-11T09:22:08+08:00 ] ::1 /php/6-30/index.php/Home/News/pl_ajax.html
INFO: [ app_init ] --START--
INFO: Run Behavior\BuildLiteBehavior [ RunTime:0.000000s ]
INFO: [ app_init ] --END-- [ RunTime:0.001000s ]
INFO: [ app_begin ] --START--
INFO: Run Behavior\ReadHtmlCacheBehavior [ RunTime:0.004000s ]
INFO: [ app_begin ] --END-- [ RunTime:0.004000s ]
SQL: SHOW COLUMNS FROM `news_type` [ RunTime:0.0030s ]
SQL: SELECT * FROM `news_type` ORDER BY sno asc  [ RunTime:0.0000s ]
SQL: SHOW COLUMNS FROM `message` [ RunTime:0.0030s ]
SQL: INSERT INTO `message` (`newsid`,`content`,`userid`,`shijian`) VALUES ('65','6666666','1','2017-07-11 09:22:08') [ RunTime:0.0210s ]

[ 2017-07-11T09:22:10+08:00 ] ::1 /php/6-30/index.php/Home/News/pl_ajax.html
INFO: [ app_init ] --START--
INFO: Run Behavior\BuildLiteBehavior [ RunTime:0.000000s ]
INFO: [ app_init ] --END-- [ RunTime:0.000000s ]
INFO: [ app_begin ] --START--
INFO: Run Behavior\ReadHtmlCacheBehavior [ RunTime:0.000000s ]
INFO: [ app_begin ] --END-- [ RunTime:0.000000s ]
SQL: SHOW COLUMNS FROM `news_type` [ RunTime:0.0030s ]
SQL: SELECT * FROM `news_type` ORDER BY sno asc  [ RunTime:0.0010s ]
SQL: SHOW COLUMNS FROM `message` [ RunTime:0.0110s ]
SQL: INSERT INTO `message` (`newsid`,`content`,`userid`,`shijian`) VALUES ('65','55555555','1','2017-07-11 09:22:10') [ RunTime:0.0200s ]

[ 2017-07-11T09:22:12+08:00 ] ::1 /php/6-30/index.php/Home/News/news_info/newsid/65.html
INFO: [ app_init ] --START--
INFO: Run Behavior\BuildLiteBehavior [ RunTime:0.000000s ]
INFO: [ app_init ] --END-- [ RunTime:0.001000s ]
INFO: [ app_begin ] --START--
INFO: Run Behavior\ReadHtmlCacheBehavior [ RunTime:0.002000s ]
INFO: [ app_begin ] --END-- [ RunTime:0.002000s ]
SQL: SHOW COLUMNS FROM `news_type` [ RunTime:0.0040s ]
SQL: SELECT * FROM `news_type` ORDER BY sno asc  [ RunTime:0.0000s ]
SQL: SHOW COLUMNS FROM `news` [ RunTime:0.0060s ]
SQL: SELECT MAX(newsid) AS tp_max FROM `news` LIMIT 1   [ RunTime:0.0000s ]
SQL: SELECT MIN(newsid) AS tp_min FROM `news` LIMIT 1   [ RunTime:0.0000s ]
SQL: SELECT * FROM `news` WHERE ( newsid<65 ) ORDER BY newsid desc LIMIT 1   [ RunTime:0.0010s ]
SQL: SELECT * FROM `news` WHERE ( newsid>65 ) ORDER BY newsid asc LIMIT 1   [ RunTime:0.0010s ]
SQL: UPDATE `news` SET `count`=count+1 WHERE ( newsid=65 ) [ RunTime:0.0220s ]
SQL: SELECT news.title,news.newsid,news.content,news.sj,news.count,a.name FROM `news` INNER JOIN news_type a on news.type=a.typeid  WHERE `newsid` = '65' LIMIT 1   [ RunTime:0.0010s ]
SQL: SHOW COLUMNS FROM `message` [ RunTime:0.0030s ]
SQL: SELECT message.id,message.content,message.shijian,a.username,a.pic FROM `message` INNER JOIN register a on a.id=message.userid  WHERE ( newsid=65 ) ORDER BY message.id desc  [ RunTime:0.0030s ]
INFO: [ view_parse ] --START--
INFO: [ template_filter ] --START--
INFO: Run Behavior\ContentReplaceBehavior [ RunTime:0.000000s ]
INFO: [ template_filter ] --END-- [ RunTime:0.000000s ]
INFO: Run Behavior\ParseTemplateBehavior [ RunTime:0.032000s ]
INFO: [ view_parse ] --END-- [ RunTime:0.032000s ]
INFO: [ view_filter ] --START--
INFO: Run Behavior\WriteHtmlCacheBehavior [ RunTime:0.001000s ]
INFO: [ view_filter ] --END-- [ RunTime:0.001000s ]
INFO: [ app_end ] --START--
INFO: Run Behavior\ShowPageTraceBehavior [ RunTime:0.001000s ]
INFO: [ app_end ] --END-- [ RunTime:0.001000s ]

[ 2017-07-11T09:22:21+08:00 ] ::1 /php/6-30/index.php/Home/News/news_info/newsid/66.html
INFO: [ app_init ] --START--
INFO: Run Behavior\BuildLiteBehavior [ RunTime:0.000000s ]
INFO: [ app_init ] --END-- [ RunTime:0.001000s ]
INFO: [ app_begin ] --START--
INFO: Run Behavior\ReadHtmlCacheBehavior [ RunTime:0.002000s ]
INFO: [ app_begin ] --END-- [ RunTime:0.002000s ]
SQL: SHOW COLUMNS FROM `news_type` [ RunTime:0.0020s ]
SQL: SELECT * FROM `news_type` ORDER BY sno asc  [ RunTime:0.0000s ]
SQL: SHOW COLUMNS FROM `news` [ RunTime:0.0020s ]
SQL: SELECT MAX(newsid) AS tp_max FROM `news` LIMIT 1   [ RunTime:0.0000s ]
SQL: SELECT MIN(newsid) AS tp_min FROM `news` LIMIT 1   [ RunTime:0.0000s ]
SQL: SELECT * FROM `news` WHERE ( newsid<66 ) ORDER BY newsid desc LIMIT 1   [ RunTime:0.0000s ]
SQL: SELECT * FROM `news` WHERE ( newsid>66 ) ORDER BY newsid asc LIMIT 1   [ RunTime:0.0000s ]
SQL: UPDATE `news` SET `count`=count+1 WHERE ( newsid=66 ) [ RunTime:0.0040s ]
SQL: SELECT news.title,news.newsid,news.content,news.sj,news.count,a.name FROM `news` INNER JOIN news_type a on news.type=a.typeid  WHERE `newsid` = '66' LIMIT 1   [ RunTime:0.0010s ]
SQL: SHOW COLUMNS FROM `message` [ RunTime:0.0040s ]
SQL: SELECT message.id,message.content,message.shijian,a.username,a.pic FROM `message` INNER JOIN register a on a.id=message.userid  WHERE ( newsid=66 ) ORDER BY message.id desc  [ RunTime:0.0020s ]
INFO: [ view_parse ] --START--
INFO: [ template_filter ] --START--
INFO: Run Behavior\ContentReplaceBehavior [ RunTime:0.001000s ]
INFO: [ template_filter ] --END-- [ RunTime:0.001000s ]
INFO: Run Behavior\ParseTemplateBehavior [ RunTime:0.045000s ]
INFO: [ view_parse ] --END-- [ RunTime:0.045000s ]
INFO: [ view_filter ] --START--
INFO: Run Behavior\WriteHtmlCacheBehavior [ RunTime:0.001000s ]
INFO: [ view_filter ] --END-- [ RunTime:0.001000s ]
INFO: [ app_end ] --START--
INFO: Run Behavior\ShowPageTraceBehavior [ RunTime:0.001000s ]
INFO: [ app_end ] --END-- [ RunTime:0.001000s ]

[ 2017-07-11T09:22:29+08:00 ] ::1 /php/6-30/index.php/Home/News/pl_ajax.html
INFO: [ app_init ] --START--
INFO: Run Behavior\BuildLiteBehavior [ RunTime:0.000000s ]
INFO: [ app_init ] --END-- [ RunTime:0.001000s ]
INFO: [ app_begin ] --START--
INFO: Run Behavior\ReadHtmlCacheBehavior [ RunTime:0.001000s ]
INFO: [ app_begin ] --END-- [ RunTime:0.001000s ]
SQL: SHOW COLUMNS FROM `news_type` [ RunTime:0.0040s ]
SQL: SELECT * FROM `news_type` ORDER BY sno asc  [ RunTime:0.0010s ]
SQL: SHOW COLUMNS FROM `message` [ RunTime:0.0060s ]
SQL: INSERT INTO `message` (`newsid`,`content`,`userid`,`shijian`) VALUES ('66','不错','1','2017-07-11 09:22:29') [ RunTime:0.0060s ]

[ 2017-07-11T09:22:31+08:00 ] ::1 /php/6-30/index.php/Home/News/pl_ajax.html
INFO: [ app_init ] --START--
INFO: Run Behavior\BuildLiteBehavior [ RunTime:0.000000s ]
INFO: [ app_init ] --END-- [ RunTime:0.001000s ]
INFO: [ app_begin ] --START--
INFO: Run Behavior\ReadHtmlCacheBehavior [ RunTime:0.001000s ]
INFO: [ app_begin ] --END-- [ RunTime:0.001000s ]
SQL: SHOW COLUMNS FROM `news_type` [ RunTime:0.0030s ]
SQL: SELECT * FROM `news_type` ORDER BY sno asc  [ RunTime:0.0000s ]
SQL: SHOW COLUMNS FROM `message` [ RunTime:0.0030s ]
SQL: INSERT INTO `message` (`newsid`,`content`,`userid`,`shijian`) VALUES ('66','不错','1','2017-07-11 09:22:31') [ RunTime:0.0230s ]

[ 2017-07-11T09:22:32+08:00 ] ::1 /php/6-30/index.php/Home/News/pl_ajax.html
INFO: [ app_init ] --START--
INFO: Run Behavior\BuildLiteBehavior [ RunTime:0.000000s ]
INFO: [ app_init ] --END-- [ RunTime:0.001000s ]
INFO: [ app_begin ] --START--
INFO: Run Behavior\ReadHtmlCacheBehavior [ RunTime:0.001000s ]
INFO: [ app_begin ] --END-- [ RunTime:0.001000s ]
SQL: SHOW COLUMNS FROM `news_type` [ RunTime:0.0020s ]
SQL: SELECT * FROM `news_type` ORDER BY sno asc  [ RunTime:0.0000s ]
SQL: SHOW COLUMNS FROM `message` [ RunTime:0.0020s ]
SQL: INSERT INTO `message` (`newsid`,`content`,`userid`,`shijian`) VALUES ('66','不错','1','2017-07-11 09:22:32') [ RunTime:0.0240s ]

[ 2017-07-11T09:22:32+08:00 ] ::1 /php/6-30/index.php/Home/News/pl_ajax.html
INFO: [ app_init ] --START--
INFO: Run Behavior\BuildLiteBehavior [ RunTime:0.000000s ]
INFO: [ app_init ] --END-- [ RunTime:0.001000s ]
INFO: [ app_begin ] --START--
INFO: Run Behavior\ReadHtmlCacheBehavior [ RunTime:0.001000s ]
INFO: [ app_begin ] --END-- [ RunTime:0.001000s ]
SQL: SHOW COLUMNS FROM `news_type` [ RunTime:0.0030s ]
SQL: SELECT * FROM `news_type` ORDER BY sno asc  [ RunTime:0.0000s ]
SQL: SHOW COLUMNS FROM `message` [ RunTime:0.0030s ]
SQL: INSERT INTO `message` (`newsid`,`content`,`userid`,`shijian`) VALUES ('66','不错','1','2017-07-11 09:22:32') [ RunTime:0.0230s ]

[ 2017-07-11T09:46:27+08:00 ] ::1 /php/6-30/index.php/Home/News/pl_ajax.html
INFO: [ app_init ] --START--
INFO: Run Behavior\BuildLiteBehavior [ RunTime:0.000000s ]
INFO: [ app_init ] --END-- [ RunTime:0.001000s ]
INFO: [ app_begin ] --START--
INFO: Run Behavior\ReadHtmlCacheBehavior [ RunTime:0.001000s ]
INFO: [ app_begin ] --END-- [ RunTime:0.001000s ]
SQL: SHOW COLUMNS FROM `news_type` [ RunTime:0.0030s ]
SQL: SELECT * FROM `news_type` ORDER BY sno asc  [ RunTime:0.0010s ]
SQL: SHOW COLUMNS FROM `message` [ RunTime:0.0030s ]
SQL: INSERT INTO `message` (`newsid`,`content`,`userid`,`shijian`) VALUES ('66','不错','1','2017-07-11 09:46:27') [ RunTime:0.0110s ]

[ 2017-07-11T09:46:32+08:00 ] ::1 /php/6-30/index.php/Home/News/pl_ajax.html
INFO: [ app_init ] --START--
INFO: Run Behavior\BuildLiteBehavior [ RunTime:0.000000s ]
INFO: [ app_init ] --END-- [ RunTime:0.003000s ]
INFO: [ app_begin ] --START--
INFO: Run Behavior\ReadHtmlCacheBehavior [ RunTime:0.001000s ]
INFO: [ app_begin ] --END-- [ RunTime:0.001000s ]
SQL: SHOW COLUMNS FROM `news_type` [ RunTime:0.0030s ]
SQL: SELECT * FROM `news_type` ORDER BY sno asc  [ RunTime:0.0000s ]
SQL: SHOW COLUMNS FROM `message` [ RunTime:0.0040s ]
SQL: INSERT INTO `message` (`newsid`,`content`,`userid`,`shijian`) VALUES ('66','不错','1','2017-07-11 09:46:32') [ RunTime:0.0190s ]

[ 2017-07-11T09:46:32+08:00 ] ::1 /php/6-30/index.php/Home/News/pl_ajax.html
INFO: [ app_init ] --START--
INFO: Run Behavior\BuildLiteBehavior [ RunTime:0.000000s ]
INFO: [ app_init ] --END-- [ RunTime:0.001000s ]
INFO: [ app_begin ] --START--
INFO: Run Behavior\ReadHtmlCacheBehavior [ RunTime:0.001000s ]
INFO: [ app_begin ] --END-- [ RunTime:0.001000s ]
SQL: SHOW COLUMNS FROM `news_type` [ RunTime:0.0030s ]
SQL: SELECT * FROM `news_type` ORDER BY sno asc  [ RunTime:0.0000s ]
SQL: SHOW COLUMNS FROM `message` [ RunTime:0.0040s ]
SQL: INSERT INTO `message` (`newsid`,`content`,`userid`,`shijian`) VALUES ('66','不错','1','2017-07-11 09:46:32') [ RunTime:0.0180s ]

[ 2017-07-11T09:46:33+08:00 ] ::1 /php/6-30/index.php/Home/News/pl_ajax.html
INFO: [ app_init ] --START--
INFO: Run Behavior\BuildLiteBehavior [ RunTime:0.000000s ]
INFO: [ app_init ] --END-- [ RunTime:0.001000s ]
INFO: [ app_begin ] --START--
INFO: Run Behavior\ReadHtmlCacheBehavior [ RunTime:0.000000s ]
INFO: [ app_begin ] --END-- [ RunTime:0.000000s ]
SQL: SHOW COLUMNS FROM `news_type` [ RunTime:0.0030s ]
SQL: SELECT * FROM `news_type` ORDER BY sno asc  [ RunTime:0.0000s ]
SQL: SHOW COLUMNS FROM `message` [ RunTime:0.0030s ]
SQL: INSERT INTO `message` (`newsid`,`content`,`userid`,`shijian`) VALUES ('66','不错','1','2017-07-11 09:46:33') [ RunTime:0.0190s ]

[ 2017-07-11T09:46:33+08:00 ] ::1 /php/6-30/index.php/Home/News/pl_ajax.html
INFO: [ app_init ] --START--
INFO: Run Behavior\BuildLiteBehavior [ RunTime:0.000000s ]
INFO: [ app_init ] --END-- [ RunTime:0.001000s ]
INFO: [ app_begin ] --START--
INFO: Run Behavior\ReadHtmlCacheBehavior [ RunTime:0.000000s ]
INFO: [ app_begin ] --END-- [ RunTime:0.001000s ]
SQL: SHOW COLUMNS FROM `news_type` [ RunTime:0.0030s ]
SQL: SELECT * FROM `news_type` ORDER BY sno asc  [ RunTime:0.0000s ]
SQL: SHOW COLUMNS FROM `message` [ RunTime:0.0030s ]
SQL: INSERT INTO `message` (`newsid`,`content`,`userid`,`shijian`) VALUES ('66','不错','1','2017-07-11 09:46:33') [ RunTime:0.0210s ]

[ 2017-07-11T09:46:33+08:00 ] ::1 /php/6-30/index.php/Home/News/pl_ajax.html
INFO: [ app_init ] --START--
INFO: Run Behavior\BuildLiteBehavior [ RunTime:0.000000s ]
INFO: [ app_init ] --END-- [ RunTime:0.000000s ]
INFO: [ app_begin ] --START--
INFO: Run Behavior\ReadHtmlCacheBehavior [ RunTime:0.001000s ]
INFO: [ app_begin ] --END-- [ RunTime:0.002000s ]
SQL: SHOW COLUMNS FROM `news_type` [ RunTime:0.0020s ]
SQL: SELECT * FROM `news_type` ORDER BY sno asc  [ RunTime:0.0000s ]
SQL: SHOW COLUMNS FROM `message` [ RunTime:0.0040s ]
SQL: INSERT INTO `message` (`newsid`,`content`,`userid`,`shijian`) VALUES ('66','不错','1','2017-07-11 09:46:33') [ RunTime:0.0180s ]

[ 2017-07-11T09:46:33+08:00 ] ::1 /php/6-30/index.php/Home/News/pl_ajax.html
INFO: [ app_init ] --START--
INFO: Run Behavior\BuildLiteBehavior [ RunTime:0.000000s ]
INFO: [ app_init ] --END-- [ RunTime:0.000000s ]
INFO: [ app_begin ] --START--
INFO: Run Behavior\ReadHtmlCacheBehavior [ RunTime:0.003000s ]
INFO: [ app_begin ] --END-- [ RunTime:0.004000s ]
SQL: SHOW COLUMNS FROM `news_type` [ RunTime:0.0030s ]
SQL: SELECT * FROM `news_type` ORDER BY sno asc  [ RunTime:0.0000s ]
SQL: SHOW COLUMNS FROM `message` [ RunTime:0.0030s ]
SQL: INSERT INTO `message` (`newsid`,`content`,`userid`,`shijian`) VALUES ('66','不错','1','2017-07-11 09:46:33') [ RunTime:0.0210s ]

[ 2017-07-11T09:46:34+08:00 ] ::1 /php/6-30/index.php/Home/News/pl_ajax.html
INFO: [ app_init ] --START--
INFO: Run Behavior\BuildLiteBehavior [ RunTime:0.000000s ]
INFO: [ app_init ] --END-- [ RunTime:0.000000s ]
INFO: [ app_begin ] --START--
INFO: Run Behavior\ReadHtmlCacheBehavior [ RunTime:0.000000s ]
INFO: [ app_begin ] --END-- [ RunTime:0.001000s ]
SQL: SHOW COLUMNS FROM `news_type` [ RunTime:0.0030s ]
SQL: SELECT * FROM `news_type` ORDER BY sno asc  [ RunTime:0.0000s ]
SQL: SHOW COLUMNS FROM `message` [ RunTime:0.0030s ]
SQL: INSERT INTO `message` (`newsid`,`content`,`userid`,`shijian`) VALUES ('66','不错','1','2017-07-11 09:46:34') [ RunTime:0.0200s ]

[ 2017-07-11T09:46:34+08:00 ] ::1 /php/6-30/index.php/Home/News/pl_ajax.html
INFO: [ app_init ] --START--
INFO: Run Behavior\BuildLiteBehavior [ RunTime:0.000000s ]
INFO: [ app_init ] --END-- [ RunTime:0.000000s ]
INFO: [ app_begin ] --START--
INFO: Run Behavior\ReadHtmlCacheBehavior [ RunTime:0.001000s ]
INFO: [ app_begin ] --END-- [ RunTime:0.001000s ]
SQL: SHOW COLUMNS FROM `news_type` [ RunTime:0.0040s ]
SQL: SELECT * FROM `news_type` ORDER BY sno asc  [ RunTime:0.0010s ]
SQL: SHOW COLUMNS FROM `message` [ RunTime:0.0040s ]
SQL: INSERT INTO `message` (`newsid`,`content`,`userid`,`shijian`) VALUES ('66','不错','1','2017-07-11 09:46:34') [ RunTime:0.0190s ]

[ 2017-07-11T09:46:34+08:00 ] ::1 /php/6-30/index.php/Home/News/pl_ajax.html
INFO: [ app_init ] --START--
INFO: Run Behavior\BuildLiteBehavior [ RunTime:0.000000s ]
INFO: [ app_init ] --END-- [ RunTime:0.000000s ]
INFO: [ app_begin ] --START--
INFO: Run Behavior\ReadHtmlCacheBehavior [ RunTime:0.001000s ]
INFO: [ app_begin ] --END-- [ RunTime:0.001000s ]
SQL: SHOW COLUMNS FROM `news_type` [ RunTime:0.0090s ]
SQL: SELECT * FROM `news_type` ORDER BY sno asc  [ RunTime:0.0010s ]
SQL: SHOW COLUMNS FROM `message` [ RunTime:0.0040s ]
SQL: INSERT INTO `message` (`newsid`,`content`,`userid`,`shijian`) VALUES ('66','不错','1','2017-07-11 09:46:34') [ RunTime:0.0180s ]

[ 2017-07-11T09:46:34+08:00 ] ::1 /php/6-30/index.php/Home/News/pl_ajax.html
INFO: [ app_init ] --START--
INFO: Run Behavior\BuildLiteBehavior [ RunTime:0.000000s ]
INFO: [ app_init ] --END-- [ RunTime:0.001000s ]
INFO: [ app_begin ] --START--
INFO: Run Behavior\ReadHtmlCacheBehavior [ RunTime:0.000000s ]
INFO: [ app_begin ] --END-- [ RunTime:0.002000s ]
SQL: SHOW COLUMNS FROM `news_type` [ RunTime:0.0050s ]
SQL: SELECT * FROM `news_type` ORDER BY sno asc  [ RunTime:0.0000s ]
SQL: SHOW COLUMNS FROM `message` [ RunTime:0.0040s ]
SQL: INSERT INTO `message` (`newsid`,`content`,`userid`,`shijian`) VALUES ('66','不错','1','2017-07-11 09:46:34') [ RunTime:0.0190s ]

[ 2017-07-11T09:46:34+08:00 ] ::1 /php/6-30/index.php/Home/News/pl_ajax.html
INFO: [ app_init ] --START--
INFO: Run Behavior\BuildLiteBehavior [ RunTime:0.000000s ]
INFO: [ app_init ] --END-- [ RunTime:0.000000s ]
INFO: [ app_begin ] --START--
INFO: Run Behavior\ReadHtmlCacheBehavior [ RunTime:0.001000s ]
INFO: [ app_begin ] --END-- [ RunTime:0.001000s ]
SQL: SHOW COLUMNS FROM `news_type` [ RunTime:0.0030s ]
SQL: SELECT * FROM `news_type` ORDER BY sno asc  [ RunTime:0.0070s ]
SQL: SHOW COLUMNS FROM `message` [ RunTime:0.0040s ]
SQL: INSERT INTO `message` (`newsid`,`content`,`userid`,`shijian`) VALUES ('66','不错','1','2017-07-11 09:46:34') [ RunTime:0.0190s ]

[ 2017-07-11T09:46:35+08:00 ] ::1 /php/6-30/index.php/Home/News/pl_ajax.html
INFO: [ app_init ] --START--
INFO: Run Behavior\BuildLiteBehavior [ RunTime:0.000000s ]
INFO: [ app_init ] --END-- [ RunTime:0.001000s ]
INFO: [ app_begin ] --START--
INFO: Run Behavior\ReadHtmlCacheBehavior [ RunTime:0.001000s ]
INFO: [ app_begin ] --END-- [ RunTime:0.001000s ]
SQL: SHOW COLUMNS FROM `news_type` [ RunTime:0.0040s ]
SQL: SELECT * FROM `news_type` ORDER BY sno asc  [ RunTime:0.0030s ]
SQL: SHOW COLUMNS FROM `message` [ RunTime:0.0050s ]
SQL: INSERT INTO `message` (`newsid`,`content`,`userid`,`shijian`) VALUES ('66','不错','1','2017-07-11 09:46:35') [ RunTime:0.0210s ]

[ 2017-07-11T09:46:35+08:00 ] ::1 /php/6-30/index.php/Home/News/pl_ajax.html
INFO: [ app_init ] --START--
INFO: Run Behavior\BuildLiteBehavior [ RunTime:0.000000s ]
INFO: [ app_init ] --END-- [ RunTime:0.001000s ]
INFO: [ app_begin ] --START--
INFO: Run Behavior\ReadHtmlCacheBehavior [ RunTime:0.001000s ]
INFO: [ app_begin ] --END-- [ RunTime:0.002000s ]
SQL: SHOW COLUMNS FROM `news_type` [ RunTime:0.0040s ]
SQL: SELECT * FROM `news_type` ORDER BY sno asc  [ RunTime:0.0010s ]
SQL: SHOW COLUMNS FROM `message` [ RunTime:0.0020s ]
SQL: INSERT INTO `message` (`newsid`,`content`,`userid`,`shijian`) VALUES ('66','不错','1','2017-07-11 09:46:35') [ RunTime:0.0200s ]

[ 2017-07-11T09:46:35+08:00 ] ::1 /php/6-30/index.php/Home/News/pl_ajax.html
INFO: [ app_init ] --START--
INFO: Run Behavior\BuildLiteBehavior [ RunTime:0.000000s ]
INFO: [ app_init ] --END-- [ RunTime:0.001000s ]
INFO: [ app_begin ] --START--
INFO: Run Behavior\ReadHtmlCacheBehavior [ RunTime:0.001000s ]
INFO: [ app_begin ] --END-- [ RunTime:0.001000s ]
SQL: SHOW COLUMNS FROM `news_type` [ RunTime:0.0030s ]
SQL: SELECT * FROM `news_type` ORDER BY sno asc  [ RunTime:0.0000s ]
SQL: SHOW COLUMNS FROM `message` [ RunTime:0.0040s ]
SQL: INSERT INTO `message` (`newsid`,`content`,`userid`,`shijian`) VALUES ('66','不错','1','2017-07-11 09:46:35') [ RunTime:0.0190s ]

[ 2017-07-11T09:46:35+08:00 ] ::1 /php/6-30/index.php/Home/News/pl_ajax.html
INFO: [ app_init ] --START--
INFO: Run Behavior\BuildLiteBehavior [ RunTime:0.000000s ]
INFO: [ app_init ] --END-- [ RunTime:0.001000s ]
INFO: [ app_begin ] --START--
INFO: Run Behavior\ReadHtmlCacheBehavior [ RunTime:0.000000s ]
INFO: [ app_begin ] --END-- [ RunTime:0.001000s ]
SQL: SHOW COLUMNS FROM `news_type` [ RunTime:0.0080s ]
SQL: SELECT * FROM `news_type` ORDER BY sno asc  [ RunTime:0.0010s ]
SQL: SHOW COLUMNS FROM `message` [ RunTime:0.0050s ]
SQL: INSERT INTO `message` (`newsid`,`content`,`userid`,`shijian`) VALUES ('66','不错','1','2017-07-11 09:46:35') [ RunTime:0.0200s ]

[ 2017-07-11T09:46:35+08:00 ] ::1 /php/6-30/index.php/Home/News/pl_ajax.html
INFO: [ app_init ] --START--
INFO: Run Behavior\BuildLiteBehavior [ RunTime:0.000000s ]
INFO: [ app_init ] --END-- [ RunTime:0.000000s ]
INFO: [ app_begin ] --START--
INFO: Run Behavior\ReadHtmlCacheBehavior [ RunTime:0.001000s ]
INFO: [ app_begin ] --END-- [ RunTime:0.001000s ]
SQL: SHOW COLUMNS FROM `news_type` [ RunTime:0.0030s ]
SQL: SELECT * FROM `news_type` ORDER BY sno asc  [ RunTime:0.0010s ]
SQL: SHOW COLUMNS FROM `message` [ RunTime:0.0090s ]
SQL: INSERT INTO `message` (`newsid`,`content`,`userid`,`shijian`) VALUES ('66','不错','1','2017-07-11 09:46:35') [ RunTime:0.0180s ]

[ 2017-07-11T09:46:35+08:00 ] ::1 /php/6-30/index.php/Home/News/pl_ajax.html
INFO: [ app_init ] --START--
INFO: Run Behavior\BuildLiteBehavior [ RunTime:0.000000s ]
INFO: [ app_init ] --END-- [ RunTime:0.000000s ]
INFO: [ app_begin ] --START--
INFO: Run Behavior\ReadHtmlCacheBehavior [ RunTime:0.000000s ]
INFO: [ app_begin ] --END-- [ RunTime:0.001000s ]
SQL: SHOW COLUMNS FROM `news_type` [ RunTime:0.0030s ]
SQL: SELECT * FROM `news_type` ORDER BY sno asc  [ RunTime:0.0000s ]
SQL: SHOW COLUMNS FROM `message` [ RunTime:0.0030s ]
SQL: INSERT INTO `message` (`newsid`,`content`,`userid`,`shijian`) VALUES ('66','不错','1','2017-07-11 09:46:35') [ RunTime:0.0190s ]

[ 2017-07-11T09:46:37+08:00 ] ::1 /php/6-30/index.php/Home/News/news_info/newsid/66.html
INFO: [ app_init ] --START--
INFO: Run Behavior\BuildLiteBehavior [ RunTime:0.000000s ]
INFO: [ app_init ] --END-- [ RunTime:0.000000s ]
INFO: [ app_begin ] --START--
INFO: Run Behavior\ReadHtmlCacheBehavior [ RunTime:0.001000s ]
INFO: [ app_begin ] --END-- [ RunTime:0.001000s ]
SQL: SHOW COLUMNS FROM `news_type` [ RunTime:0.0120s ]
SQL: SELECT * FROM `news_type` ORDER BY sno asc  [ RunTime:0.0010s ]
SQL: SHOW COLUMNS FROM `news` [ RunTime:0.0030s ]
SQL: SELECT MAX(newsid) AS tp_max FROM `news` LIMIT 1   [ RunTime:0.0000s ]
SQL: SELECT MIN(newsid) AS tp_min FROM `news` LIMIT 1   [ RunTime:0.0010s ]
SQL: SELECT * FROM `news` WHERE ( newsid<66 ) ORDER BY newsid desc LIMIT 1   [ RunTime:0.0010s ]
SQL: SELECT * FROM `news` WHERE ( newsid>66 ) ORDER BY newsid asc LIMIT 1   [ RunTime:0.0010s ]
SQL: UPDATE `news` SET `count`=count+1 WHERE ( newsid=66 ) [ RunTime:0.0190s ]
SQL: SELECT news.title,news.newsid,news.content,news.sj,news.count,a.name FROM `news` INNER JOIN news_type a on news.type=a.typeid  WHERE `newsid` = '66' LIMIT 1   [ RunTime:0.0010s ]
SQL: SHOW COLUMNS FROM `message` [ RunTime:0.0070s ]
SQL: SELECT message.id,message.content,message.shijian,a.username,a.pic FROM `message` INNER JOIN register a on a.id=message.userid  WHERE ( newsid=66 ) ORDER BY message.id desc  [ RunTime:0.0040s ]
INFO: [ view_parse ] --START--
INFO: [ template_filter ] --START--
INFO: Run Behavior\ContentReplaceBehavior [ RunTime:0.000000s ]
INFO: [ template_filter ] --END-- [ RunTime:0.000000s ]
INFO: Run Behavior\ParseTemplateBehavior [ RunTime:0.032000s ]
INFO: [ view_parse ] --END-- [ RunTime:0.033000s ]
INFO: [ view_filter ] --START--
INFO: Run Behavior\WriteHtmlCacheBehavior [ RunTime:0.001000s ]
INFO: [ view_filter ] --END-- [ RunTime:0.001000s ]
INFO: [ app_end ] --START--
INFO: Run Behavior\ShowPageTraceBehavior [ RunTime:0.001000s ]
INFO: [ app_end ] --END-- [ RunTime:0.001000s ]

[ 2017-07-11T09:57:23+08:00 ] ::1 /php/6-30/index.php/Home/News/news_info/newsid/65.html
INFO: [ app_init ] --START--
INFO: Run Behavior\BuildLiteBehavior [ RunTime:0.000000s ]
INFO: [ app_init ] --END-- [ RunTime:0.002000s ]
INFO: [ app_begin ] --START--
INFO: Run Behavior\ReadHtmlCacheBehavior [ RunTime:0.001000s ]
INFO: [ app_begin ] --END-- [ RunTime:0.001000s ]
SQL: SHOW COLUMNS FROM `news_type` [ RunTime:0.0030s ]
SQL: SELECT * FROM `news_type` ORDER BY sno asc  [ RunTime:0.0010s ]
SQL: SHOW COLUMNS FROM `news` [ RunTime:0.0050s ]
SQL: SELECT MAX(newsid) AS tp_max FROM `news` LIMIT 1   [ RunTime:0.0000s ]
SQL: SELECT MIN(newsid) AS tp_min FROM `news` LIMIT 1   [ RunTime:0.0000s ]
SQL: SELECT * FROM `news` WHERE ( newsid<65 ) ORDER BY newsid desc LIMIT 1   [ RunTime:0.0010s ]
SQL: SELECT * FROM `news` WHERE ( newsid>65 ) ORDER BY newsid asc LIMIT 1   [ RunTime:0.0010s ]
SQL: UPDATE `news` SET `count`=count+1 WHERE ( newsid=65 ) [ RunTime:0.0210s ]
SQL: SELECT news.title,news.newsid,news.content,news.sj,news.count,a.name FROM `news` INNER JOIN news_type a on news.type=a.typeid  WHERE `newsid` = '65' LIMIT 1   [ RunTime:0.0010s ]
SQL: SHOW COLUMNS FROM `message` [ RunTime:0.0050s ]
SQL: SELECT message.id,message.content,message.shijian,a.username,a.pic FROM `message` INNER JOIN register a on a.id=message.userid  WHERE ( newsid=65 ) ORDER BY message.id desc  [ RunTime:0.0060s ]
INFO: [ view_parse ] --START--
INFO: [ template_filter ] --START--
INFO: Run Behavior\ContentReplaceBehavior [ RunTime:0.001000s ]
INFO: [ template_filter ] --END-- [ RunTime:0.001000s ]
INFO: Run Behavior\ParseTemplateBehavior [ RunTime:0.027000s ]
INFO: [ view_parse ] --END-- [ RunTime:0.027000s ]
INFO: [ view_filter ] --START--
INFO: Run Behavior\WriteHtmlCacheBehavior [ RunTime:0.001000s ]
INFO: [ view_filter ] --END-- [ RunTime:0.001000s ]
INFO: [ app_end ] --START--
INFO: Run Behavior\ShowPageTraceBehavior [ RunTime:0.002000s ]
INFO: [ app_end ] --END-- [ RunTime:0.002000s ]

[ 2017-07-11T09:57:28+08:00 ] ::1 /php/6-30/index.php/Home/News/pl_ajax.html
INFO: [ app_init ] --START--
INFO: Run Behavior\BuildLiteBehavior [ RunTime:0.000000s ]
INFO: [ app_init ] --END-- [ RunTime:0.001000s ]
INFO: [ app_begin ] --START--
INFO: Run Behavior\ReadHtmlCacheBehavior [ RunTime:0.000000s ]
INFO: [ app_begin ] --END-- [ RunTime:0.000000s ]
SQL: SHOW COLUMNS FROM `news_type` [ RunTime:0.0080s ]
SQL: SELECT * FROM `news_type` ORDER BY sno asc  [ RunTime:0.0010s ]
SQL: SHOW COLUMNS FROM `message` [ RunTime:0.0040s ]
SQL: INSERT INTO `message` (`newsid`,`content`,`userid`,`shijian`) VALUES ('65','8','1','2017-07-11 09:57:28') [ RunTime:0.0070s ]

[ 2017-07-11T09:57:29+08:00 ] ::1 /php/6-30/index.php/Home/News/pl_ajax.html
INFO: [ app_init ] --START--
INFO: Run Behavior\BuildLiteBehavior [ RunTime:0.000000s ]
INFO: [ app_init ] --END-- [ RunTime:0.000000s ]
INFO: [ app_begin ] --START--
INFO: Run Behavior\ReadHtmlCacheBehavior [ RunTime:0.001000s ]
INFO: [ app_begin ] --END-- [ RunTime:0.002000s ]
SQL: SHOW COLUMNS FROM `news_type` [ RunTime:0.0040s ]
SQL: SELECT * FROM `news_type` ORDER BY sno asc  [ RunTime:0.0010s ]
SQL: SHOW COLUMNS FROM `message` [ RunTime:0.0040s ]
SQL: INSERT INTO `message` (`newsid`,`content`,`userid`,`shijian`) VALUES ('65','8','1','2017-07-11 09:57:29') [ RunTime:0.0210s ]

[ 2017-07-11T09:57:29+08:00 ] ::1 /php/6-30/index.php/Home/News/pl_ajax.html
INFO: [ app_init ] --START--
INFO: Run Behavior\BuildLiteBehavior [ RunTime:0.000000s ]
INFO: [ app_init ] --END-- [ RunTime:0.000000s ]
INFO: [ app_begin ] --START--
INFO: Run Behavior\ReadHtmlCacheBehavior [ RunTime:0.002000s ]
INFO: [ app_begin ] --END-- [ RunTime:0.002000s ]
SQL: SHOW COLUMNS FROM `news_type` [ RunTime:0.0030s ]
SQL: SELECT * FROM `news_type` ORDER BY sno asc  [ RunTime:0.0000s ]
SQL: SHOW COLUMNS FROM `message` [ RunTime:0.0030s ]
SQL: INSERT INTO `message` (`newsid`,`content`,`userid`,`shijian`) VALUES ('65','8','1','2017-07-11 09:57:29') [ RunTime:0.0210s ]

[ 2017-07-11T09:57:29+08:00 ] ::1 /php/6-30/index.php/Home/News/pl_ajax.html
INFO: [ app_init ] --START--
INFO: Run Behavior\BuildLiteBehavior [ RunTime:0.000000s ]
INFO: [ app_init ] --END-- [ RunTime:0.001000s ]
INFO: [ app_begin ] --START--
INFO: Run Behavior\ReadHtmlCacheBehavior [ RunTime:0.001000s ]
INFO: [ app_begin ] --END-- [ RunTime:0.001000s ]
SQL: SHOW COLUMNS FROM `news_type` [ RunTime:0.0100s ]
SQL: SELECT * FROM `news_type` ORDER BY sno asc  [ RunTime:0.0000s ]
SQL: SHOW COLUMNS FROM `message` [ RunTime:0.0040s ]
SQL: INSERT INTO `message` (`newsid`,`content`,`userid`,`shijian`) VALUES ('65','8','1','2017-07-11 09:57:29') [ RunTime:0.0210s ]

[ 2017-07-11T09:57:29+08:00 ] ::1 /php/6-30/index.php/Home/News/pl_ajax.html
INFO: [ app_init ] --START--
INFO: Run Behavior\BuildLiteBehavior [ RunTime:0.000000s ]
INFO: [ app_init ] --END-- [ RunTime:0.001000s ]
INFO: [ app_begin ] --START--
INFO: Run Behavior\ReadHtmlCacheBehavior [ RunTime:0.001000s ]
INFO: [ app_begin ] --END-- [ RunTime:0.001000s ]
SQL: SHOW COLUMNS FROM `news_type` [ RunTime:0.0030s ]
SQL: SELECT * FROM `news_type` ORDER BY sno asc  [ RunTime:0.0000s ]
SQL: SHOW COLUMNS FROM `message` [ RunTime:0.0030s ]
SQL: INSERT INTO `message` (`newsid`,`content`,`userid`,`shijian`) VALUES ('65','8','1','2017-07-11 09:57:29') [ RunTime:0.0220s ]

[ 2017-07-11T09:57:30+08:00 ] ::1 /php/6-30/index.php/Home/News/pl_ajax.html
INFO: [ app_init ] --START--
INFO: Run Behavior\BuildLiteBehavior [ RunTime:0.000000s ]
INFO: [ app_init ] --END-- [ RunTime:0.001000s ]
INFO: [ app_begin ] --START--
INFO: Run Behavior\ReadHtmlCacheBehavior [ RunTime:0.001000s ]
INFO: [ app_begin ] --END-- [ RunTime:0.001000s ]
SQL: SHOW COLUMNS FROM `news_type` [ RunTime:0.0080s ]
SQL: SELECT * FROM `news_type` ORDER BY sno asc  [ RunTime:0.0010s ]
SQL: SHOW COLUMNS FROM `message` [ RunTime:0.0040s ]
SQL: INSERT INTO `message` (`newsid`,`content`,`userid`,`shijian`) VALUES ('65','8','1','2017-07-11 09:57:30') [ RunTime:0.0210s ]

[ 2017-07-11T09:57:30+08:00 ] ::1 /php/6-30/index.php/Home/News/pl_ajax.html
INFO: [ app_init ] --START--
INFO: Run Behavior\BuildLiteBehavior [ RunTime:0.000000s ]
INFO: [ app_init ] --END-- [ RunTime:0.001000s ]
INFO: [ app_begin ] --START--
INFO: Run Behavior\ReadHtmlCacheBehavior [ RunTime:0.001000s ]
INFO: [ app_begin ] --END-- [ RunTime:0.001000s ]
SQL: SHOW COLUMNS FROM `news_type` [ RunTime:0.0040s ]
SQL: SELECT * FROM `news_type` ORDER BY sno asc  [ RunTime:0.0000s ]
SQL: SHOW COLUMNS FROM `message` [ RunTime:0.0070s ]
SQL: INSERT INTO `message` (`newsid`,`content`,`userid`,`shijian`) VALUES ('65','8','1','2017-07-11 09:57:30') [ RunTime:0.0220s ]

[ 2017-07-11T09:57:30+08:00 ] ::1 /php/6-30/index.php/Home/News/pl_ajax.html
INFO: [ app_init ] --START--
INFO: Run Behavior\BuildLiteBehavior [ RunTime:0.000000s ]
INFO: [ app_init ] --END-- [ RunTime:0.001000s ]
INFO: [ app_begin ] --START--
INFO: Run Behavior\ReadHtmlCacheBehavior [ RunTime:0.000000s ]
INFO: [ app_begin ] --END-- [ RunTime:0.001000s ]
SQL: SHOW COLUMNS FROM `news_type` [ RunTime:0.0050s ]
SQL: SELECT * FROM `news_type` ORDER BY sno asc  [ RunTime:0.0000s ]
SQL: SHOW COLUMNS FROM `message` [ RunTime:0.0050s ]
SQL: INSERT INTO `message` (`newsid`,`content`,`userid`,`shijian`) VALUES ('65','8','1','2017-07-11 09:57:30') [ RunTime:0.0220s ]

[ 2017-07-11T09:57:30+08:00 ] ::1 /php/6-30/index.php/Home/News/pl_ajax.html
INFO: [ app_init ] --START--
INFO: Run Behavior\BuildLiteBehavior [ RunTime:0.000000s ]
INFO: [ app_init ] --END-- [ RunTime:0.001000s ]
INFO: [ app_begin ] --START--
INFO: Run Behavior\ReadHtmlCacheBehavior [ RunTime:0.001000s ]
INFO: [ app_begin ] --END-- [ RunTime:0.001000s ]
SQL: SHOW COLUMNS FROM `news_type` [ RunTime:0.0050s ]
SQL: SELECT * FROM `news_type` ORDER BY sno asc  [ RunTime:0.0010s ]
SQL: SHOW COLUMNS FROM `message` [ RunTime:0.0040s ]
SQL: INSERT INTO `message` (`newsid`,`content`,`userid`,`shijian`) VALUES ('65','8','1','2017-07-11 09:57:30') [ RunTime:0.0200s ]

[ 2017-07-11T09:57:30+08:00 ] ::1 /php/6-30/index.php/Home/News/pl_ajax.html
INFO: [ app_init ] --START--
INFO: Run Behavior\BuildLiteBehavior [ RunTime:0.001000s ]
INFO: [ app_init ] --END-- [ RunTime:0.001000s ]
INFO: [ app_begin ] --START--
INFO: Run Behavior\ReadHtmlCacheBehavior [ RunTime:0.001000s ]
INFO: [ app_begin ] --END-- [ RunTime:0.001000s ]
SQL: SHOW COLUMNS FROM `news_type` [ RunTime:0.0050s ]
SQL: SELECT * FROM `news_type` ORDER BY sno asc  [ RunTime:0.0010s ]
SQL: SHOW COLUMNS FROM `message` [ RunTime:0.0030s ]
SQL: INSERT INTO `message` (`newsid`,`content`,`userid`,`shijian`) VALUES ('65','8','1','2017-07-11 09:57:30') [ RunTime:0.0210s ]

[ 2017-07-11T09:57:30+08:00 ] ::1 /php/6-30/index.php/Home/News/pl_ajax.html
INFO: [ app_init ] --START--
INFO: Run Behavior\BuildLiteBehavior [ RunTime:0.000000s ]
INFO: [ app_init ] --END-- [ RunTime:0.000000s ]
INFO: [ app_begin ] --START--
INFO: Run Behavior\ReadHtmlCacheBehavior [ RunTime:0.002000s ]
INFO: [ app_begin ] --END-- [ RunTime:0.002000s ]
SQL: SHOW COLUMNS FROM `news_type` [ RunTime:0.0040s ]
SQL: SELECT * FROM `news_type` ORDER BY sno asc  [ RunTime:0.0000s ]
SQL: SHOW COLUMNS FROM `message` [ RunTime:0.0090s ]
SQL: INSERT INTO `message` (`newsid`,`content`,`userid`,`shijian`) VALUES ('65','8','1','2017-07-11 09:57:30') [ RunTime:0.0210s ]

[ 2017-07-11T09:57:31+08:00 ] ::1 /php/6-30/index.php/Home/News/pl_ajax.html
INFO: [ app_init ] --START--
INFO: Run Behavior\BuildLiteBehavior [ RunTime:0.000000s ]
INFO: [ app_init ] --END-- [ RunTime:0.001000s ]
INFO: [ app_begin ] --START--
INFO: Run Behavior\ReadHtmlCacheBehavior [ RunTime:0.001000s ]
INFO: [ app_begin ] --END-- [ RunTime:0.001000s ]
SQL: SHOW COLUMNS FROM `news_type` [ RunTime:0.0050s ]
SQL: SELECT * FROM `news_type` ORDER BY sno asc  [ RunTime:0.0010s ]
SQL: SHOW COLUMNS FROM `message` [ RunTime:0.0040s ]
SQL: INSERT INTO `message` (`newsid`,`content`,`userid`,`shijian`) VALUES ('65','8','1','2017-07-11 09:57:30') [ RunTime:0.0210s ]

[ 2017-07-11T09:57:31+08:00 ] ::1 /php/6-30/index.php/Home/News/pl_ajax.html
INFO: [ app_init ] --START--
INFO: Run Behavior\BuildLiteBehavior [ RunTime:0.000000s ]
INFO: [ app_init ] --END-- [ RunTime:0.001000s ]
INFO: [ app_begin ] --START--
INFO: Run Behavior\ReadHtmlCacheBehavior [ RunTime:0.001000s ]
INFO: [ app_begin ] --END-- [ RunTime:0.001000s ]
SQL: SHOW COLUMNS FROM `news_type` [ RunTime:0.0070s ]
SQL: SELECT * FROM `news_type` ORDER BY sno asc  [ RunTime:0.0000s ]
SQL: SHOW COLUMNS FROM `message` [ RunTime:0.0040s ]
SQL: INSERT INTO `message` (`newsid`,`content`,`userid`,`shijian`) VALUES ('65','8','1','2017-07-11 09:57:31') [ RunTime:0.0200s ]

[ 2017-07-11T09:57:31+08:00 ] ::1 /php/6-30/index.php/Home/News/pl_ajax.html
INFO: [ app_init ] --START--
INFO: Run Behavior\BuildLiteBehavior [ RunTime:0.000000s ]
INFO: [ app_init ] --END-- [ RunTime:0.001000s ]
INFO: [ app_begin ] --START--
INFO: Run Behavior\ReadHtmlCacheBehavior [ RunTime:0.001000s ]
INFO: [ app_begin ] --END-- [ RunTime:0.001000s ]
SQL: SHOW COLUMNS FROM `news_type` [ RunTime:0.0040s ]
SQL: SELECT * FROM `news_type` ORDER BY sno asc  [ RunTime:0.0000s ]
SQL: SHOW COLUMNS FROM `message` [ RunTime:0.0040s ]
SQL: INSERT INTO `message` (`newsid`,`content`,`userid`,`shijian`) VALUES ('65','8','1','2017-07-11 09:57:31') [ RunTime:0.0210s ]

[ 2017-07-11T09:57:31+08:00 ] ::1 /php/6-30/index.php/Home/News/pl_ajax.html
INFO: [ app_init ] --START--
INFO: Run Behavior\BuildLiteBehavior [ RunTime:0.000000s ]
INFO: [ app_init ] --END-- [ RunTime:0.002000s ]
INFO: [ app_begin ] --START--
INFO: Run Behavior\ReadHtmlCacheBehavior [ RunTime:0.000000s ]
INFO: [ app_begin ] --END-- [ RunTime:0.002000s ]
SQL: SHOW COLUMNS FROM `news_type` [ RunTime:0.0050s ]
SQL: SELECT * FROM `news_type` ORDER BY sno asc  [ RunTime:0.0000s ]
SQL: SHOW COLUMNS FROM `message` [ RunTime:0.0030s ]
SQL: INSERT INTO `message` (`newsid`,`content`,`userid`,`shijian`) VALUES ('65','8','1','2017-07-11 09:57:31') [ RunTime:0.0210s ]

[ 2017-07-11T09:57:31+08:00 ] ::1 /php/6-30/index.php/Home/News/pl_ajax.html
INFO: [ app_init ] --START--
INFO: Run Behavior\BuildLiteBehavior [ RunTime:0.000000s ]
INFO: [ app_init ] --END-- [ RunTime:0.001000s ]
INFO: [ app_begin ] --START--
INFO: Run Behavior\ReadHtmlCacheBehavior [ RunTime:0.003000s ]
INFO: [ app_begin ] --END-- [ RunTime:0.003000s ]
SQL: SHOW COLUMNS FROM `news_type` [ RunTime:0.0070s ]
SQL: SELECT * FROM `news_type` ORDER BY sno asc  [ RunTime:0.0000s ]
SQL: SHOW COLUMNS FROM `message` [ RunTime:0.0040s ]
SQL: INSERT INTO `message` (`newsid`,`content`,`userid`,`shijian`) VALUES ('65','8','1','2017-07-11 09:57:31') [ RunTime:0.0200s ]

[ 2017-07-11T09:57:31+08:00 ] ::1 /php/6-30/index.php/Home/News/pl_ajax.html
INFO: [ app_init ] --START--
INFO: Run Behavior\BuildLiteBehavior [ RunTime:0.001000s ]
INFO: [ app_init ] --END-- [ RunTime:0.001000s ]
INFO: [ app_begin ] --START--
INFO: Run Behavior\ReadHtmlCacheBehavior [ RunTime:0.001000s ]
INFO: [ app_begin ] --END-- [ RunTime:0.001000s ]
SQL: SHOW COLUMNS FROM `news_type` [ RunTime:0.0050s ]
SQL: SELECT * FROM `news_type` ORDER BY sno asc  [ RunTime:0.0000s ]
SQL: SHOW COLUMNS FROM `message` [ RunTime:0.0030s ]
SQL: INSERT INTO `message` (`newsid`,`content`,`userid`,`shijian`) VALUES ('65','8','1','2017-07-11 09:57:31') [ RunTime:0.0050s ]

[ 2017-07-11T09:57:31+08:00 ] ::1 /php/6-30/index.php/Home/News/pl_ajax.html
INFO: [ app_init ] --START--
INFO: Run Behavior\BuildLiteBehavior [ RunTime:0.000000s ]
INFO: [ app_init ] --END-- [ RunTime:0.001000s ]
INFO: [ app_begin ] --START--
INFO: Run Behavior\ReadHtmlCacheBehavior [ RunTime:0.000000s ]
INFO: [ app_begin ] --END-- [ RunTime:0.001000s ]
SQL: SHOW COLUMNS FROM `news_type` [ RunTime:0.0040s ]
SQL: SELECT * FROM `news_type` ORDER BY sno asc  [ RunTime:0.0010s ]
SQL: SHOW COLUMNS FROM `message` [ RunTime:0.0040s ]
SQL: INSERT INTO `message` (`newsid`,`content`,`userid`,`shijian`) VALUES ('65','8','1','2017-07-11 09:57:31') [ RunTime:0.0210s ]

[ 2017-07-11T09:57:32+08:00 ] ::1 /php/6-30/index.php/Home/News/pl_ajax.html
INFO: [ app_init ] --START--
INFO: Run Behavior\BuildLiteBehavior [ RunTime:0.000000s ]
INFO: [ app_init ] --END-- [ RunTime:0.000000s ]
INFO: [ app_begin ] --START--
INFO: Run Behavior\ReadHtmlCacheBehavior [ RunTime:0.001000s ]
INFO: [ app_begin ] --END-- [ RunTime:0.001000s ]
SQL: SHOW COLUMNS FROM `news_type` [ RunTime:0.0040s ]
SQL: SELECT * FROM `news_type` ORDER BY sno asc  [ RunTime:0.0000s ]
SQL: SHOW COLUMNS FROM `message` [ RunTime:0.0030s ]
SQL: INSERT INTO `message` (`newsid`,`content`,`userid`,`shijian`) VALUES ('65','8','1','2017-07-11 09:57:32') [ RunTime:0.0210s ]

[ 2017-07-11T09:57:32+08:00 ] ::1 /php/6-30/index.php/Home/News/pl_ajax.html
INFO: [ app_init ] --START--
INFO: Run Behavior\BuildLiteBehavior [ RunTime:0.000000s ]
INFO: [ app_init ] --END-- [ RunTime:0.001000s ]
INFO: [ app_begin ] --START--
INFO: Run Behavior\ReadHtmlCacheBehavior [ RunTime:0.001000s ]
INFO: [ app_begin ] --END-- [ RunTime:0.001000s ]
SQL: SHOW COLUMNS FROM `news_type` [ RunTime:0.0070s ]
SQL: SELECT * FROM `news_type` ORDER BY sno asc  [ RunTime:0.0000s ]
SQL: SHOW COLUMNS FROM `message` [ RunTime:0.0040s ]
SQL: INSERT INTO `message` (`newsid`,`content`,`userid`,`shijian`) VALUES ('65','8','1','2017-07-11 09:57:32') [ RunTime:0.0220s ]

[ 2017-07-11T09:57:32+08:00 ] ::1 /php/6-30/index.php/Home/News/pl_ajax.html
INFO: [ app_init ] --START--
INFO: Run Behavior\BuildLiteBehavior [ RunTime:0.000000s ]
INFO: [ app_init ] --END-- [ RunTime:0.001000s ]
INFO: [ app_begin ] --START--
INFO: Run Behavior\ReadHtmlCacheBehavior [ RunTime:0.002000s ]
INFO: [ app_begin ] --END-- [ RunTime:0.002000s ]
SQL: SHOW COLUMNS FROM `news_type` [ RunTime:0.0040s ]
SQL: SELECT * FROM `news_type` ORDER BY sno asc  [ RunTime:0.0000s ]
SQL: SHOW COLUMNS FROM `message` [ RunTime:0.0040s ]
SQL: INSERT INTO `message` (`newsid`,`content`,`userid`,`shijian`) VALUES ('65','8','1','2017-07-11 09:57:32') [ RunTime:0.0220s ]

[ 2017-07-11T09:57:32+08:00 ] ::1 /php/6-30/index.php/Home/News/pl_ajax.html
INFO: [ app_init ] --START--
INFO: Run Behavior\BuildLiteBehavior [ RunTime:0.000000s ]
INFO: [ app_init ] --END-- [ RunTime:0.000000s ]
INFO: [ app_begin ] --START--
INFO: Run Behavior\ReadHtmlCacheBehavior [ RunTime:0.003000s ]
INFO: [ app_begin ] --END-- [ RunTime:0.004000s ]
SQL: SHOW COLUMNS FROM `news_type` [ RunTime:0.0040s ]
SQL: SELECT * FROM `news_type` ORDER BY sno asc  [ RunTime:0.0010s ]
SQL: SHOW COLUMNS FROM `message` [ RunTime:0.0140s ]
SQL: INSERT INTO `message` (`newsid`,`content`,`userid`,`shijian`) VALUES ('65','8','1','2017-07-11 09:57:32') [ RunTime:0.0210s ]

[ 2017-07-11T09:57:32+08:00 ] ::1 /php/6-30/index.php/Home/News/pl_ajax.html
INFO: [ app_init ] --START--
INFO: Run Behavior\BuildLiteBehavior [ RunTime:0.000000s ]
INFO: [ app_init ] --END-- [ RunTime:0.000000s ]
INFO: [ app_begin ] --START--
INFO: Run Behavior\ReadHtmlCacheBehavior [ RunTime:0.001000s ]
INFO: [ app_begin ] --END-- [ RunTime:0.001000s ]
SQL: SHOW COLUMNS FROM `news_type` [ RunTime:0.0030s ]
SQL: SELECT * FROM `news_type` ORDER BY sno asc  [ RunTime:0.0010s ]
SQL: SHOW COLUMNS FROM `message` [ RunTime:0.0090s ]
SQL: INSERT INTO `message` (`newsid`,`content`,`userid`,`shijian`) VALUES ('65','8','1','2017-07-11 09:57:32') [ RunTime:0.0210s ]

[ 2017-07-11T09:57:32+08:00 ] ::1 /php/6-30/index.php/Home/News/pl_ajax.html
INFO: [ app_init ] --START--
INFO: Run Behavior\BuildLiteBehavior [ RunTime:0.000000s ]
INFO: [ app_init ] --END-- [ RunTime:0.001000s ]
INFO: [ app_begin ] --START--
INFO: Run Behavior\ReadHtmlCacheBehavior [ RunTime:0.002000s ]
INFO: [ app_begin ] --END-- [ RunTime:0.002000s ]
SQL: SHOW COLUMNS FROM `news_type` [ RunTime:0.0030s ]
SQL: SELECT * FROM `news_type` ORDER BY sno asc  [ RunTime:0.0010s ]
SQL: SHOW COLUMNS FROM `message` [ RunTime:0.0050s ]
SQL: INSERT INTO `message` (`newsid`,`content`,`userid`,`shijian`) VALUES ('65','8','1','2017-07-11 09:57:32') [ RunTime:0.0200s ]

[ 2017-07-11T12:06:41+08:00 ] ::1 /php/6-30/index.php/Home/Index/index.html
INFO: [ app_init ] --START--
INFO: Run Behavior\BuildLiteBehavior [ RunTime:0.000000s ]
INFO: [ app_init ] --END-- [ RunTime:0.001000s ]
INFO: [ app_begin ] --START--
INFO: Run Behavior\ReadHtmlCacheBehavior [ RunTime:0.001000s ]
INFO: [ app_begin ] --END-- [ RunTime:0.001000s ]
SQL: SHOW COLUMNS FROM `news_type` [ RunTime:0.0030s ]
SQL: SELECT * FROM `news_type` ORDER BY sno asc  [ RunTime:0.0000s ]
INFO: [ view_parse ] --START--
INFO: [ template_filter ] --START--
INFO: Run Behavior\ContentReplaceBehavior [ RunTime:0.001000s ]
INFO: [ template_filter ] --END-- [ RunTime:0.001000s ]
INFO: Run Behavior\ParseTemplateBehavior [ RunTime:0.030000s ]
INFO: [ view_parse ] --END-- [ RunTime:0.030000s ]
INFO: [ view_filter ] --START--
INFO: Run Behavior\WriteHtmlCacheBehavior [ RunTime:0.000000s ]
INFO: [ view_filter ] --END-- [ RunTime:0.000000s ]
INFO: [ app_end ] --START--
INFO: Run Behavior\ShowPageTraceBehavior [ RunTime:0.001000s ]
INFO: [ app_end ] --END-- [ RunTime:0.001000s ]

